{"C:\\Users\\abdul\\OneDrive\\Desktop\\New folder\\CI-CD-Project\\remotehire-frontend\\src\\config.js": {"path":"C:\\Users\\abdul\\OneDrive\\Desktop\\New folder\\CI-CD-Project\\remotehire-frontend\\src\\config.js","statementMap":{"0":{"start":{"line":7,"column":2},"end":{"line":8,"column":42}},"1":{"start":{"line":11,"column":2},"end":{"line":14,"column":48}},"2":{"start":{"line":16,"column":0},"end":{"line":16,"column":null}}},"fnMap":{},"branchMap":{"0":{"loc":{"start":{"line":7,"column":2},"end":{"line":8,"column":42}},"type":"binary-expr","locations":[{"start":{"line":7,"column":2},"end":{"line":7,"column":42}},{"start":{"line":8,"column":2},"end":{"line":8,"column":42}}],"line":7},"1":{"loc":{"start":{"line":11,"column":2},"end":{"line":14,"column":48}},"type":"binary-expr","locations":[{"start":{"line":11,"column":2},"end":{"line":11,"column":21}},{"start":{"line":12,"column":3},"end":{"line":14,"column":47}}],"line":11},"2":{"loc":{"start":{"line":12,"column":3},"end":{"line":14,"column":47}},"type":"cond-expr","locations":[{"start":{"line":13,"column":6},"end":{"line":13,"column":null}},{"start":{"line":14,"column":6},"end":{"line":14,"column":47}}],"line":12}},"s":{"0":8,"1":8,"2":8},"f":{},"b":{"0":[8,0],"1":[8,0],"2":[0,0]},"meta":{"lastBranch":3,"lastFunction":0,"lastStatement":3,"seen":{"s:7:2:8:42":0,"b:7:2:7:42:8:2:8:42":0,"s:11:2:14:48":1,"b:11:2:11:21:12:3:14:47":1,"b:13:6:13:Infinity:14:6:14:47":2,"s:16:0:16:Infinity":2}}}
,"C:\\Users\\abdul\\OneDrive\\Desktop\\New folder\\CI-CD-Project\\remotehire-frontend\\src\\components\\CandidateNav.jsx": {"path":"C:\\Users\\abdul\\OneDrive\\Desktop\\New folder\\CI-CD-Project\\remotehire-frontend\\src\\components\\CandidateNav.jsx","statementMap":{"0":{"start":{"line":12,"column":28},"end":{"line":179,"column":null}},"1":{"start":{"line":18,"column":42},"end":{"line":18,"column":null}},"2":{"start":{"line":20,"column":19},"end":{"line":25,"column":null}},"3":{"start":{"line":27,"column":23},"end":{"line":31,"column":null}},"4":{"start":{"line":28,"column":4},"end":{"line":28,"column":null}},"5":{"start":{"line":29,"column":4},"end":{"line":29,"column":null}},"6":{"start":{"line":30,"column":4},"end":{"line":30,"column":null}},"7":{"start":{"line":33,"column":2},"end":{"line":177,"column":null}},"8":{"start":{"line":67,"column":14},"end":{"line":81,"column":null}},"9":{"start":{"line":129,"column":29},"end":{"line":129,"column":null}},"10":{"start":{"line":145,"column":14},"end":{"line":159,"column":null}}},"fnMap":{"0":{"name":"(anonymous_0)","decl":{"start":{"line":12,"column":28},"end":{"line":12,"column":29}},"loc":{"start":{"line":17,"column":6},"end":{"line":179,"column":null}},"line":17},"1":{"name":"(anonymous_1)","decl":{"start":{"line":27,"column":23},"end":{"line":27,"column":29}},"loc":{"start":{"line":27,"column":29},"end":{"line":31,"column":null}},"line":27},"2":{"name":"(anonymous_2)","decl":{"start":{"line":66,"column":26},"end":{"line":66,"column":27}},"loc":{"start":{"line":67,"column":14},"end":{"line":81,"column":null}},"line":67},"3":{"name":"(anonymous_3)","decl":{"start":{"line":129,"column":23},"end":{"line":129,"column":29}},"loc":{"start":{"line":129,"column":29},"end":{"line":129,"column":null}},"line":129},"4":{"name":"(anonymous_4)","decl":{"start":{"line":144,"column":26},"end":{"line":144,"column":27}},"loc":{"start":{"line":145,"column":14},"end":{"line":159,"column":null}},"line":145}},"branchMap":{"0":{"loc":{"start":{"line":36,"column":8},"end":{"line":38,"column":null}},"type":"cond-expr","locations":[{"start":{"line":37,"column":12},"end":{"line":37,"column":null}},{"start":{"line":38,"column":12},"end":{"line":38,"column":null}}],"line":36},"1":{"loc":{"start":{"line":47,"column":16},"end":{"line":47,"column":null}},"type":"cond-expr","locations":[{"start":{"line":47,"column":27},"end":{"line":47,"column":48}},{"start":{"line":47,"column":48},"end":{"line":47,"column":null}}],"line":47},"2":{"loc":{"start":{"line":52,"column":27},"end":{"line":52,"column":null}},"type":"cond-expr","locations":[{"start":{"line":52,"column":38},"end":{"line":52,"column":58}},{"start":{"line":52,"column":58},"end":{"line":52,"column":null}}],"line":52},"3":{"loc":{"start":{"line":57,"column":16},"end":{"line":57,"column":null}},"type":"cond-expr","locations":[{"start":{"line":57,"column":27},"end":{"line":57,"column":42}},{"start":{"line":57,"column":42},"end":{"line":57,"column":null}}],"line":57},"4":{"loc":{"start":{"line":71,"column":18},"end":{"line":77,"column":null}},"type":"cond-expr","locations":[{"start":{"line":72,"column":22},"end":{"line":74,"column":null}},{"start":{"line":75,"column":22},"end":{"line":77,"column":null}}],"line":71},"5":{"loc":{"start":{"line":72,"column":22},"end":{"line":74,"column":null}},"type":"cond-expr","locations":[{"start":{"line":73,"column":24},"end":{"line":73,"column":null}},{"start":{"line":74,"column":24},"end":{"line":74,"column":null}}],"line":72},"6":{"loc":{"start":{"line":75,"column":22},"end":{"line":77,"column":null}},"type":"cond-expr","locations":[{"start":{"line":76,"column":22},"end":{"line":76,"column":null}},{"start":{"line":77,"column":22},"end":{"line":77,"column":null}}],"line":75},"7":{"loc":{"start":{"line":92,"column":16},"end":{"line":94,"column":null}},"type":"cond-expr","locations":[{"start":{"line":93,"column":20},"end":{"line":93,"column":null}},{"start":{"line":94,"column":20},"end":{"line":94,"column":null}}],"line":92},"8":{"loc":{"start":{"line":97,"column":15},"end":{"line":97,"column":null}},"type":"cond-expr","locations":[{"start":{"line":97,"column":26},"end":{"line":97,"column":33}},{"start":{"line":97,"column":33},"end":{"line":97,"column":null}}],"line":97},"9":{"loc":{"start":{"line":102,"column":15},"end":{"line":111,"column":null}},"type":"binary-expr","locations":[{"start":{"line":102,"column":15},"end":{"line":102,"column":null}},{"start":{"line":103,"column":16},"end":{"line":111,"column":null}}],"line":102},"10":{"loc":{"start":{"line":105,"column":20},"end":{"line":107,"column":null}},"type":"cond-expr","locations":[{"start":{"line":106,"column":24},"end":{"line":106,"column":null}},{"start":{"line":107,"column":24},"end":{"line":107,"column":null}}],"line":105},"11":{"loc":{"start":{"line":118,"column":18},"end":{"line":120,"column":null}},"type":"cond-expr","locations":[{"start":{"line":119,"column":22},"end":{"line":119,"column":null}},{"start":{"line":120,"column":22},"end":{"line":120,"column":null}}],"line":118},"12":{"loc":{"start":{"line":131,"column":16},"end":{"line":133,"column":null}},"type":"cond-expr","locations":[{"start":{"line":132,"column":20},"end":{"line":132,"column":null}},{"start":{"line":133,"column":20},"end":{"line":133,"column":null}}],"line":131},"13":{"loc":{"start":{"line":136,"column":15},"end":{"line":136,"column":null}},"type":"cond-expr","locations":[{"start":{"line":136,"column":32},"end":{"line":136,"column":50}},{"start":{"line":136,"column":50},"end":{"line":136,"column":null}}],"line":136},"14":{"loc":{"start":{"line":142,"column":9},"end":{"line":174,"column":null}},"type":"binary-expr","locations":[{"start":{"line":142,"column":9},"end":{"line":142,"column":null}},{"start":{"line":143,"column":10},"end":{"line":174,"column":null}}],"line":142},"15":{"loc":{"start":{"line":149,"column":18},"end":{"line":155,"column":null}},"type":"cond-expr","locations":[{"start":{"line":150,"column":22},"end":{"line":152,"column":null}},{"start":{"line":153,"column":22},"end":{"line":155,"column":null}}],"line":149},"16":{"loc":{"start":{"line":150,"column":22},"end":{"line":152,"column":null}},"type":"cond-expr","locations":[{"start":{"line":151,"column":24},"end":{"line":151,"column":null}},{"start":{"line":152,"column":24},"end":{"line":152,"column":null}}],"line":150},"17":{"loc":{"start":{"line":153,"column":22},"end":{"line":155,"column":null}},"type":"cond-expr","locations":[{"start":{"line":154,"column":22},"end":{"line":154,"column":null}},{"start":{"line":155,"column":22},"end":{"line":155,"column":null}}],"line":153},"18":{"loc":{"start":{"line":165,"column":18},"end":{"line":167,"column":null}},"type":"cond-expr","locations":[{"start":{"line":166,"column":22},"end":{"line":166,"column":null}},{"start":{"line":167,"column":22},"end":{"line":167,"column":null}}],"line":165}},"s":{"0":7,"1":10,"2":10,"3":10,"4":1,"5":1,"6":1,"7":10,"8":40,"9":0,"10":0},"f":{"0":10,"1":1,"2":40,"3":0,"4":0},"b":{"0":[0,10],"1":[0,10],"2":[0,10],"3":[0,10],"4":[9,31],"5":[0,9],"6":[0,31],"7":[0,10],"8":[0,10],"9":[10,4],"10":[0,4],"11":[0,10],"12":[0,10],"13":[0,10],"14":[10,0],"15":[0,0],"16":[0,0],"17":[0,0],"18":[0,0]},"meta":{"lastBranch":19,"lastFunction":5,"lastStatement":11,"seen":{"s:12:28:179:Infinity":0,"f:12:28:12:29":0,"s:18:42:18:Infinity":1,"s:20:19:25:Infinity":2,"s:27:23:31:Infinity":3,"f:27:23:27:29":1,"s:28:4:28:Infinity":4,"s:29:4:29:Infinity":5,"s:30:4:30:Infinity":6,"s:33:2:177:Infinity":7,"b:37:12:37:Infinity:38:12:38:Infinity":0,"b:47:27:47:48:47:48:47:Infinity":1,"b:52:38:52:58:52:58:52:Infinity":2,"b:57:27:57:42:57:42:57:Infinity":3,"f:66:26:66:27":2,"s:67:14:81:Infinity":8,"b:72:22:74:Infinity:75:22:77:Infinity":4,"b:73:24:73:Infinity:74:24:74:Infinity":5,"b:76:22:76:Infinity:77:22:77:Infinity":6,"b:93:20:93:Infinity:94:20:94:Infinity":7,"b:97:26:97:33:97:33:97:Infinity":8,"b:102:15:102:Infinity:103:16:111:Infinity":9,"b:106:24:106:Infinity:107:24:107:Infinity":10,"b:119:22:119:Infinity:120:22:120:Infinity":11,"f:129:23:129:29":3,"s:129:29:129:Infinity":9,"b:132:20:132:Infinity:133:20:133:Infinity":12,"b:136:32:136:50:136:50:136:Infinity":13,"b:142:9:142:Infinity:143:10:174:Infinity":14,"f:144:26:144:27":4,"s:145:14:159:Infinity":10,"b:150:22:152:Infinity:153:22:155:Infinity":15,"b:151:24:151:Infinity:152:24:152:Infinity":16,"b:154:22:154:Infinity:155:22:155:Infinity":17,"b:166:22:166:Infinity:167:22:167:Infinity":18}}}
,"C:\\Users\\abdul\\OneDrive\\Desktop\\New folder\\CI-CD-Project\\remotehire-frontend\\src\\components\\Header.jsx": {"path":"C:\\Users\\abdul\\OneDrive\\Desktop\\New folder\\CI-CD-Project\\remotehire-frontend\\src\\components\\Header.jsx","statementMap":{"0":{"start":{"line":2,"column":22},"end":{"line":4,"column":null}},"1":{"start":{"line":3,"column":2},"end":{"line":3,"column":null}}},"fnMap":{"0":{"name":"(anonymous_0)","decl":{"start":{"line":2,"column":22},"end":{"line":2,"column":23}},"loc":{"start":{"line":2,"column":56},"end":{"line":4,"column":null}},"line":2}},"branchMap":{},"s":{"0":2,"1":2},"f":{"0":2},"b":{},"meta":{"lastBranch":0,"lastFunction":1,"lastStatement":2,"seen":{"s:2:22:4:Infinity":0,"f:2:22:2:23":0,"s:3:2:3:Infinity":1}}}
,"C:\\Users\\abdul\\OneDrive\\Desktop\\New folder\\CI-CD-Project\\remotehire-frontend\\src\\components\\JobDetailsModal.jsx": {"path":"C:\\Users\\abdul\\OneDrive\\Desktop\\New folder\\CI-CD-Project\\remotehire-frontend\\src\\components\\JobDetailsModal.jsx","statementMap":{"0":{"start":{"line":4,"column":31},"end":{"line":376,"column":null}},"1":{"start":{"line":12,"column":2},"end":{"line":12,"column":null}},"2":{"start":{"line":12,"column":23},"end":{"line":12,"column":null}},"3":{"start":{"line":14,"column":2},"end":{"line":374,"column":null}},"4":{"start":{"line":213,"column":30},"end":{"line":222,"column":null}},"5":{"start":{"line":242,"column":30},"end":{"line":251,"column":null}},"6":{"start":{"line":271,"column":30},"end":{"line":280,"column":null}},"7":{"start":{"line":327,"column":14},"end":{"line":327,"column":null}},"8":{"start":{"line":328,"column":14},"end":{"line":328,"column":null}}},"fnMap":{"0":{"name":"(anonymous_0)","decl":{"start":{"line":4,"column":31},"end":{"line":4,"column":32}},"loc":{"start":{"line":11,"column":6},"end":{"line":376,"column":null}},"line":11},"1":{"name":"(anonymous_1)","decl":{"start":{"line":212,"column":28},"end":{"line":212,"column":29}},"loc":{"start":{"line":213,"column":30},"end":{"line":222,"column":null}},"line":213},"2":{"name":"(anonymous_2)","decl":{"start":{"line":241,"column":28},"end":{"line":241,"column":29}},"loc":{"start":{"line":242,"column":30},"end":{"line":251,"column":null}},"line":242},"3":{"name":"(anonymous_3)","decl":{"start":{"line":270,"column":28},"end":{"line":270,"column":29}},"loc":{"start":{"line":271,"column":30},"end":{"line":280,"column":null}},"line":271},"4":{"name":"(anonymous_4)","decl":{"start":{"line":326,"column":21},"end":{"line":326,"column":27}},"loc":{"start":{"line":326,"column":27},"end":{"line":329,"column":null}},"line":326}},"branchMap":{"0":{"loc":{"start":{"line":12,"column":2},"end":{"line":12,"column":null}},"type":"if","locations":[{"start":{"line":12,"column":2},"end":{"line":12,"column":null}},{"start":{},"end":{}}],"line":12},"1":{"loc":{"start":{"line":12,"column":6},"end":{"line":12,"column":23}},"type":"binary-expr","locations":[{"start":{"line":12,"column":6},"end":{"line":12,"column":17}},{"start":{"line":12,"column":17},"end":{"line":12,"column":23}}],"line":12},"2":{"loc":{"start":{"line":25,"column":10},"end":{"line":27,"column":null}},"type":"cond-expr","locations":[{"start":{"line":26,"column":14},"end":{"line":26,"column":null}},{"start":{"line":27,"column":14},"end":{"line":27,"column":null}}],"line":25},"3":{"loc":{"start":{"line":33,"column":12},"end":{"line":35,"column":null}},"type":"cond-expr","locations":[{"start":{"line":34,"column":16},"end":{"line":34,"column":null}},{"start":{"line":35,"column":16},"end":{"line":35,"column":null}}],"line":33},"4":{"loc":{"start":{"line":42,"column":18},"end":{"line":44,"column":null}},"type":"cond-expr","locations":[{"start":{"line":43,"column":22},"end":{"line":43,"column":null}},{"start":{"line":44,"column":22},"end":{"line":44,"column":null}}],"line":42},"5":{"loc":{"start":{"line":52,"column":20},"end":{"line":52,"column":null}},"type":"cond-expr","locations":[{"start":{"line":52,"column":31},"end":{"line":52,"column":46}},{"start":{"line":52,"column":46},"end":{"line":52,"column":null}}],"line":52},"6":{"loc":{"start":{"line":59,"column":20},"end":{"line":59,"column":null}},"type":"cond-expr","locations":[{"start":{"line":59,"column":31},"end":{"line":59,"column":50}},{"start":{"line":59,"column":50},"end":{"line":59,"column":null}}],"line":59},"7":{"loc":{"start":{"line":64,"column":21},"end":{"line":64,"column":null}},"type":"binary-expr","locations":[{"start":{"line":64,"column":21},"end":{"line":64,"column":38}},{"start":{"line":64,"column":38},"end":{"line":64,"column":null}}],"line":64},"8":{"loc":{"start":{"line":72,"column":16},"end":{"line":74,"column":null}},"type":"cond-expr","locations":[{"start":{"line":73,"column":20},"end":{"line":73,"column":null}},{"start":{"line":74,"column":20},"end":{"line":74,"column":null}}],"line":72},"9":{"loc":{"start":{"line":85,"column":12},"end":{"line":85,"column":null}},"type":"cond-expr","locations":[{"start":{"line":85,"column":23},"end":{"line":85,"column":42}},{"start":{"line":85,"column":42},"end":{"line":85,"column":null}}],"line":85},"10":{"loc":{"start":{"line":93,"column":18},"end":{"line":95,"column":null}},"type":"cond-expr","locations":[{"start":{"line":94,"column":22},"end":{"line":94,"column":null}},{"start":{"line":95,"column":22},"end":{"line":95,"column":null}}],"line":93},"11":{"loc":{"start":{"line":98,"column":20},"end":{"line":98,"column":null}},"type":"binary-expr","locations":[{"start":{"line":98,"column":20},"end":{"line":98,"column":34}},{"start":{"line":98,"column":34},"end":{"line":98,"column":null}}],"line":98},"12":{"loc":{"start":{"line":106,"column":18},"end":{"line":106,"column":null}},"type":"cond-expr","locations":[{"start":{"line":106,"column":29},"end":{"line":106,"column":44}},{"start":{"line":106,"column":44},"end":{"line":106,"column":null}}],"line":106},"13":{"loc":{"start":{"line":111,"column":29},"end":{"line":111,"column":null}},"type":"cond-expr","locations":[{"start":{"line":111,"column":40},"end":{"line":111,"column":60}},{"start":{"line":111,"column":60},"end":{"line":111,"column":null}}],"line":111},"14":{"loc":{"start":{"line":117,"column":18},"end":{"line":117,"column":null}},"type":"cond-expr","locations":[{"start":{"line":117,"column":29},"end":{"line":117,"column":48}},{"start":{"line":117,"column":48},"end":{"line":117,"column":null}}],"line":117},"15":{"loc":{"start":{"line":120,"column":17},"end":{"line":120,"column":null}},"type":"binary-expr","locations":[{"start":{"line":120,"column":17},"end":{"line":120,"column":36}},{"start":{"line":120,"column":36},"end":{"line":120,"column":null}}],"line":120},"16":{"loc":{"start":{"line":125,"column":13},"end":{"line":287,"column":null}},"type":"binary-expr","locations":[{"start":{"line":125,"column":13},"end":{"line":125,"column":33}},{"start":{"line":125,"column":33},"end":{"line":125,"column":null}},{"start":{"line":126,"column":14},"end":{"line":287,"column":null}}],"line":125},"17":{"loc":{"start":{"line":129,"column":20},"end":{"line":129,"column":null}},"type":"cond-expr","locations":[{"start":{"line":129,"column":31},"end":{"line":129,"column":46}},{"start":{"line":129,"column":46},"end":{"line":129,"column":null}}],"line":129},"18":{"loc":{"start":{"line":134,"column":31},"end":{"line":134,"column":null}},"type":"cond-expr","locations":[{"start":{"line":134,"column":42},"end":{"line":134,"column":62}},{"start":{"line":134,"column":62},"end":{"line":134,"column":null}}],"line":134},"19":{"loc":{"start":{"line":140,"column":19},"end":{"line":172,"column":null}},"type":"binary-expr","locations":[{"start":{"line":140,"column":19},"end":{"line":140,"column":null}},{"start":{"line":141,"column":20},"end":{"line":172,"column":null}}],"line":140},"20":{"loc":{"start":{"line":143,"column":24},"end":{"line":145,"column":null}},"type":"cond-expr","locations":[{"start":{"line":144,"column":28},"end":{"line":144,"column":null}},{"start":{"line":145,"column":28},"end":{"line":145,"column":null}}],"line":143},"21":{"loc":{"start":{"line":151,"column":28},"end":{"line":151,"column":null}},"type":"cond-expr","locations":[{"start":{"line":151,"column":39},"end":{"line":151,"column":59}},{"start":{"line":151,"column":59},"end":{"line":151,"column":null}}],"line":151},"22":{"loc":{"start":{"line":158,"column":30},"end":{"line":158,"column":null}},"type":"cond-expr","locations":[{"start":{"line":158,"column":41},"end":{"line":158,"column":60}},{"start":{"line":158,"column":60},"end":{"line":158,"column":null}}],"line":158},"23":{"loc":{"start":{"line":165,"column":30},"end":{"line":165,"column":null}},"type":"cond-expr","locations":[{"start":{"line":165,"column":41},"end":{"line":165,"column":56}},{"start":{"line":165,"column":56},"end":{"line":165,"column":null}}],"line":165},"24":{"loc":{"start":{"line":175,"column":19},"end":{"line":197,"column":null}},"type":"binary-expr","locations":[{"start":{"line":175,"column":19},"end":{"line":175,"column":null}},{"start":{"line":176,"column":20},"end":{"line":197,"column":null}}],"line":175},"25":{"loc":{"start":{"line":178,"column":24},"end":{"line":180,"column":null}},"type":"cond-expr","locations":[{"start":{"line":179,"column":28},"end":{"line":179,"column":null}},{"start":{"line":180,"column":28},"end":{"line":180,"column":null}}],"line":178},"26":{"loc":{"start":{"line":185,"column":26},"end":{"line":185,"column":null}},"type":"cond-expr","locations":[{"start":{"line":185,"column":37},"end":{"line":185,"column":56}},{"start":{"line":185,"column":56},"end":{"line":185,"column":null}}],"line":185},"27":{"loc":{"start":{"line":192,"column":26},"end":{"line":192,"column":null}},"type":"cond-expr","locations":[{"start":{"line":192,"column":37},"end":{"line":192,"column":52}},{"start":{"line":192,"column":52},"end":{"line":192,"column":null}}],"line":192},"28":{"loc":{"start":{"line":200,"column":19},"end":{"line":226,"column":null}},"type":"binary-expr","locations":[{"start":{"line":200,"column":19},"end":{"line":200,"column":null}},{"start":{"line":201,"column":20},"end":{"line":201,"column":null}},{"start":{"line":202,"column":22},"end":{"line":226,"column":null}}],"line":200},"29":{"loc":{"start":{"line":205,"column":28},"end":{"line":205,"column":null}},"type":"cond-expr","locations":[{"start":{"line":205,"column":39},"end":{"line":205,"column":58}},{"start":{"line":205,"column":58},"end":{"line":205,"column":null}}],"line":205},"30":{"loc":{"start":{"line":216,"column":34},"end":{"line":218,"column":null}},"type":"cond-expr","locations":[{"start":{"line":217,"column":38},"end":{"line":217,"column":null}},{"start":{"line":218,"column":38},"end":{"line":218,"column":null}}],"line":216},"31":{"loc":{"start":{"line":229,"column":19},"end":{"line":255,"column":null}},"type":"binary-expr","locations":[{"start":{"line":229,"column":19},"end":{"line":229,"column":null}},{"start":{"line":230,"column":20},"end":{"line":230,"column":null}},{"start":{"line":231,"column":22},"end":{"line":255,"column":null}}],"line":229},"32":{"loc":{"start":{"line":234,"column":28},"end":{"line":234,"column":null}},"type":"cond-expr","locations":[{"start":{"line":234,"column":39},"end":{"line":234,"column":58}},{"start":{"line":234,"column":58},"end":{"line":234,"column":null}}],"line":234},"33":{"loc":{"start":{"line":245,"column":34},"end":{"line":247,"column":null}},"type":"cond-expr","locations":[{"start":{"line":246,"column":38},"end":{"line":246,"column":null}},{"start":{"line":247,"column":38},"end":{"line":247,"column":null}}],"line":245},"34":{"loc":{"start":{"line":258,"column":19},"end":{"line":284,"column":null}},"type":"binary-expr","locations":[{"start":{"line":258,"column":19},"end":{"line":258,"column":null}},{"start":{"line":259,"column":20},"end":{"line":259,"column":null}},{"start":{"line":260,"column":22},"end":{"line":284,"column":null}}],"line":258},"35":{"loc":{"start":{"line":263,"column":28},"end":{"line":263,"column":null}},"type":"cond-expr","locations":[{"start":{"line":263,"column":39},"end":{"line":263,"column":58}},{"start":{"line":263,"column":58},"end":{"line":263,"column":null}}],"line":263},"36":{"loc":{"start":{"line":274,"column":34},"end":{"line":276,"column":null}},"type":"cond-expr","locations":[{"start":{"line":275,"column":38},"end":{"line":275,"column":null}},{"start":{"line":276,"column":38},"end":{"line":276,"column":null}}],"line":274},"37":{"loc":{"start":{"line":293,"column":16},"end":{"line":293,"column":null}},"type":"cond-expr","locations":[{"start":{"line":293,"column":27},"end":{"line":293,"column":51}},{"start":{"line":293,"column":51},"end":{"line":293,"column":null}}],"line":293},"38":{"loc":{"start":{"line":298,"column":18},"end":{"line":298,"column":null}},"type":"cond-expr","locations":[{"start":{"line":298,"column":29},"end":{"line":298,"column":48}},{"start":{"line":298,"column":48},"end":{"line":298,"column":null}}],"line":298},"39":{"loc":{"start":{"line":310,"column":12},"end":{"line":312,"column":null}},"type":"cond-expr","locations":[{"start":{"line":311,"column":16},"end":{"line":311,"column":null}},{"start":{"line":312,"column":16},"end":{"line":312,"column":null}}],"line":310},"40":{"loc":{"start":{"line":318,"column":14},"end":{"line":320,"column":null}},"type":"cond-expr","locations":[{"start":{"line":319,"column":18},"end":{"line":319,"column":null}},{"start":{"line":320,"column":18},"end":{"line":320,"column":null}}],"line":318},"41":{"loc":{"start":{"line":332,"column":14},"end":{"line":338,"column":null}},"type":"cond-expr","locations":[{"start":{"line":333,"column":18},"end":{"line":335,"column":null}},{"start":{"line":336,"column":18},"end":{"line":338,"column":null}}],"line":332},"42":{"loc":{"start":{"line":333,"column":18},"end":{"line":335,"column":null}},"type":"cond-expr","locations":[{"start":{"line":334,"column":20},"end":{"line":334,"column":null}},{"start":{"line":335,"column":20},"end":{"line":335,"column":null}}],"line":333},"43":{"loc":{"start":{"line":336,"column":18},"end":{"line":338,"column":null}},"type":"cond-expr","locations":[{"start":{"line":337,"column":18},"end":{"line":337,"column":null}},{"start":{"line":338,"column":18},"end":{"line":338,"column":null}}],"line":336},"44":{"loc":{"start":{"line":341,"column":13},"end":{"line":341,"column":null}},"type":"cond-expr","locations":[{"start":{"line":341,"column":25},"end":{"line":341,"column":47}},{"start":{"line":341,"column":47},"end":{"line":341,"column":null}}],"line":341}},"s":{"0":3,"1":6,"2":2,"3":4,"4":4,"5":2,"6":2,"7":2,"8":2},"f":{"0":6,"1":4,"2":2,"3":2,"4":2},"b":{"0":[2,4],"1":[6,4],"2":[0,4],"3":[0,4],"4":[0,4],"5":[0,4],"6":[0,4],"7":[6,2],"8":[0,4],"9":[0,4],"10":[0,4],"11":[6,2],"12":[0,4],"13":[0,4],"14":[0,4],"15":[6,2],"16":[6,4,2],"17":[0,2],"18":[0,2],"19":[2,2],"20":[0,2],"21":[0,2],"22":[0,2],"23":[0,2],"24":[2,2],"25":[0,2],"26":[0,2],"27":[0,2],"28":[2,2,2],"29":[0,2],"30":[0,4],"31":[2,2,2],"32":[0,2],"33":[0,2],"34":[2,2,2],"35":[0,2],"36":[0,2],"37":[0,4],"38":[0,4],"39":[0,4],"40":[0,4],"41":[1,3],"42":[0,1],"43":[0,3],"44":[1,3]},"meta":{"lastBranch":45,"lastFunction":5,"lastStatement":9,"seen":{"s:4:31:376:Infinity":0,"f:4:31:4:32":0,"b:12:2:12:Infinity:undefined:undefined:undefined:undefined":0,"s:12:2:12:Infinity":1,"b:12:6:12:17:12:17:12:23":1,"s:12:23:12:Infinity":2,"s:14:2:374:Infinity":3,"b:26:14:26:Infinity:27:14:27:Infinity":2,"b:34:16:34:Infinity:35:16:35:Infinity":3,"b:43:22:43:Infinity:44:22:44:Infinity":4,"b:52:31:52:46:52:46:52:Infinity":5,"b:59:31:59:50:59:50:59:Infinity":6,"b:64:21:64:38:64:38:64:Infinity":7,"b:73:20:73:Infinity:74:20:74:Infinity":8,"b:85:23:85:42:85:42:85:Infinity":9,"b:94:22:94:Infinity:95:22:95:Infinity":10,"b:98:20:98:34:98:34:98:Infinity":11,"b:106:29:106:44:106:44:106:Infinity":12,"b:111:40:111:60:111:60:111:Infinity":13,"b:117:29:117:48:117:48:117:Infinity":14,"b:120:17:120:36:120:36:120:Infinity":15,"b:125:13:125:33:125:33:125:Infinity:126:14:287:Infinity":16,"b:129:31:129:46:129:46:129:Infinity":17,"b:134:42:134:62:134:62:134:Infinity":18,"b:140:19:140:Infinity:141:20:172:Infinity":19,"b:144:28:144:Infinity:145:28:145:Infinity":20,"b:151:39:151:59:151:59:151:Infinity":21,"b:158:41:158:60:158:60:158:Infinity":22,"b:165:41:165:56:165:56:165:Infinity":23,"b:175:19:175:Infinity:176:20:197:Infinity":24,"b:179:28:179:Infinity:180:28:180:Infinity":25,"b:185:37:185:56:185:56:185:Infinity":26,"b:192:37:192:52:192:52:192:Infinity":27,"b:200:19:200:Infinity:201:20:201:Infinity:202:22:226:Infinity":28,"b:205:39:205:58:205:58:205:Infinity":29,"f:212:28:212:29":1,"s:213:30:222:Infinity":4,"b:217:38:217:Infinity:218:38:218:Infinity":30,"b:229:19:229:Infinity:230:20:230:Infinity:231:22:255:Infinity":31,"b:234:39:234:58:234:58:234:Infinity":32,"f:241:28:241:29":2,"s:242:30:251:Infinity":5,"b:246:38:246:Infinity:247:38:247:Infinity":33,"b:258:19:258:Infinity:259:20:259:Infinity:260:22:284:Infinity":34,"b:263:39:263:58:263:58:263:Infinity":35,"f:270:28:270:29":3,"s:271:30:280:Infinity":6,"b:275:38:275:Infinity:276:38:276:Infinity":36,"b:293:27:293:51:293:51:293:Infinity":37,"b:298:29:298:48:298:48:298:Infinity":38,"b:311:16:311:Infinity:312:16:312:Infinity":39,"b:319:18:319:Infinity:320:18:320:Infinity":40,"f:326:21:326:27":4,"s:327:14:327:Infinity":7,"s:328:14:328:Infinity":8,"b:333:18:335:Infinity:336:18:338:Infinity":41,"b:334:20:334:Infinity:335:20:335:Infinity":42,"b:337:18:337:Infinity:338:18:338:Infinity":43,"b:341:25:341:47:341:47:341:Infinity":44}}}
,"C:\\Users\\abdul\\OneDrive\\Desktop\\New folder\\CI-CD-Project\\remotehire-frontend\\src\\components\\LandingNav.jsx": {"path":"C:\\Users\\abdul\\OneDrive\\Desktop\\New folder\\CI-CD-Project\\remotehire-frontend\\src\\components\\LandingNav.jsx","statementMap":{"0":{"start":{"line":10,"column":26},"end":{"line":76,"column":null}},"1":{"start":{"line":11,"column":2},"end":{"line":74,"column":null}}},"fnMap":{"0":{"name":"(anonymous_0)","decl":{"start":{"line":10,"column":26},"end":{"line":10,"column":27}},"loc":{"start":{"line":10,"column":62},"end":{"line":76,"column":null}},"line":10}},"branchMap":{"0":{"loc":{"start":{"line":14,"column":8},"end":{"line":16,"column":null}},"type":"cond-expr","locations":[{"start":{"line":15,"column":12},"end":{"line":15,"column":null}},{"start":{"line":16,"column":12},"end":{"line":16,"column":null}}],"line":14},"1":{"loc":{"start":{"line":23,"column":14},"end":{"line":23,"column":null}},"type":"cond-expr","locations":[{"start":{"line":23,"column":25},"end":{"line":23,"column":46}},{"start":{"line":23,"column":46},"end":{"line":23,"column":null}}],"line":23},"2":{"loc":{"start":{"line":28,"column":25},"end":{"line":28,"column":null}},"type":"cond-expr","locations":[{"start":{"line":28,"column":36},"end":{"line":28,"column":56}},{"start":{"line":28,"column":56},"end":{"line":28,"column":null}}],"line":28},"3":{"loc":{"start":{"line":33,"column":14},"end":{"line":33,"column":null}},"type":"cond-expr","locations":[{"start":{"line":33,"column":25},"end":{"line":33,"column":40}},{"start":{"line":33,"column":40},"end":{"line":33,"column":null}}],"line":33},"4":{"loc":{"start":{"line":44,"column":14},"end":{"line":46,"column":null}},"type":"cond-expr","locations":[{"start":{"line":45,"column":18},"end":{"line":45,"column":null}},{"start":{"line":46,"column":18},"end":{"line":46,"column":null}}],"line":44},"5":{"loc":{"start":{"line":49,"column":13},"end":{"line":49,"column":null}},"type":"cond-expr","locations":[{"start":{"line":49,"column":24},"end":{"line":49,"column":31}},{"start":{"line":49,"column":31},"end":{"line":49,"column":null}}],"line":49},"6":{"loc":{"start":{"line":54,"column":14},"end":{"line":56,"column":null}},"type":"cond-expr","locations":[{"start":{"line":55,"column":18},"end":{"line":55,"column":null}},{"start":{"line":56,"column":18},"end":{"line":56,"column":null}}],"line":54},"7":{"loc":{"start":{"line":65,"column":6},"end":{"line":67,"column":null}},"type":"cond-expr","locations":[{"start":{"line":66,"column":10},"end":{"line":66,"column":null}},{"start":{"line":67,"column":10},"end":{"line":67,"column":null}}],"line":65}},"s":{"0":7,"1":12},"f":{"0":12},"b":{"0":[1,11],"1":[1,11],"2":[1,11],"3":[1,11],"4":[1,11],"5":[1,11],"6":[1,11],"7":[1,11]},"meta":{"lastBranch":8,"lastFunction":1,"lastStatement":2,"seen":{"s:10:26:76:Infinity":0,"f:10:26:10:27":0,"s:11:2:74:Infinity":1,"b:15:12:15:Infinity:16:12:16:Infinity":0,"b:23:25:23:46:23:46:23:Infinity":1,"b:28:36:28:56:28:56:28:Infinity":2,"b:33:25:33:40:33:40:33:Infinity":3,"b:45:18:45:Infinity:46:18:46:Infinity":4,"b:49:24:49:31:49:31:49:Infinity":5,"b:55:18:55:Infinity:56:18:56:Infinity":6,"b:66:10:66:Infinity:67:10:67:Infinity":7}}}
,"C:\\Users\\abdul\\OneDrive\\Desktop\\New folder\\CI-CD-Project\\remotehire-frontend\\src\\components\\RecruiterNav.jsx": {"path":"C:\\Users\\abdul\\OneDrive\\Desktop\\New folder\\CI-CD-Project\\remotehire-frontend\\src\\components\\RecruiterNav.jsx","statementMap":{"0":{"start":{"line":12,"column":28},"end":{"line":179,"column":null}},"1":{"start":{"line":18,"column":42},"end":{"line":18,"column":null}},"2":{"start":{"line":20,"column":19},"end":{"line":26,"column":null}},"3":{"start":{"line":28,"column":23},"end":{"line":32,"column":null}},"4":{"start":{"line":29,"column":4},"end":{"line":29,"column":null}},"5":{"start":{"line":30,"column":4},"end":{"line":30,"column":null}},"6":{"start":{"line":31,"column":4},"end":{"line":31,"column":null}},"7":{"start":{"line":34,"column":2},"end":{"line":177,"column":null}},"8":{"start":{"line":68,"column":14},"end":{"line":82,"column":null}},"9":{"start":{"line":129,"column":29},"end":{"line":129,"column":null}},"10":{"start":{"line":145,"column":14},"end":{"line":159,"column":null}}},"fnMap":{"0":{"name":"(anonymous_0)","decl":{"start":{"line":12,"column":28},"end":{"line":12,"column":29}},"loc":{"start":{"line":17,"column":6},"end":{"line":179,"column":null}},"line":17},"1":{"name":"(anonymous_1)","decl":{"start":{"line":28,"column":23},"end":{"line":28,"column":29}},"loc":{"start":{"line":28,"column":29},"end":{"line":32,"column":null}},"line":28},"2":{"name":"(anonymous_2)","decl":{"start":{"line":67,"column":26},"end":{"line":67,"column":27}},"loc":{"start":{"line":68,"column":14},"end":{"line":82,"column":null}},"line":68},"3":{"name":"(anonymous_3)","decl":{"start":{"line":129,"column":23},"end":{"line":129,"column":29}},"loc":{"start":{"line":129,"column":29},"end":{"line":129,"column":null}},"line":129},"4":{"name":"(anonymous_4)","decl":{"start":{"line":144,"column":26},"end":{"line":144,"column":27}},"loc":{"start":{"line":145,"column":14},"end":{"line":159,"column":null}},"line":145}},"branchMap":{"0":{"loc":{"start":{"line":37,"column":8},"end":{"line":39,"column":null}},"type":"cond-expr","locations":[{"start":{"line":38,"column":12},"end":{"line":38,"column":null}},{"start":{"line":39,"column":12},"end":{"line":39,"column":null}}],"line":37},"1":{"loc":{"start":{"line":48,"column":16},"end":{"line":48,"column":null}},"type":"cond-expr","locations":[{"start":{"line":48,"column":27},"end":{"line":48,"column":48}},{"start":{"line":48,"column":48},"end":{"line":48,"column":null}}],"line":48},"2":{"loc":{"start":{"line":53,"column":27},"end":{"line":53,"column":null}},"type":"cond-expr","locations":[{"start":{"line":53,"column":38},"end":{"line":53,"column":58}},{"start":{"line":53,"column":58},"end":{"line":53,"column":null}}],"line":53},"3":{"loc":{"start":{"line":58,"column":16},"end":{"line":58,"column":null}},"type":"cond-expr","locations":[{"start":{"line":58,"column":27},"end":{"line":58,"column":42}},{"start":{"line":58,"column":42},"end":{"line":58,"column":null}}],"line":58},"4":{"loc":{"start":{"line":72,"column":18},"end":{"line":78,"column":null}},"type":"cond-expr","locations":[{"start":{"line":73,"column":22},"end":{"line":75,"column":null}},{"start":{"line":76,"column":22},"end":{"line":78,"column":null}}],"line":72},"5":{"loc":{"start":{"line":73,"column":22},"end":{"line":75,"column":null}},"type":"cond-expr","locations":[{"start":{"line":74,"column":24},"end":{"line":74,"column":null}},{"start":{"line":75,"column":24},"end":{"line":75,"column":null}}],"line":73},"6":{"loc":{"start":{"line":76,"column":22},"end":{"line":78,"column":null}},"type":"cond-expr","locations":[{"start":{"line":77,"column":22},"end":{"line":77,"column":null}},{"start":{"line":78,"column":22},"end":{"line":78,"column":null}}],"line":76},"7":{"loc":{"start":{"line":93,"column":16},"end":{"line":95,"column":null}},"type":"cond-expr","locations":[{"start":{"line":94,"column":20},"end":{"line":94,"column":null}},{"start":{"line":95,"column":20},"end":{"line":95,"column":null}}],"line":93},"8":{"loc":{"start":{"line":98,"column":15},"end":{"line":98,"column":null}},"type":"cond-expr","locations":[{"start":{"line":98,"column":26},"end":{"line":98,"column":33}},{"start":{"line":98,"column":33},"end":{"line":98,"column":null}}],"line":98},"9":{"loc":{"start":{"line":103,"column":15},"end":{"line":112,"column":null}},"type":"binary-expr","locations":[{"start":{"line":103,"column":15},"end":{"line":103,"column":null}},{"start":{"line":104,"column":16},"end":{"line":112,"column":null}}],"line":103},"10":{"loc":{"start":{"line":106,"column":20},"end":{"line":108,"column":null}},"type":"cond-expr","locations":[{"start":{"line":107,"column":24},"end":{"line":107,"column":null}},{"start":{"line":108,"column":24},"end":{"line":108,"column":null}}],"line":106},"11":{"loc":{"start":{"line":118,"column":18},"end":{"line":120,"column":null}},"type":"cond-expr","locations":[{"start":{"line":119,"column":20},"end":{"line":119,"column":null}},{"start":{"line":120,"column":20},"end":{"line":120,"column":null}}],"line":118},"12":{"loc":{"start":{"line":131,"column":16},"end":{"line":133,"column":null}},"type":"cond-expr","locations":[{"start":{"line":132,"column":20},"end":{"line":132,"column":null}},{"start":{"line":133,"column":20},"end":{"line":133,"column":null}}],"line":131},"13":{"loc":{"start":{"line":136,"column":15},"end":{"line":136,"column":null}},"type":"cond-expr","locations":[{"start":{"line":136,"column":32},"end":{"line":136,"column":50}},{"start":{"line":136,"column":50},"end":{"line":136,"column":null}}],"line":136},"14":{"loc":{"start":{"line":142,"column":9},"end":{"line":174,"column":null}},"type":"binary-expr","locations":[{"start":{"line":142,"column":9},"end":{"line":142,"column":null}},{"start":{"line":143,"column":10},"end":{"line":174,"column":null}}],"line":142},"15":{"loc":{"start":{"line":149,"column":18},"end":{"line":155,"column":null}},"type":"cond-expr","locations":[{"start":{"line":150,"column":22},"end":{"line":152,"column":null}},{"start":{"line":153,"column":22},"end":{"line":155,"column":null}}],"line":149},"16":{"loc":{"start":{"line":150,"column":22},"end":{"line":152,"column":null}},"type":"cond-expr","locations":[{"start":{"line":151,"column":24},"end":{"line":151,"column":null}},{"start":{"line":152,"column":24},"end":{"line":152,"column":null}}],"line":150},"17":{"loc":{"start":{"line":153,"column":22},"end":{"line":155,"column":null}},"type":"cond-expr","locations":[{"start":{"line":154,"column":22},"end":{"line":154,"column":null}},{"start":{"line":155,"column":22},"end":{"line":155,"column":null}}],"line":153},"18":{"loc":{"start":{"line":165,"column":18},"end":{"line":167,"column":null}},"type":"cond-expr","locations":[{"start":{"line":166,"column":22},"end":{"line":166,"column":null}},{"start":{"line":167,"column":22},"end":{"line":167,"column":null}}],"line":165}},"s":{"0":7,"1":28,"2":28,"3":28,"4":2,"5":2,"6":2,"7":28,"8":140,"9":0,"10":0},"f":{"0":28,"1":2,"2":140,"3":0,"4":0},"b":{"0":[1,27],"1":[1,27],"2":[1,27],"3":[1,27],"4":[28,112],"5":[1,27],"6":[4,108],"7":[1,27],"8":[1,27],"9":[28,16],"10":[1,15],"11":[1,27],"12":[1,27],"13":[0,28],"14":[28,0],"15":[0,0],"16":[0,0],"17":[0,0],"18":[0,0]},"meta":{"lastBranch":19,"lastFunction":5,"lastStatement":11,"seen":{"s:12:28:179:Infinity":0,"f:12:28:12:29":0,"s:18:42:18:Infinity":1,"s:20:19:26:Infinity":2,"s:28:23:32:Infinity":3,"f:28:23:28:29":1,"s:29:4:29:Infinity":4,"s:30:4:30:Infinity":5,"s:31:4:31:Infinity":6,"s:34:2:177:Infinity":7,"b:38:12:38:Infinity:39:12:39:Infinity":0,"b:48:27:48:48:48:48:48:Infinity":1,"b:53:38:53:58:53:58:53:Infinity":2,"b:58:27:58:42:58:42:58:Infinity":3,"f:67:26:67:27":2,"s:68:14:82:Infinity":8,"b:73:22:75:Infinity:76:22:78:Infinity":4,"b:74:24:74:Infinity:75:24:75:Infinity":5,"b:77:22:77:Infinity:78:22:78:Infinity":6,"b:94:20:94:Infinity:95:20:95:Infinity":7,"b:98:26:98:33:98:33:98:Infinity":8,"b:103:15:103:Infinity:104:16:112:Infinity":9,"b:107:24:107:Infinity:108:24:108:Infinity":10,"b:119:20:119:Infinity:120:20:120:Infinity":11,"f:129:23:129:29":3,"s:129:29:129:Infinity":9,"b:132:20:132:Infinity:133:20:133:Infinity":12,"b:136:32:136:50:136:50:136:Infinity":13,"b:142:9:142:Infinity:143:10:174:Infinity":14,"f:144:26:144:27":4,"s:145:14:159:Infinity":10,"b:150:22:152:Infinity:153:22:155:Infinity":15,"b:151:24:151:Infinity:152:24:152:Infinity":16,"b:154:22:154:Infinity:155:22:155:Infinity":17,"b:166:22:166:Infinity:167:22:167:Infinity":18}}}
,"C:\\Users\\abdul\\OneDrive\\Desktop\\New folder\\CI-CD-Project\\remotehire-frontend\\src\\pages\\CandidateDashboardPage.jsx": {"path":"C:\\Users\\abdul\\OneDrive\\Desktop\\New folder\\CI-CD-Project\\remotehire-frontend\\src\\pages\\CandidateDashboardPage.jsx","statementMap":{"0":{"start":{"line":15,"column":38},"end":{"line":551,"column":null}},"1":{"start":{"line":16,"column":30},"end":{"line":16,"column":null}},"2":{"start":{"line":17,"column":30},"end":{"line":19,"column":null}},"3":{"start":{"line":20,"column":48},"end":{"line":20,"column":null}},"4":{"start":{"line":21,"column":44},"end":{"line":21,"column":null}},"5":{"start":{"line":22,"column":38},"end":{"line":22,"column":null}},"6":{"start":{"line":23,"column":38},"end":{"line":23,"column":null}},"7":{"start":{"line":24,"column":52},"end":{"line":24,"column":null}},"8":{"start":{"line":25,"column":24},"end":{"line":25,"column":null}},"9":{"start":{"line":26,"column":28},"end":{"line":26,"column":null}},"10":{"start":{"line":28,"column":16},"end":{"line":28,"column":null}},"11":{"start":{"line":30,"column":2},"end":{"line":32,"column":null}},"12":{"start":{"line":31,"column":4},"end":{"line":31,"column":null}},"13":{"start":{"line":35,"column":2},"end":{"line":51,"column":null}},"14":{"start":{"line":36,"column":23},"end":{"line":36,"column":null}},"15":{"start":{"line":37,"column":4},"end":{"line":50,"column":null}},"16":{"start":{"line":38,"column":6},"end":{"line":47,"column":null}},"17":{"start":{"line":39,"column":25},"end":{"line":39,"column":null}},"18":{"start":{"line":40,"column":8},"end":{"line":40,"column":null}},"19":{"start":{"line":42,"column":8},"end":{"line":44,"column":null}},"20":{"start":{"line":43,"column":10},"end":{"line":43,"column":null}},"21":{"start":{"line":46,"column":8},"end":{"line":46,"column":null}},"22":{"start":{"line":49,"column":6},"end":{"line":49,"column":null}},"23":{"start":{"line":54,"column":2},"end":{"line":76,"column":null}},"24":{"start":{"line":55,"column":4},"end":{"line":55,"column":null}},"25":{"start":{"line":55,"column":16},"end":{"line":55,"column":null}},"26":{"start":{"line":56,"column":23},"end":{"line":74,"column":null}},"27":{"start":{"line":57,"column":6},"end":{"line":57,"column":null}},"28":{"start":{"line":58,"column":6},"end":{"line":58,"column":null}},"29":{"start":{"line":59,"column":6},"end":{"line":73,"column":null}},"30":{"start":{"line":60,"column":20},"end":{"line":65,"column":null}},"31":{"start":{"line":66,"column":8},"end":{"line":66,"column":null}},"32":{"start":{"line":67,"column":8},"end":{"line":67,"column":null}},"33":{"start":{"line":69,"column":8},"end":{"line":69,"column":null}},"34":{"start":{"line":70,"column":8},"end":{"line":70,"column":null}},"35":{"start":{"line":72,"column":8},"end":{"line":72,"column":null}},"36":{"start":{"line":75,"column":4},"end":{"line":75,"column":null}},"37":{"start":{"line":79,"column":2},"end":{"line":100,"column":null}},"38":{"start":{"line":80,"column":4},"end":{"line":80,"column":null}},"39":{"start":{"line":80,"column":16},"end":{"line":80,"column":null}},"40":{"start":{"line":81,"column":30},"end":{"line":98,"column":null}},"41":{"start":{"line":82,"column":6},"end":{"line":82,"column":null}},"42":{"start":{"line":83,"column":6},"end":{"line":83,"column":null}},"43":{"start":{"line":84,"column":6},"end":{"line":97,"column":null}},"44":{"start":{"line":85,"column":20},"end":{"line":90,"column":null}},"45":{"start":{"line":91,"column":8},"end":{"line":91,"column":null}},"46":{"start":{"line":93,"column":8},"end":{"line":93,"column":null}},"47":{"start":{"line":94,"column":8},"end":{"line":94,"column":null}},"48":{"start":{"line":96,"column":8},"end":{"line":96,"column":null}},"49":{"start":{"line":99,"column":4},"end":{"line":99,"column":null}},"50":{"start":{"line":102,"column":25},"end":{"line":111,"column":null}},"51":{"start":{"line":103,"column":24},"end":{"line":103,"column":null}},"52":{"start":{"line":104,"column":4},"end":{"line":104,"column":null}},"53":{"start":{"line":105,"column":4},"end":{"line":105,"column":null}},"54":{"start":{"line":106,"column":4},"end":{"line":110,"column":null}},"55":{"start":{"line":107,"column":6},"end":{"line":107,"column":null}},"56":{"start":{"line":109,"column":6},"end":{"line":109,"column":null}},"57":{"start":{"line":113,"column":23},"end":{"line":117,"column":null}},"58":{"start":{"line":114,"column":4},"end":{"line":114,"column":null}},"59":{"start":{"line":115,"column":4},"end":{"line":115,"column":null}},"60":{"start":{"line":116,"column":4},"end":{"line":116,"column":null}},"61":{"start":{"line":119,"column":36},"end":{"line":147,"column":null}},"62":{"start":{"line":120,"column":4},"end":{"line":124,"column":null}},"63":{"start":{"line":123,"column":6},"end":{"line":123,"column":null}},"64":{"start":{"line":125,"column":4},"end":{"line":146,"column":null}},"65":{"start":{"line":126,"column":6},"end":{"line":131,"column":null}},"66":{"start":{"line":132,"column":6},"end":{"line":132,"column":null}},"67":{"start":{"line":134,"column":18},"end":{"line":139,"column":null}},"68":{"start":{"line":140,"column":6},"end":{"line":140,"column":null}},"69":{"start":{"line":141,"column":6},"end":{"line":141,"column":null}},"70":{"start":{"line":142,"column":6},"end":{"line":142,"column":null}},"71":{"start":{"line":142,"column":23},"end":{"line":142,"column":39}},"72":{"start":{"line":144,"column":6},"end":{"line":144,"column":null}},"73":{"start":{"line":145,"column":6},"end":{"line":145,"column":null}},"74":{"start":{"line":149,"column":2},"end":{"line":549,"column":null}},"75":{"start":{"line":160,"column":10},"end":{"line":160,"column":null}},"76":{"start":{"line":161,"column":10},"end":{"line":161,"column":null}},"77":{"start":{"line":396,"column":18},"end":{"line":484,"column":null}},"78":{"start":{"line":473,"column":39},"end":{"line":473,"column":null}}},"fnMap":{"0":{"name":"(anonymous_0)","decl":{"start":{"line":15,"column":38},"end":{"line":15,"column":44}},"loc":{"start":{"line":15,"column":44},"end":{"line":551,"column":null}},"line":15},"1":{"name":"(anonymous_1)","decl":{"start":{"line":30,"column":12},"end":{"line":30,"column":18}},"loc":{"start":{"line":30,"column":18},"end":{"line":32,"column":5}},"line":30},"2":{"name":"(anonymous_2)","decl":{"start":{"line":35,"column":12},"end":{"line":35,"column":18}},"loc":{"start":{"line":35,"column":18},"end":{"line":51,"column":5}},"line":35},"3":{"name":"(anonymous_3)","decl":{"start":{"line":54,"column":12},"end":{"line":54,"column":18}},"loc":{"start":{"line":54,"column":18},"end":{"line":76,"column":5}},"line":54},"4":{"name":"(anonymous_4)","decl":{"start":{"line":56,"column":23},"end":{"line":56,"column":35}},"loc":{"start":{"line":56,"column":35},"end":{"line":74,"column":null}},"line":56},"5":{"name":"(anonymous_5)","decl":{"start":{"line":79,"column":12},"end":{"line":79,"column":18}},"loc":{"start":{"line":79,"column":18},"end":{"line":100,"column":5}},"line":79},"6":{"name":"(anonymous_6)","decl":{"start":{"line":81,"column":30},"end":{"line":81,"column":42}},"loc":{"start":{"line":81,"column":42},"end":{"line":98,"column":null}},"line":81},"7":{"name":"(anonymous_7)","decl":{"start":{"line":102,"column":25},"end":{"line":102,"column":31}},"loc":{"start":{"line":102,"column":31},"end":{"line":111,"column":null}},"line":102},"8":{"name":"(anonymous_8)","decl":{"start":{"line":113,"column":23},"end":{"line":113,"column":29}},"loc":{"start":{"line":113,"column":29},"end":{"line":117,"column":null}},"line":113},"9":{"name":"(anonymous_9)","decl":{"start":{"line":119,"column":36},"end":{"line":119,"column":43}},"loc":{"start":{"line":119,"column":61},"end":{"line":147,"column":null}},"line":119},"10":{"name":"(anonymous_10)","decl":{"start":{"line":142,"column":17},"end":{"line":142,"column":23}},"loc":{"start":{"line":142,"column":23},"end":{"line":142,"column":39}},"line":142},"11":{"name":"(anonymous_11)","decl":{"start":{"line":159,"column":26},"end":{"line":159,"column":32}},"loc":{"start":{"line":159,"column":32},"end":{"line":162,"column":null}},"line":159},"12":{"name":"(anonymous_12)","decl":{"start":{"line":395,"column":34},"end":{"line":395,"column":35}},"loc":{"start":{"line":396,"column":18},"end":{"line":484,"column":null}},"line":396},"13":{"name":"(anonymous_13)","decl":{"start":{"line":473,"column":33},"end":{"line":473,"column":39}},"loc":{"start":{"line":473,"column":39},"end":{"line":473,"column":null}},"line":473}},"branchMap":{"0":{"loc":{"start":{"line":37,"column":4},"end":{"line":50,"column":null}},"type":"if","locations":[{"start":{"line":37,"column":4},"end":{"line":50,"column":null}},{"start":{"line":48,"column":11},"end":{"line":50,"column":null}}],"line":37},"1":{"loc":{"start":{"line":40,"column":20},"end":{"line":40,"column":47}},"type":"binary-expr","locations":[{"start":{"line":40,"column":20},"end":{"line":40,"column":41}},{"start":{"line":40,"column":41},"end":{"line":40,"column":47}}],"line":40},"2":{"loc":{"start":{"line":42,"column":8},"end":{"line":44,"column":null}},"type":"if","locations":[{"start":{"line":42,"column":8},"end":{"line":44,"column":null}},{"start":{},"end":{}}],"line":42},"3":{"loc":{"start":{"line":55,"column":4},"end":{"line":55,"column":null}},"type":"if","locations":[{"start":{"line":55,"column":4},"end":{"line":55,"column":null}},{"start":{},"end":{}}],"line":55},"4":{"loc":{"start":{"line":66,"column":29},"end":{"line":66,"column":61}},"type":"binary-expr","locations":[{"start":{"line":66,"column":29},"end":{"line":66,"column":60}},{"start":{"line":66,"column":60},"end":{"line":66,"column":61}}],"line":66},"5":{"loc":{"start":{"line":67,"column":27},"end":{"line":67,"column":58}},"type":"binary-expr","locations":[{"start":{"line":67,"column":27},"end":{"line":67,"column":57}},{"start":{"line":67,"column":57},"end":{"line":67,"column":58}}],"line":67},"6":{"loc":{"start":{"line":80,"column":4},"end":{"line":80,"column":null}},"type":"if","locations":[{"start":{"line":80,"column":4},"end":{"line":80,"column":null}},{"start":{},"end":{}}],"line":80},"7":{"loc":{"start":{"line":91,"column":24},"end":{"line":91,"column":38}},"type":"binary-expr","locations":[{"start":{"line":91,"column":24},"end":{"line":91,"column":36}},{"start":{"line":91,"column":36},"end":{"line":91,"column":38}}],"line":91},"8":{"loc":{"start":{"line":105,"column":34},"end":{"line":105,"column":64}},"type":"cond-expr","locations":[{"start":{"line":105,"column":48},"end":{"line":105,"column":57}},{"start":{"line":105,"column":57},"end":{"line":105,"column":64}}],"line":105},"9":{"loc":{"start":{"line":106,"column":4},"end":{"line":110,"column":null}},"type":"if","locations":[{"start":{"line":106,"column":4},"end":{"line":110,"column":null}},{"start":{"line":108,"column":11},"end":{"line":110,"column":null}}],"line":106},"10":{"loc":{"start":{"line":120,"column":4},"end":{"line":124,"column":null}},"type":"if","locations":[{"start":{"line":120,"column":4},"end":{"line":124,"column":null}},{"start":{},"end":{}}],"line":120},"11":{"loc":{"start":{"line":140,"column":22},"end":{"line":140,"column":36}},"type":"binary-expr","locations":[{"start":{"line":140,"column":22},"end":{"line":140,"column":34}},{"start":{"line":140,"column":34},"end":{"line":140,"column":36}}],"line":140},"12":{"loc":{"start":{"line":141,"column":28},"end":{"line":141,"column":44}},"type":"binary-expr","locations":[{"start":{"line":141,"column":28},"end":{"line":141,"column":40}},{"start":{"line":141,"column":40},"end":{"line":141,"column":44}}],"line":141},"13":{"loc":{"start":{"line":152,"column":8},"end":{"line":154,"column":null}},"type":"cond-expr","locations":[{"start":{"line":153,"column":12},"end":{"line":153,"column":null}},{"start":{"line":154,"column":12},"end":{"line":154,"column":null}}],"line":152},"14":{"loc":{"start":{"line":173,"column":14},"end":{"line":173,"column":null}},"type":"cond-expr","locations":[{"start":{"line":173,"column":25},"end":{"line":173,"column":40}},{"start":{"line":173,"column":40},"end":{"line":173,"column":null}}],"line":173},"15":{"loc":{"start":{"line":180,"column":14},"end":{"line":180,"column":null}},"type":"cond-expr","locations":[{"start":{"line":180,"column":25},"end":{"line":180,"column":44}},{"start":{"line":180,"column":44},"end":{"line":180,"column":null}}],"line":180},"16":{"loc":{"start":{"line":188,"column":9},"end":{"line":198,"column":null}},"type":"binary-expr","locations":[{"start":{"line":188,"column":9},"end":{"line":188,"column":null}},{"start":{"line":189,"column":10},"end":{"line":198,"column":null}}],"line":188},"17":{"loc":{"start":{"line":191,"column":14},"end":{"line":193,"column":null}},"type":"cond-expr","locations":[{"start":{"line":192,"column":18},"end":{"line":192,"column":null}},{"start":{"line":193,"column":18},"end":{"line":193,"column":null}}],"line":191},"18":{"loc":{"start":{"line":200,"column":9},"end":{"line":210,"column":null}},"type":"binary-expr","locations":[{"start":{"line":200,"column":9},"end":{"line":200,"column":null}},{"start":{"line":201,"column":10},"end":{"line":210,"column":null}}],"line":200},"19":{"loc":{"start":{"line":203,"column":14},"end":{"line":205,"column":null}},"type":"cond-expr","locations":[{"start":{"line":204,"column":18},"end":{"line":204,"column":null}},{"start":{"line":205,"column":18},"end":{"line":205,"column":null}}],"line":203},"20":{"loc":{"start":{"line":218,"column":14},"end":{"line":220,"column":null}},"type":"cond-expr","locations":[{"start":{"line":219,"column":18},"end":{"line":219,"column":null}},{"start":{"line":220,"column":18},"end":{"line":220,"column":null}}],"line":218},"21":{"loc":{"start":{"line":228,"column":22},"end":{"line":228,"column":null}},"type":"cond-expr","locations":[{"start":{"line":228,"column":33},"end":{"line":228,"column":51}},{"start":{"line":228,"column":51},"end":{"line":228,"column":null}}],"line":228},"22":{"loc":{"start":{"line":233,"column":19},"end":{"line":246,"column":null}},"type":"cond-expr","locations":[{"start":{"line":234,"column":20},"end":{"line":238,"column":null}},{"start":{"line":240,"column":20},"end":{"line":246,"column":null}}],"line":233},"23":{"loc":{"start":{"line":236,"column":24},"end":{"line":236,"column":null}},"type":"cond-expr","locations":[{"start":{"line":236,"column":35},"end":{"line":236,"column":55}},{"start":{"line":236,"column":55},"end":{"line":236,"column":null}}],"line":236},"24":{"loc":{"start":{"line":242,"column":24},"end":{"line":242,"column":null}},"type":"cond-expr","locations":[{"start":{"line":242,"column":35},"end":{"line":242,"column":53}},{"start":{"line":242,"column":53},"end":{"line":242,"column":null}}],"line":242},"25":{"loc":{"start":{"line":251,"column":20},"end":{"line":253,"column":null}},"type":"cond-expr","locations":[{"start":{"line":252,"column":24},"end":{"line":252,"column":null}},{"start":{"line":253,"column":24},"end":{"line":253,"column":null}}],"line":251},"26":{"loc":{"start":{"line":265,"column":14},"end":{"line":267,"column":null}},"type":"cond-expr","locations":[{"start":{"line":266,"column":18},"end":{"line":266,"column":null}},{"start":{"line":267,"column":18},"end":{"line":267,"column":null}}],"line":265},"27":{"loc":{"start":{"line":275,"column":22},"end":{"line":275,"column":null}},"type":"cond-expr","locations":[{"start":{"line":275,"column":33},"end":{"line":275,"column":52}},{"start":{"line":275,"column":52},"end":{"line":275,"column":null}}],"line":275},"28":{"loc":{"start":{"line":280,"column":19},"end":{"line":293,"column":null}},"type":"cond-expr","locations":[{"start":{"line":281,"column":20},"end":{"line":285,"column":null}},{"start":{"line":287,"column":20},"end":{"line":293,"column":null}}],"line":280},"29":{"loc":{"start":{"line":283,"column":24},"end":{"line":283,"column":null}},"type":"cond-expr","locations":[{"start":{"line":283,"column":35},"end":{"line":283,"column":55}},{"start":{"line":283,"column":55},"end":{"line":283,"column":null}}],"line":283},"30":{"loc":{"start":{"line":289,"column":24},"end":{"line":289,"column":null}},"type":"cond-expr","locations":[{"start":{"line":289,"column":35},"end":{"line":289,"column":54}},{"start":{"line":289,"column":54},"end":{"line":289,"column":null}}],"line":289},"31":{"loc":{"start":{"line":298,"column":20},"end":{"line":300,"column":null}},"type":"cond-expr","locations":[{"start":{"line":299,"column":24},"end":{"line":299,"column":null}},{"start":{"line":300,"column":24},"end":{"line":300,"column":null}}],"line":298},"32":{"loc":{"start":{"line":313,"column":12},"end":{"line":315,"column":null}},"type":"cond-expr","locations":[{"start":{"line":314,"column":16},"end":{"line":314,"column":null}},{"start":{"line":315,"column":16},"end":{"line":315,"column":null}}],"line":313},"33":{"loc":{"start":{"line":321,"column":14},"end":{"line":323,"column":null}},"type":"cond-expr","locations":[{"start":{"line":322,"column":18},"end":{"line":322,"column":null}},{"start":{"line":323,"column":18},"end":{"line":323,"column":null}}],"line":321},"34":{"loc":{"start":{"line":329,"column":18},"end":{"line":331,"column":null}},"type":"cond-expr","locations":[{"start":{"line":330,"column":22},"end":{"line":330,"column":null}},{"start":{"line":331,"column":22},"end":{"line":331,"column":null}}],"line":329},"35":{"loc":{"start":{"line":339,"column":20},"end":{"line":339,"column":null}},"type":"cond-expr","locations":[{"start":{"line":339,"column":31},"end":{"line":339,"column":46}},{"start":{"line":339,"column":46},"end":{"line":339,"column":null}}],"line":339},"36":{"loc":{"start":{"line":346,"column":20},"end":{"line":346,"column":null}},"type":"cond-expr","locations":[{"start":{"line":346,"column":31},"end":{"line":346,"column":50}},{"start":{"line":346,"column":50},"end":{"line":346,"column":null}}],"line":346},"37":{"loc":{"start":{"line":357,"column":13},"end":{"line":486,"column":null}},"type":"cond-expr","locations":[{"start":{"line":358,"column":14},"end":{"line":364,"column":null}},{"start":{"line":365,"column":16},"end":{"line":486,"column":null}}],"line":357},"38":{"loc":{"start":{"line":361,"column":20},"end":{"line":361,"column":null}},"type":"cond-expr","locations":[{"start":{"line":361,"column":31},"end":{"line":361,"column":55}},{"start":{"line":361,"column":55},"end":{"line":361,"column":null}}],"line":361},"39":{"loc":{"start":{"line":365,"column":16},"end":{"line":486,"column":null}},"type":"cond-expr","locations":[{"start":{"line":366,"column":14},"end":{"line":392,"column":null}},{"start":{"line":394,"column":14},"end":{"line":486,"column":null}}],"line":365},"40":{"loc":{"start":{"line":370,"column":20},"end":{"line":370,"column":null}},"type":"cond-expr","locations":[{"start":{"line":370,"column":31},"end":{"line":370,"column":50}},{"start":{"line":370,"column":50},"end":{"line":370,"column":null}}],"line":370},"41":{"loc":{"start":{"line":377,"column":20},"end":{"line":377,"column":null}},"type":"cond-expr","locations":[{"start":{"line":377,"column":31},"end":{"line":377,"column":50}},{"start":{"line":377,"column":50},"end":{"line":377,"column":null}}],"line":377},"42":{"loc":{"start":{"line":385,"column":20},"end":{"line":387,"column":null}},"type":"cond-expr","locations":[{"start":{"line":386,"column":24},"end":{"line":386,"column":null}},{"start":{"line":387,"column":24},"end":{"line":387,"column":null}}],"line":385},"43":{"loc":{"start":{"line":399,"column":22},"end":{"line":401,"column":null}},"type":"cond-expr","locations":[{"start":{"line":400,"column":26},"end":{"line":400,"column":null}},{"start":{"line":401,"column":26},"end":{"line":401,"column":null}}],"line":399},"44":{"loc":{"start":{"line":415,"column":28},"end":{"line":417,"column":null}},"type":"cond-expr","locations":[{"start":{"line":416,"column":32},"end":{"line":416,"column":null}},{"start":{"line":417,"column":32},"end":{"line":417,"column":null}}],"line":415},"45":{"loc":{"start":{"line":426,"column":28},"end":{"line":426,"column":null}},"type":"cond-expr","locations":[{"start":{"line":426,"column":39},"end":{"line":426,"column":58}},{"start":{"line":426,"column":58},"end":{"line":426,"column":null}}],"line":426},"46":{"loc":{"start":{"line":437,"column":30},"end":{"line":443,"column":null}},"type":"cond-expr","locations":[{"start":{"line":438,"column":34},"end":{"line":440,"column":null}},{"start":{"line":441,"column":34},"end":{"line":443,"column":null}}],"line":437},"47":{"loc":{"start":{"line":438,"column":34},"end":{"line":440,"column":null}},"type":"cond-expr","locations":[{"start":{"line":439,"column":36},"end":{"line":439,"column":null}},{"start":{"line":440,"column":36},"end":{"line":440,"column":null}}],"line":438},"48":{"loc":{"start":{"line":441,"column":34},"end":{"line":443,"column":null}},"type":"cond-expr","locations":[{"start":{"line":442,"column":34},"end":{"line":442,"column":null}},{"start":{"line":443,"column":34},"end":{"line":443,"column":null}}],"line":441},"49":{"loc":{"start":{"line":446,"column":29},"end":{"line":446,"column":71}},"type":"cond-expr","locations":[{"start":{"line":446,"column":59},"end":{"line":446,"column":66}},{"start":{"line":446,"column":66},"end":{"line":446,"column":71}}],"line":446},"50":{"loc":{"start":{"line":453,"column":30},"end":{"line":453,"column":null}},"type":"cond-expr","locations":[{"start":{"line":453,"column":41},"end":{"line":453,"column":60}},{"start":{"line":453,"column":60},"end":{"line":453,"column":null}}],"line":453},"51":{"loc":{"start":{"line":462,"column":30},"end":{"line":462,"column":null}},"type":"cond-expr","locations":[{"start":{"line":462,"column":41},"end":{"line":462,"column":60}},{"start":{"line":462,"column":60},"end":{"line":462,"column":null}}],"line":462},"52":{"loc":{"start":{"line":475,"column":26},"end":{"line":477,"column":null}},"type":"cond-expr","locations":[{"start":{"line":476,"column":30},"end":{"line":476,"column":null}},{"start":{"line":477,"column":30},"end":{"line":477,"column":null}}],"line":475},"53":{"loc":{"start":{"line":496,"column":14},"end":{"line":498,"column":null}},"type":"cond-expr","locations":[{"start":{"line":497,"column":18},"end":{"line":497,"column":null}},{"start":{"line":498,"column":18},"end":{"line":498,"column":null}}],"line":496},"54":{"loc":{"start":{"line":506,"column":14},"end":{"line":508,"column":null}},"type":"cond-expr","locations":[{"start":{"line":507,"column":18},"end":{"line":507,"column":null}},{"start":{"line":508,"column":18},"end":{"line":508,"column":null}}],"line":506}},"s":{"0":1,"1":2,"2":2,"3":2,"4":2,"5":2,"6":2,"7":2,"8":2,"9":2,"10":2,"11":2,"12":1,"13":2,"14":1,"15":1,"16":1,"17":1,"18":1,"19":1,"20":0,"21":0,"22":0,"23":2,"24":1,"25":0,"26":1,"27":1,"28":1,"29":1,"30":1,"31":0,"32":1,"33":0,"34":0,"35":0,"36":1,"37":2,"38":1,"39":0,"40":1,"41":1,"42":1,"43":1,"44":1,"45":0,"46":0,"47":0,"48":0,"49":1,"50":2,"51":0,"52":0,"53":0,"54":0,"55":0,"56":0,"57":2,"58":0,"59":0,"60":0,"61":2,"62":0,"63":0,"64":0,"65":0,"66":0,"67":0,"68":0,"69":0,"70":0,"71":0,"72":0,"73":0,"74":2,"75":0,"76":0,"77":0,"78":0},"f":{"0":2,"1":1,"2":1,"3":1,"4":1,"5":1,"6":1,"7":0,"8":0,"9":0,"10":0,"11":0,"12":0,"13":0},"b":{"0":[1,0],"1":[1,0],"2":[0,1],"3":[0,1],"4":[0,0],"5":[1,0],"6":[0,1],"7":[0,0],"8":[0,0],"9":[0,0],"10":[0,0],"11":[0,0],"12":[0,0],"13":[0,2],"14":[0,2],"15":[0,2],"16":[2,0],"17":[0,0],"18":[2,0],"19":[0,0],"20":[0,2],"21":[0,2],"22":[1,1],"23":[0,1],"24":[0,1],"25":[0,2],"26":[0,2],"27":[0,2],"28":[1,1],"29":[0,1],"30":[0,1],"31":[0,2],"32":[0,2],"33":[0,2],"34":[0,2],"35":[0,2],"36":[0,2],"37":[2,0],"38":[0,2],"39":[0,0],"40":[0,0],"41":[0,0],"42":[0,0],"43":[0,0],"44":[0,0],"45":[0,0],"46":[0,0],"47":[0,0],"48":[0,0],"49":[0,0],"50":[0,0],"51":[0,0],"52":[0,0],"53":[0,2],"54":[0,2]},"meta":{"lastBranch":55,"lastFunction":14,"lastStatement":79,"seen":{"s:15:38:551:Infinity":0,"f:15:38:15:44":0,"s:16:30:16:Infinity":1,"s:17:30:19:Infinity":2,"s:20:48:20:Infinity":3,"s:21:44:21:Infinity":4,"s:22:38:22:Infinity":5,"s:23:38:23:Infinity":6,"s:24:52:24:Infinity":7,"s:25:24:25:Infinity":8,"s:26:28:26:Infinity":9,"s:28:16:28:Infinity":10,"s:30:2:32:Infinity":11,"f:30:12:30:18":1,"s:31:4:31:Infinity":12,"s:35:2:51:Infinity":13,"f:35:12:35:18":2,"s:36:23:36:Infinity":14,"b:37:4:50:Infinity:48:11:50:Infinity":0,"s:37:4:50:Infinity":15,"s:38:6:47:Infinity":16,"s:39:25:39:Infinity":17,"s:40:8:40:Infinity":18,"b:40:20:40:41:40:41:40:47":1,"b:42:8:44:Infinity:undefined:undefined:undefined:undefined":2,"s:42:8:44:Infinity":19,"s:43:10:43:Infinity":20,"s:46:8:46:Infinity":21,"s:49:6:49:Infinity":22,"s:54:2:76:Infinity":23,"f:54:12:54:18":3,"b:55:4:55:Infinity:undefined:undefined:undefined:undefined":3,"s:55:4:55:Infinity":24,"s:55:16:55:Infinity":25,"s:56:23:74:Infinity":26,"f:56:23:56:35":4,"s:57:6:57:Infinity":27,"s:58:6:58:Infinity":28,"s:59:6:73:Infinity":29,"s:60:20:65:Infinity":30,"s:66:8:66:Infinity":31,"b:66:29:66:60:66:60:66:61":4,"s:67:8:67:Infinity":32,"b:67:27:67:57:67:57:67:58":5,"s:69:8:69:Infinity":33,"s:70:8:70:Infinity":34,"s:72:8:72:Infinity":35,"s:75:4:75:Infinity":36,"s:79:2:100:Infinity":37,"f:79:12:79:18":5,"b:80:4:80:Infinity:undefined:undefined:undefined:undefined":6,"s:80:4:80:Infinity":38,"s:80:16:80:Infinity":39,"s:81:30:98:Infinity":40,"f:81:30:81:42":6,"s:82:6:82:Infinity":41,"s:83:6:83:Infinity":42,"s:84:6:97:Infinity":43,"s:85:20:90:Infinity":44,"s:91:8:91:Infinity":45,"b:91:24:91:36:91:36:91:38":7,"s:93:8:93:Infinity":46,"s:94:8:94:Infinity":47,"s:96:8:96:Infinity":48,"s:99:4:99:Infinity":49,"s:102:25:111:Infinity":50,"f:102:25:102:31":7,"s:103:24:103:Infinity":51,"s:104:4:104:Infinity":52,"s:105:4:105:Infinity":53,"b:105:48:105:57:105:57:105:64":8,"b:106:4:110:Infinity:108:11:110:Infinity":9,"s:106:4:110:Infinity":54,"s:107:6:107:Infinity":55,"s:109:6:109:Infinity":56,"s:113:23:117:Infinity":57,"f:113:23:113:29":8,"s:114:4:114:Infinity":58,"s:115:4:115:Infinity":59,"s:116:4:116:Infinity":60,"s:119:36:147:Infinity":61,"f:119:36:119:43":9,"b:120:4:124:Infinity:undefined:undefined:undefined:undefined":10,"s:120:4:124:Infinity":62,"s:123:6:123:Infinity":63,"s:125:4:146:Infinity":64,"s:126:6:131:Infinity":65,"s:132:6:132:Infinity":66,"s:134:18:139:Infinity":67,"s:140:6:140:Infinity":68,"b:140:22:140:34:140:34:140:36":11,"s:141:6:141:Infinity":69,"b:141:28:141:40:141:40:141:44":12,"s:142:6:142:Infinity":70,"f:142:17:142:23":10,"s:142:23:142:39":71,"s:144:6:144:Infinity":72,"s:145:6:145:Infinity":73,"s:149:2:549:Infinity":74,"b:153:12:153:Infinity:154:12:154:Infinity":13,"f:159:26:159:32":11,"s:160:10:160:Infinity":75,"s:161:10:161:Infinity":76,"b:173:25:173:40:173:40:173:Infinity":14,"b:180:25:180:44:180:44:180:Infinity":15,"b:188:9:188:Infinity:189:10:198:Infinity":16,"b:192:18:192:Infinity:193:18:193:Infinity":17,"b:200:9:200:Infinity:201:10:210:Infinity":18,"b:204:18:204:Infinity:205:18:205:Infinity":19,"b:219:18:219:Infinity:220:18:220:Infinity":20,"b:228:33:228:51:228:51:228:Infinity":21,"b:234:20:238:Infinity:240:20:246:Infinity":22,"b:236:35:236:55:236:55:236:Infinity":23,"b:242:35:242:53:242:53:242:Infinity":24,"b:252:24:252:Infinity:253:24:253:Infinity":25,"b:266:18:266:Infinity:267:18:267:Infinity":26,"b:275:33:275:52:275:52:275:Infinity":27,"b:281:20:285:Infinity:287:20:293:Infinity":28,"b:283:35:283:55:283:55:283:Infinity":29,"b:289:35:289:54:289:54:289:Infinity":30,"b:299:24:299:Infinity:300:24:300:Infinity":31,"b:314:16:314:Infinity:315:16:315:Infinity":32,"b:322:18:322:Infinity:323:18:323:Infinity":33,"b:330:22:330:Infinity:331:22:331:Infinity":34,"b:339:31:339:46:339:46:339:Infinity":35,"b:346:31:346:50:346:50:346:Infinity":36,"b:358:14:364:Infinity:365:16:486:Infinity":37,"b:361:31:361:55:361:55:361:Infinity":38,"b:366:14:392:Infinity:394:14:486:Infinity":39,"b:370:31:370:50:370:50:370:Infinity":40,"b:377:31:377:50:377:50:377:Infinity":41,"b:386:24:386:Infinity:387:24:387:Infinity":42,"f:395:34:395:35":12,"s:396:18:484:Infinity":77,"b:400:26:400:Infinity:401:26:401:Infinity":43,"b:416:32:416:Infinity:417:32:417:Infinity":44,"b:426:39:426:58:426:58:426:Infinity":45,"b:438:34:440:Infinity:441:34:443:Infinity":46,"b:439:36:439:Infinity:440:36:440:Infinity":47,"b:442:34:442:Infinity:443:34:443:Infinity":48,"b:446:59:446:66:446:66:446:71":49,"b:453:41:453:60:453:60:453:Infinity":50,"b:462:41:462:60:462:60:462:Infinity":51,"f:473:33:473:39":13,"s:473:39:473:Infinity":78,"b:476:30:476:Infinity:477:30:477:Infinity":52,"b:497:18:497:Infinity:498:18:498:Infinity":53,"b:507:18:507:Infinity:508:18:508:Infinity":54}}}
,"C:\\Users\\abdul\\OneDrive\\Desktop\\New folder\\CI-CD-Project\\remotehire-frontend\\src\\pages\\CandidateDetailsPage.jsx": {"path":"C:\\Users\\abdul\\OneDrive\\Desktop\\New folder\\CI-CD-Project\\remotehire-frontend\\src\\pages\\CandidateDetailsPage.jsx","statementMap":{"0":{"start":{"line":16,"column":36},"end":{"line":570,"column":null}},"1":{"start":{"line":17,"column":32},"end":{"line":17,"column":null}},"2":{"start":{"line":18,"column":28},"end":{"line":18,"column":null}},"3":{"start":{"line":19,"column":24},"end":{"line":19,"column":null}},"4":{"start":{"line":20,"column":30},"end":{"line":20,"column":null}},"5":{"start":{"line":21,"column":30},"end":{"line":23,"column":null}},"6":{"start":{"line":25,"column":16},"end":{"line":25,"column":null}},"7":{"start":{"line":27,"column":27},"end":{"line":27,"column":null}},"8":{"start":{"line":28,"column":22},"end":{"line":28,"column":null}},"9":{"start":{"line":30,"column":2},"end":{"line":32,"column":null}},"10":{"start":{"line":31,"column":4},"end":{"line":31,"column":null}},"11":{"start":{"line":34,"column":2},"end":{"line":44,"column":null}},"12":{"start":{"line":35,"column":23},"end":{"line":35,"column":null}},"13":{"start":{"line":36,"column":4},"end":{"line":43,"column":null}},"14":{"start":{"line":37,"column":6},"end":{"line":42,"column":null}},"15":{"start":{"line":38,"column":25},"end":{"line":38,"column":null}},"16":{"start":{"line":39,"column":8},"end":{"line":39,"column":null}},"17":{"start":{"line":41,"column":8},"end":{"line":41,"column":null}},"18":{"start":{"line":46,"column":2},"end":{"line":53,"column":null}},"19":{"start":{"line":47,"column":4},"end":{"line":51,"column":null}},"20":{"start":{"line":48,"column":6},"end":{"line":48,"column":null}},"21":{"start":{"line":49,"column":6},"end":{"line":49,"column":null}},"22":{"start":{"line":50,"column":6},"end":{"line":50,"column":null}},"23":{"start":{"line":52,"column":4},"end":{"line":52,"column":null}},"24":{"start":{"line":55,"column":32},"end":{"line":71,"column":null}},"25":{"start":{"line":56,"column":4},"end":{"line":70,"column":null}},"26":{"start":{"line":57,"column":23},"end":{"line":62,"column":null}},"27":{"start":{"line":63,"column":6},"end":{"line":63,"column":null}},"28":{"start":{"line":64,"column":6},"end":{"line":64,"column":null}},"29":{"start":{"line":66,"column":6},"end":{"line":66,"column":null}},"30":{"start":{"line":67,"column":6},"end":{"line":67,"column":null}},"31":{"start":{"line":69,"column":6},"end":{"line":69,"column":null}},"32":{"start":{"line":73,"column":27},"end":{"line":96,"column":null}},"33":{"start":{"line":74,"column":4},"end":{"line":95,"column":null}},"34":{"start":{"line":75,"column":23},"end":{"line":80,"column":null}},"35":{"start":{"line":83,"column":6},"end":{"line":88,"column":null}},"36":{"start":{"line":84,"column":8},"end":{"line":84,"column":null}},"37":{"start":{"line":87,"column":8},"end":{"line":87,"column":null}},"38":{"start":{"line":90,"column":6},"end":{"line":90,"column":null}},"39":{"start":{"line":92,"column":6},"end":{"line":94,"column":null}},"40":{"start":{"line":93,"column":8},"end":{"line":93,"column":null}},"41":{"start":{"line":98,"column":23},"end":{"line":121,"column":null}},"42":{"start":{"line":99,"column":4},"end":{"line":120,"column":null}},"43":{"start":{"line":100,"column":23},"end":{"line":105,"column":null}},"44":{"start":{"line":108,"column":6},"end":{"line":113,"column":null}},"45":{"start":{"line":109,"column":8},"end":{"line":109,"column":null}},"46":{"start":{"line":112,"column":8},"end":{"line":112,"column":null}},"47":{"start":{"line":115,"column":6},"end":{"line":115,"column":null}},"48":{"start":{"line":117,"column":6},"end":{"line":119,"column":null}},"49":{"start":{"line":118,"column":8},"end":{"line":118,"column":null}},"50":{"start":{"line":123,"column":2},"end":{"line":139,"column":null}},"51":{"start":{"line":124,"column":4},"end":{"line":137,"column":null}},"52":{"start":{"line":141,"column":2},"end":{"line":167,"column":null}},"53":{"start":{"line":142,"column":4},"end":{"line":165,"column":null}},"54":{"start":{"line":169,"column":19},"end":{"line":169,"column":null}},"55":{"start":{"line":171,"column":2},"end":{"line":568,"column":null}},"56":{"start":{"line":182,"column":10},"end":{"line":182,"column":null}},"57":{"start":{"line":183,"column":10},"end":{"line":183,"column":null}},"58":{"start":{"line":362,"column":22},"end":{"line":371,"column":null}},"59":{"start":{"line":396,"column":24},"end":{"line":405,"column":null}},"60":{"start":{"line":429,"column":22},"end":{"line":458,"column":null}},"61":{"start":{"line":483,"column":24},"end":{"line":514,"column":null}},"62":{"start":{"line":539,"column":24},"end":{"line":559,"column":null}}},"fnMap":{"0":{"name":"(anonymous_0)","decl":{"start":{"line":16,"column":36},"end":{"line":16,"column":42}},"loc":{"start":{"line":16,"column":42},"end":{"line":570,"column":null}},"line":16},"1":{"name":"(anonymous_1)","decl":{"start":{"line":30,"column":12},"end":{"line":30,"column":18}},"loc":{"start":{"line":30,"column":18},"end":{"line":32,"column":5}},"line":30},"2":{"name":"(anonymous_2)","decl":{"start":{"line":34,"column":12},"end":{"line":34,"column":18}},"loc":{"start":{"line":34,"column":18},"end":{"line":44,"column":5}},"line":34},"3":{"name":"(anonymous_3)","decl":{"start":{"line":46,"column":12},"end":{"line":46,"column":18}},"loc":{"start":{"line":46,"column":18},"end":{"line":53,"column":5}},"line":46},"4":{"name":"(anonymous_4)","decl":{"start":{"line":55,"column":32},"end":{"line":55,"column":44}},"loc":{"start":{"line":55,"column":44},"end":{"line":71,"column":null}},"line":55},"5":{"name":"(anonymous_5)","decl":{"start":{"line":73,"column":27},"end":{"line":73,"column":39}},"loc":{"start":{"line":73,"column":39},"end":{"line":96,"column":null}},"line":73},"6":{"name":"(anonymous_6)","decl":{"start":{"line":98,"column":23},"end":{"line":98,"column":35}},"loc":{"start":{"line":98,"column":35},"end":{"line":121,"column":null}},"line":98},"7":{"name":"(anonymous_7)","decl":{"start":{"line":181,"column":26},"end":{"line":181,"column":32}},"loc":{"start":{"line":181,"column":32},"end":{"line":184,"column":null}},"line":181},"8":{"name":"(anonymous_8)","decl":{"start":{"line":361,"column":41},"end":{"line":361,"column":42}},"loc":{"start":{"line":362,"column":22},"end":{"line":371,"column":null}},"line":362},"9":{"name":"(anonymous_9)","decl":{"start":{"line":395,"column":58},"end":{"line":395,"column":59}},"loc":{"start":{"line":396,"column":24},"end":{"line":405,"column":null}},"line":396},"10":{"name":"(anonymous_10)","decl":{"start":{"line":428,"column":44},"end":{"line":428,"column":45}},"loc":{"start":{"line":429,"column":22},"end":{"line":458,"column":null}},"line":429},"11":{"name":"(anonymous_11)","decl":{"start":{"line":482,"column":52},"end":{"line":482,"column":53}},"loc":{"start":{"line":483,"column":24},"end":{"line":514,"column":null}},"line":483},"12":{"name":"(anonymous_12)","decl":{"start":{"line":538,"column":51},"end":{"line":538,"column":52}},"loc":{"start":{"line":539,"column":24},"end":{"line":559,"column":null}},"line":539}},"branchMap":{"0":{"loc":{"start":{"line":28,"column":22},"end":{"line":28,"column":null}},"type":"cond-expr","locations":[{"start":{"line":28,"column":41},"end":{"line":28,"column":63}},{"start":{"line":28,"column":63},"end":{"line":28,"column":null}}],"line":28},"1":{"loc":{"start":{"line":36,"column":4},"end":{"line":43,"column":null}},"type":"if","locations":[{"start":{"line":36,"column":4},"end":{"line":43,"column":null}},{"start":{},"end":{}}],"line":36},"2":{"loc":{"start":{"line":39,"column":20},"end":{"line":39,"column":47}},"type":"binary-expr","locations":[{"start":{"line":39,"column":20},"end":{"line":39,"column":41}},{"start":{"line":39,"column":41},"end":{"line":39,"column":47}}],"line":39},"3":{"loc":{"start":{"line":47,"column":4},"end":{"line":51,"column":null}},"type":"if","locations":[{"start":{"line":47,"column":4},"end":{"line":51,"column":null}},{"start":{},"end":{}}],"line":47},"4":{"loc":{"start":{"line":83,"column":6},"end":{"line":88,"column":null}},"type":"if","locations":[{"start":{"line":83,"column":6},"end":{"line":88,"column":null}},{"start":{"line":85,"column":13},"end":{"line":88,"column":null}}],"line":83},"5":{"loc":{"start":{"line":92,"column":6},"end":{"line":94,"column":null}},"type":"if","locations":[{"start":{"line":92,"column":6},"end":{"line":94,"column":null}},{"start":{},"end":{}}],"line":92},"6":{"loc":{"start":{"line":108,"column":6},"end":{"line":113,"column":null}},"type":"if","locations":[{"start":{"line":108,"column":6},"end":{"line":113,"column":null}},{"start":{"line":110,"column":13},"end":{"line":113,"column":null}}],"line":108},"7":{"loc":{"start":{"line":117,"column":6},"end":{"line":119,"column":null}},"type":"if","locations":[{"start":{"line":117,"column":6},"end":{"line":119,"column":null}},{"start":{},"end":{}}],"line":117},"8":{"loc":{"start":{"line":123,"column":2},"end":{"line":139,"column":null}},"type":"if","locations":[{"start":{"line":123,"column":2},"end":{"line":139,"column":null}},{"start":{},"end":{}}],"line":123},"9":{"loc":{"start":{"line":127,"column":10},"end":{"line":129,"column":null}},"type":"cond-expr","locations":[{"start":{"line":128,"column":14},"end":{"line":128,"column":null}},{"start":{"line":129,"column":14},"end":{"line":129,"column":null}}],"line":127},"10":{"loc":{"start":{"line":134,"column":12},"end":{"line":134,"column":null}},"type":"cond-expr","locations":[{"start":{"line":134,"column":23},"end":{"line":134,"column":47}},{"start":{"line":134,"column":47},"end":{"line":134,"column":null}}],"line":134},"11":{"loc":{"start":{"line":141,"column":2},"end":{"line":167,"column":null}},"type":"if","locations":[{"start":{"line":141,"column":2},"end":{"line":167,"column":null}},{"start":{},"end":{}}],"line":141},"12":{"loc":{"start":{"line":141,"column":6},"end":{"line":141,"column":27}},"type":"binary-expr","locations":[{"start":{"line":141,"column":6},"end":{"line":141,"column":15}},{"start":{"line":141,"column":15},"end":{"line":141,"column":27}}],"line":141},"13":{"loc":{"start":{"line":145,"column":10},"end":{"line":147,"column":null}},"type":"cond-expr","locations":[{"start":{"line":146,"column":14},"end":{"line":146,"column":null}},{"start":{"line":147,"column":14},"end":{"line":147,"column":null}}],"line":145},"14":{"loc":{"start":{"line":152,"column":12},"end":{"line":154,"column":null}},"type":"cond-expr","locations":[{"start":{"line":153,"column":16},"end":{"line":153,"column":null}},{"start":{"line":154,"column":16},"end":{"line":154,"column":null}}],"line":152},"15":{"loc":{"start":{"line":159,"column":14},"end":{"line":159,"column":null}},"type":"cond-expr","locations":[{"start":{"line":159,"column":25},"end":{"line":159,"column":42}},{"start":{"line":159,"column":42},"end":{"line":159,"column":null}}],"line":159},"16":{"loc":{"start":{"line":162,"column":13},"end":{"line":162,"column":null}},"type":"binary-expr","locations":[{"start":{"line":162,"column":13},"end":{"line":162,"column":22}},{"start":{"line":162,"column":22},"end":{"line":162,"column":null}}],"line":162},"17":{"loc":{"start":{"line":169,"column":19},"end":{"line":169,"column":null}},"type":"binary-expr","locations":[{"start":{"line":169,"column":19},"end":{"line":169,"column":44}},{"start":{"line":169,"column":44},"end":{"line":169,"column":null}}],"line":169},"18":{"loc":{"start":{"line":174,"column":8},"end":{"line":176,"column":null}},"type":"cond-expr","locations":[{"start":{"line":175,"column":12},"end":{"line":175,"column":null}},{"start":{"line":176,"column":12},"end":{"line":176,"column":null}}],"line":174},"19":{"loc":{"start":{"line":194,"column":12},"end":{"line":196,"column":null}},"type":"cond-expr","locations":[{"start":{"line":195,"column":16},"end":{"line":195,"column":null}},{"start":{"line":196,"column":16},"end":{"line":196,"column":null}}],"line":194},"20":{"loc":{"start":{"line":201,"column":14},"end":{"line":203,"column":null}},"type":"cond-expr","locations":[{"start":{"line":202,"column":18},"end":{"line":202,"column":null}},{"start":{"line":203,"column":18},"end":{"line":203,"column":null}}],"line":201},"21":{"loc":{"start":{"line":210,"column":20},"end":{"line":210,"column":null}},"type":"cond-expr","locations":[{"start":{"line":210,"column":31},"end":{"line":210,"column":46}},{"start":{"line":210,"column":46},"end":{"line":210,"column":null}}],"line":210},"22":{"loc":{"start":{"line":217,"
[...]
":{"start":{"line":69,"column":6},"end":{"line":77,"column":null}},"type":"if","locations":[{"start":{"line":69,"column":6},"end":{"line":77,"column":null}},{"start":{"line":75,"column":13},"end":{"line":77,"column":null}}],"line":69},"4":{"loc":{"start":{"line":70,"column":19},"end":{"line":70,"column":70}},"type":"binary-expr","locations":[{"start":{"line":70,"column":19},"end":{"line":70,"column":44}},{"start":{"line":70,"column":44},"end":{"line":70,"column":70}}],"line":70},"5":{"loc":{"start":{"line":81,"column":6},"end":{"line":101,"column":null}},"type":"if","locations":[{"start":{"line":81,"column":6},"end":{"line":101,"column":null}},{"start":{"line":97,"column":6},"end":{"line":101,"column":null}}],"line":81},"6":{"loc":{"start":{"line":82,"column":8},"end":{"line":96,"column":null}},"type":"if","locations":[{"start":{"line":82,"column":8},"end":{"line":96,"column":null}},{"start":{"line":88,"column":8},"end":{"line":96,"column":null}}],"line":82},"7":{"loc":{"start":{"line":82,"column":12},"end":{"line":82,"column":62}},"type":"binary-expr","locations":[{"start":{"line":82,"column":12},"end":{"line":82,"column":43}},{"start":{"line":82,"column":43},"end":{"line":82,"column":62}}],"line":82},"8":{"loc":{"start":{"line":86,"column":12},"end":{"line":86,"column":null}},"type":"binary-expr","locations":[{"start":{"line":86,"column":12},"end":{"line":86,"column":29}},{"start":{"line":86,"column":29},"end":{"line":86,"column":null}}],"line":86},"9":{"loc":{"start":{"line":88,"column":8},"end":{"line":96,"column":null}},"type":"if","locations":[{"start":{"line":88,"column":8},"end":{"line":96,"column":null}},{"start":{"line":90,"column":8},"end":{"line":96,"column":null}}],"line":88},"10":{"loc":{"start":{"line":90,"column":8},"end":{"line":96,"column":null}},"type":"if","locations":[{"start":{"line":90,"column":8},"end":{"line":96,"column":null}},{"start":{"line":92,"column":15},"end":{"line":96,"column":null}}],"line":90},"11":{"loc":{"start":{"line":97,"column":6},"end":{"line":101,"column":null}},"type":"if","locations":[{"start":{"line":97,"column":6},"end":{"line":101,"column":null}},{"start":{"line":99,"column":13},"end":{"line":101,"column":null}}],"line":97},"12":{"loc":{"start":{"line":100,"column":17},"end":{"line":100,"column":70}},"type":"binary-expr","locations":[{"start":{"line":100,"column":17},"end":{"line":100,"column":32}},{"start":{"line":100,"column":32},"end":{"line":100,"column":70}}],"line":100},"13":{"loc":{"start":{"line":110,"column":8},"end":{"line":112,"column":null}},"type":"cond-expr","locations":[{"start":{"line":111,"column":12},"end":{"line":111,"column":null}},{"start":{"line":112,"column":12},"end":{"line":112,"column":null}}],"line":110},"14":{"loc":{"start":{"line":127,"column":12},"end":{"line":127,"column":null}},"type":"cond-expr","locations":[{"start":{"line":127,"column":23},"end":{"line":127,"column":41}},{"start":{"line":127,"column":41},"end":{"line":127,"column":null}}],"line":127},"15":{"loc":{"start":{"line":132,"column":12},"end":{"line":132,"column":null}},"type":"cond-expr","locations":[{"start":{"line":132,"column":23},"end":{"line":132,"column":41}},{"start":{"line":132,"column":41},"end":{"line":132,"column":null}}],"line":132},"16":{"loc":{"start":{"line":142,"column":14},"end":{"line":144,"column":null}},"type":"cond-expr","locations":[{"start":{"line":143,"column":18},"end":{"line":143,"column":null}},{"start":{"line":144,"column":18},"end":{"line":144,"column":null}}],"line":142},"17":{"loc":{"start":{"line":150,"column":16},"end":{"line":152,"column":null}},"type":"cond-expr","locations":[{"start":{"line":151,"column":20},"end":{"line":151,"column":null}},{"start":{"line":152,"column":20},"end":{"line":152,"column":null}}],"line":150},"18":{"loc":{"start":{"line":157,"column":18},"end":{"line":157,"column":null}},"type":"cond-expr","locations":[{"start":{"line":157,"column":29},"end":{"line":157,"column":50}},{"start":{"line":157,"column":50},"end":{"line":157,"column":null}}],"line":157},"19":{"loc":{"start":{"line":162,"column":29},"end":{"line":162,"column":null}},"type":"cond-expr","locations":[{"start":{"line":162,"column":40},"end":{"line":162,"column":60}},{"start":{"line":162,"column":60},"end":{"line":162,"column":null}}],"line":162},"20":{"loc":{"start":{"line":167,"column":18},"end":{"line":167,"column":null}},"type":"cond-expr","locations":[{"start":{"line":167,"column":29},"end":{"line":167,"column":44}},{"start":{"line":167,"column":44},"end":{"line":167,"column":null}}],"line":167},"21":{"loc":{"start":{"line":174,"column":18},"end":{"line":174,"column":null}},"type":"cond-expr","locations":[{"start":{"line":174,"column":29},"end":{"line":174,"column":48}},{"start":{"line":174,"column":48},"end":{"line":174,"column":null}}],"line":174},"22":{"loc":{"start":{"line":184,"column":15},"end":{"line":194,"column":null}},"type":"binary-expr","locations":[{"start":{"line":184,"column":15},"end":{"line":184,"column":null}},{"start":{"line":185,"column":16},"end":{"line":194,"column":null}}],"line":184},"23":{"loc":{"start":{"line":187,"column":20},"end":{"line":189,"column":null}},"type":"cond-expr","locations":[{"start":{"line":188,"column":24},"end":{"line":188,"column":null}},{"start":{"line":189,"column":24},"end":{"line":189,"column":null}}],"line":187},"24":{"loc":{"start":{"line":196,"column":15},"end":{"line":206,"column":null}},"type":"binary-expr","locations":[{"start":{"line":196,"column":15},"end":{"line":196,"column":null}},{"start":{"line":197,"column":16},"end":{"line":206,"column":null}}],"line":196},"25":{"loc":{"start":{"line":199,"column":20},"end":{"line":201,"column":null}},"type":"cond-expr","locations":[{"start":{"line":200,"column":24},"end":{"line":200,"column":null}},{"start":{"line":201,"column":24},"end":{"line":201,"column":null}}],"line":199},"26":{"loc":{"start":{"line":215,"column":22},"end":{"line":215,"column":null}},"type":"cond-expr","locations":[{"start":{"line":215,"column":33},"end":{"line":215,"column":52}},{"start":{"line":215,"column":52},"end":{"line":215,"column":null}}],"line":215},"27":{"loc":{"start":{"line":225,"column":26},"end":{"line":231,"column":null}},"type":"cond-expr","locations":[{"start":{"line":226,"column":30},"end":{"line":228,"column":null}},{"start":{"line":229,"column":30},"end":{"line":231,"column":null}}],"line":225},"28":{"loc":{"start":{"line":226,"column":30},"end":{"line":228,"column":null}},"type":"cond-expr","locations":[{"start":{"line":227,"column":32},"end":{"line":227,"column":null}},{"start":{"line":228,"column":32},"end":{"line":228,"column":null}}],"line":226},"29":{"loc":{"start":{"line":229,"column":30},"end":{"line":231,"column":null}},"type":"cond-expr","locations":[{"start":{"line":230,"column":30},"end":{"line":230,"column":null}},{"start":{"line":231,"column":30},"end":{"line":231,"column":null}}],"line":229},"30":{"loc":{"start":{"line":242,"column":25},"end":{"line":242,"column":null}},"type":"cond-expr","locations":[{"start":{"line":242,"column":45},"end":{"line":242,"column":65}},{"start":{"line":242,"column":65},"end":{"line":242,"column":null}}],"line":242},"31":{"loc":{"start":{"line":252,"column":22},"end":{"line":252,"column":null}},"type":"cond-expr","locations":[{"start":{"line":252,"column":33},"end":{"line":252,"column":52}},{"start":{"line":252,"column":52},"end":{"line":252,"column":null}}],"line":252},"32":{"loc":{"start":{"line":267,"column":24},"end":{"line":269,"column":null}},"type":"cond-expr","locations":[{"start":{"line":268,"column":28},"end":{"line":268,"column":null}},{"start":{"line":269,"column":28},"end":{"line":269,"column":null}}],"line":267},"33":{"loc":{"start":{"line":272,"column":23},"end":{"line":310,"column":null}},"type":"cond-expr","locations":[{"start":{"line":273,"column":24},"end":{"line":286,"column":null}},{"start":{"line":288,"column":24},"end":{"line":310,"column":null}}],"line":272},"34":{"loc":{"start":{"line":281,"column":30},"end":{"line":281,"column":null}},"type":"cond-expr","locations":[{"start":{"line":281,"column":41},"end":{"line":281,"column":60}},{"start":{"line":281,"column":60},"end":{"line":281,"column":null}}],"line":281},"35":{"loc":{"start":{"line":291,"column":30},"end":{"line":291,"column":null}},"type":"cond-expr","locations":[{"start":{"line":291,"column":41},"end":{"line":291,"column":61}},{"start":{"line":291,"column":61},"end":{"line":291,"column":null}}],"line":291},"36":{"loc":{"start":{"line":298,"column":30},"end":{"line":298,"column":null}},"type":"cond-expr","locations":[{"start":{"line":298,"column":41},"end":{"line":298,"column":60}},{"start":{"line":298,"column":60},"end":{"line":298,"column":null}}],"line":298},"37":{"loc":{"start":{"line":305,"column":30},"end":{"line":305,"column":null}},"type":"cond-expr","locations":[{"start":{"line":305,"column":41},"end":{"line":305,"column":60}},{"start":{"line":305,"column":60},"end":{"line":305,"column":null}}],"line":305},"38":{"loc":{"start":{"line":321,"column":22},"end":{"line":321,"column":null}},"type":"cond-expr","locations":[{"start":{"line":321,"column":33},"end":{"line":321,"column":52}},{"start":{"line":321,"column":52},"end":{"line":321,"column":null}}],"line":321},"39":{"loc":{"start":{"line":337,"column":22},"end":{"line":339,"column":null}},"type":"cond-expr","locations":[{"start":{"line":338,"column":26},"end":{"line":338,"column":null}},{"start":{"line":339,"column":26},"end":{"line":339,"column":null}}],"line":337},"40":{"loc":{"start":{"line":349,"column":22},"end":{"line":349,"column":null}},"type":"cond-expr","locations":[{"start":{"line":349,"column":33},"end":{"line":349,"column":52}},{"start":{"line":349,"column":52},"end":{"line":349,"column":null}}],"line":349},"41":{"loc":{"start":{"line":365,"column":22},"end":{"line":367,"column":null}},"type":"cond-expr","locations":[{"start":{"line":366,"column":26},"end":{"line":366,"column":null}},{"start":{"line":367,"column":26},"end":{"line":367,"column":null}}],"line":365},"42":{"loc":{"start":{"line":377,"column":22},"end":{"line":377,"column":null}},"type":"cond-expr","locations":[{"start":{"line":377,"column":33},"end":{"line":377,"column":52}},{"start":{"line":377,"column":52},"end":{"line":377,"column":null}}],"line":377},"43":{"loc":{"start":{"line":387,"column":28},"end":{"line":387,"column":null}},"type":"cond-expr","locations":[{"start":{"line":387,"column":43},"end":{"line":387,"column":52}},{"start":{"line":387,"column":52},"end":{"line":387,"column":null}}],"line":387},"44":{"loc":{"start":{"line":394,"column":24},"end":{"line":396,"column":null}},"type":"cond-expr","locations":[{"start":{"line":395,"column":28},"end":{"line":395,"column":null}},{"start":{"line":396,"column":28},"end":{"line":396,"column":null}}],"line":394},"45":{"loc":{"start":{"line":403,"column":24},"end":{"line":405,"column":null}},"type":"cond-expr","locations":[{"start":{"line":404,"column":28},"end":{"line":404,"column":null}},{"start":{"line":405,"column":28},"end":{"line":405,"column":null}}],"line":403},"46":{"loc":{"start":{"line":408,"column":23},"end":{"line":408,"column":null}},"type":"cond-expr","locations":[{"start":{"line":408,"column":38},"end":{"line":408,"column":61}},{"start":{"line":408,"column":61},"end":{"line":408,"column":null}}],"line":408},"47":{"loc":{"start":{"line":418,"column":22},"end":{"line":418,"column":null}},"type":"cond-expr","locations":[{"start":{"line":418,"column":33},"end":{"line":418,"column":52}},{"start":{"line":418,"column":52},"end":{"line":418,"column":null}}],"line":418},"48":{"loc":{"start":{"line":428,"column":28},"end":{"line":428,"column":null}},"type":"cond-expr","locations":[{"start":{"line":428,"column":50},"end":{"line":428,"column":59}},{"start":{"line":428,"column":59},"end":{"line":428,"column":null}}],"line":428},"49":{"loc":{"start":{"line":435,"column":24},"end":{"line":437,"column":null}},"type":"cond-expr","locations":[{"start":{"line":436,"column":28},"end":{"line":436,"column":null}},{"start":{"line":437,"column":28},"end":{"line":437,"column":null}}],"line":435},"50":{"loc":{"start":{"line":446,"column":24},"end":{"line":448,"column":null}},"type":"cond-expr","locations":[{"start":{"line":447,"column":28},"end":{"line":447,"column":null}},{"start":{"line":448,"column":28},"end":{"line":448,"column":null}}],"line":446},"51":{"loc":{"start":{"line":451,"column":23},"end":{"line":454,"column":null}},"type":"cond-expr","locations":[{"start":{"line":452,"column":24},"end":{"line":452,"column":null}},{"start":{"line":454,"column":24},"end":{"line":454,"column":null}}],"line":451},"52":{"loc":{"start":{"line":465,"column":20},"end":{"line":467,"column":null}},"type":"cond-expr","locations":[{"start":{"line":466,"column":24},"end":{"line":466,"column":null}},{"start":{"line":467,"column":24},"end":{"line":467,"column":null}}],"line":465},"53":{"loc":{"start":{"line":470,"column":19},"end":{"line":470,"column":null}},"type":"cond-expr","locations":[{"start":{"line":470,"column":29},"end":{"line":470,"column":55}},{"start":{"line":470,"column":55},"end":{"line":470,"column":null}}],"line":470},"54":{"loc":{"start":{"line":478,"column":16},"end":{"line":480,"column":null}},"type":"cond-expr","locations":[{"start":{"line":479,"column":20},"end":{"line":479,"column":null}},{"start":{"line":480,"column":20},"end":{"line":480,"column":null}}],"line":478},"55":{"loc":{"start":{"line":485,"column":18},"end":{"line":485,"column":null}},"type":"cond-expr","locations":[{"start":{"line":485,"column":29},"end":{"line":485,"column":48}},{"start":{"line":485,"column":48},"end":{"line":485,"column":null}}],"line":485},"56":{"loc":{"start":{"line":492,"column":20},"end":{"line":492,"column":null}},"type":"cond-expr","locations":[{"start":{"line":492,"column":31},"end":{"line":492,"column":51}},{"start":{"line":492,"column":51},"end":{"line":492,"column":null}}],"line":492},"57":{"loc":{"start":{"line":511,"column":24},"end":{"line":511,"column":56}},"type":"cond-expr","locations":[{"start":{"line":511,"column":35},"end":{"line":511,"column":47}},{"start":{"line":511,"column":47},"end":{"line":511,"column":56}}],"line":511}},"s":{"0":1,"1":1,"2":1,"3":1,"4":1,"5":1,"6":1,"7":1,"8":1,"9":1,"10":1,"11":1,"12":1,"13":1,"14":1,"15":0,"16":0,"17":0,"18":0,"19":0,"20":0,"21":0,"22":1,"23":0,"24":0,"25":0,"26":0,"27":0,"28":0,"29":0,"30":0,"31":0,"32":0,"33":0,"34":0,"35":0,"36":0,"37":0,"38":0,"39":0,"40":0,"41":0,"42":0,"43":0,"44":0,"45":0,"46":0,"47":0,"48":0,"49":0,"50":0,"51":0,"52":0,"53":0,"54":0,"55":0,"56":0,"57":0,"58":0,"59":1,"60":0,"61":0,"62":2,"63":0,"64":0,"65":0,"66":0,"67":0,"68":0,"69":0},"f":{"0":1,"1":0,"2":0,"3":0,"4":0,"5":0,"6":2,"7":0,"8":0,"9":0,"10":0,"11":0,"12":0,"13":0},"b":{"0":[0,0],"1":[0,0],"2":[0,0],"3":[0,0],"4":[0,0],"5":[0,0],"6":[0,0],"7":[0,0],"8":[0,0],"9":[0,0],"10":[0,0],"11":[0,0],"12":[0,0],"13":[0,1],"14":[0,1],"15":[0,1],"16":[0,1],"17":[0,1],"18":[0,1],"19":[0,1],"20":[0,1],"21":[0,1],"22":[1,0],"23":[0,0],"24":[1,0],"25":[0,0],"26":[0,1],"27":[1,1],"28":[0,1],"29":[0,1],"30":[1,1],"31":[0,1],"32":[0,1],"33":[0,1],"34":[0,0],"35":[0,1],"36":[0,1],"37":[0,1],"38":[0,1],"39":[0,1],"40":[0,1],"41":[0,1],"42":[0,1],"43":[0,1],"44":[0,1],"45":[0,1],"46":[0,1],"47":[0,1],"48":[0,1],"49":[0,1],"50":[0,1],"51":[0,1],"52":[0,1],"53":[0,1],"54":[0,1],"55":[0,1],"56":[0,1],"57":[0,1]},"meta":{"lastBranch":58,"lastFunction":14,"lastStatement":70,"seen":{"s:8:26:517:Infinity":0,"f:8:26:8:32":0,"s:9:22:9:Infinity":1,"s:10:24:10:Infinity":2,"s:11:38:11:Infinity":3,"s:12:30:12:Infinity":4,"s:13:24:13:Infinity":5,"s:14:30:14:Infinity":6,"s:15:44:15:Infinity":7,"s:16:38:16:Infinity":8,"s:17:52:17:Infinity":9,"s:18:28:18:Infinity":10,"s:19:24:19:Infinity":11,"s:20:28:20:Infinity":12,"s:21:30:23:Infinity":13,"s:25:28:35:Infinity":14,"f:25:28:25:29":1,"s:26:17:26:Infinity":15,"b:27:4:34:Infinity:undefined:undefined:undefined:undefined":0,"s:27:4:34:Infinity":16,"s:28:6:28:Infinity":17,"s:29:21:29:Infinity":18,"s:30:6:32:Infinity":19,"f:30:25:30:31":2,"s:31:8:31:Infinity":20,"s:33:6:33:Infinity":21,"s:37:23:105:Infinity":22,"f:37:23:37:30":3,"s:38:4:38:Infinity":23,"s:39:4:39:Infinity":24,"s:40:4:40:Infinity":25,"b:42:4:45:Infinity:undefined:undefined:undefined:undefined":1,"s:42:4:45:Infinity":26,"s:43:6:43:Infinity":27,"s:44:6:44:Infinity":28,"s:47:4:47:Infinity":29,"s:49:4:104:Infinity":30,"s:50:23:50:Infinity":31,"s:51:6:51:Infinity":32,"s:52:6:52:Infinity":33,"s:53:6:53:Infinity":34,"s:54:6:54:Infinity":35,"b:55:6:57:Infinity:undefined:undefined:undefined:undefined":2,"s:55:6:57:Infinity":36,"s:56:8:56:Infinity":37,"s:59:23:67:Infinity":38,"b:69:6:77:Infinity:75:13:77:Infinity":3,"s:69:6:77:Infinity":39,"s:70:8:70:Infinity":40,"b:70:19:70:44:70:44:70:70":4,"s:72:8:74:Infinity":41,"f:72:19:72:25":4,"s:73:10:73:Infinity":42,"s:76:8:76:Infinity":43,"s:79:6:79:Infinity":44,"b:81:6:101:Infinity:97:6:101:Infinity":5,"s:81:6:101:Infinity":45,"b:82:8:96:Infinity:88:8:96:Infinity":6,"s:82:8:96:Infinity":46,"b:82:12:82:43:82:43:82:62":7,"s:83:27:83:Infinity":47,"s:84:32:84:Infinity":48,"s:85:10:87:Infinity":49,"b:86:12:86:29:86:29:86:Infinity":8,"b:88:8:96:Infinity:90:8:96:Infinity":9,"s:88:8:96:Infinity":50,"s:89:10:89:Infinity":51,"b:90:8:96:Infinity:92:15:96:Infinity":10,"s:90:8:96:Infinity":52,"s:91:10:91:Infinity":53,"s:93:10:95:Infinity":54,"b:97:6:101:Infinity:99:13:101:Infinity":11,"s:97:6:101:Infinity":55,"s:98:8:98:Infinity":56,"s:100:8:100:Infinity":57,"b:100:17:100:32:100:32:100:70":12,"s:103:6:103:Infinity":58,"s:107:2:515:Infinity":59,"b:111:12:111:Infinity:112:12:112:Infinity":13,"f:117:26:117:32":5,"s:118:10:118:Infinity":60,"s:119:10:119:Infinity":61,"b:127:23:127:41:127:41:127:Infinity":14,"b:132:23:132:41:132:41:132:Infinity":15,"b:143:18:143:Infinity:144:18:144:Infinity":16,"b:151:20:151:Infinity:152:20:152:Infinity":17,"b:157:29:157:50:157:50:157:Infinity":18,"b:162:40:162:60:162:60:162:Infinity":19,"b:167:29:167:44:167:44:167:Infinity":20,"b:174:29:174:48:174:48:174:Infinity":21,"b:184:15:184:Infinity:185:16:194:Infinity":22,"b:188:24:188:Infinity:189:24:189:Infinity":23,"b:196:15:196:Infinity:197:16:206:Infinity":24,"b:200:24:200:Infinity:201:24:201:Infinity":25,"b:215:33:215:52:215:52:215:Infinity":26,"f:221:52:221:53":6,"s:222:22:243:Infinity":62,"b:226:30:228:Infinity:229:30:231:Infinity":27,"b:227:32:227:Infinity:228:32:228:Infinity":28,"b:230:30:230:Infinity:231:30:231:Infinity":29,"f:239:36:239:37":7,"s:239:43:239:Infinity":63,"b:242:45:242:65:242:65:242:Infinity":30,"b:252:33:252:52:252:52:252:Infinity":31,"b:268:28:268:Infinity:269:28:269:Infinity":32,"b:273:24:286:Infinity:288:24:310:Infinity":33,"b:281:41:281:60:281:60:281:Infinity":34,"b:291:41:291:61:291:61:291:Infinity":35,"b:298:41:298:60:298:60:298:Infinity":36,"b:305:41:305:60:305:60:305:Infinity":37,"b:321:33:321:52:321:52:321:Infinity":38,"f:334:30:334:31":8,"s:334:37:334:Infinity":64,"b:338:26:338:Infinity:339:26:339:Infinity":39,"b:349:33:349:52:349:52:349:Infinity":40,"f:362:30:362:31":9,"s:362:37:362:Infinity":65,"b:366:26:366:Infinity:367:26:367:Infinity":41,"b:377:33:377:52:377:52:377:Infinity":42,"b:387:43:387:52:387:52:387:Infinity":43,"f:391:32:391:33":10,"s:391:39:391:Infinity":66,"b:395:28:395:Infinity:396:28:396:Infinity":44,"f:401:31:401:37":11,"s:401:37:401:Infinity":67,"b:404:28:404:Infinity:405:28:405:Infinity":45,"b:408:38:408:61:408:61:408:Infinity":46,"b:418:33:418:52:418:52:418:Infinity":47,"b:428:50:428:59:428:59:428:Infinity":48,"f:432:32:432:33":12,"s:432:39:432:Infinity":68,"b:436:28:436:Infinity:437:28:437:Infinity":49,"f:442:31:442:Infinity":13,"s:443:24:443:Infinity":69,"b:447:28:447:Infinity:448:28:448:Infinity":50,"b:452:24:452:Infinity:454:24:454:Infinity":51,"b:466:24:466:Infinity:467:24:467:Infinity":52,"b:470:29:470:55:470:55:470:Infinity":53,"b:479:20:479:Infinity:480:20:480:Infinity":54,"b:485:29:485:48:485:48:485:Infinity":55,"b:492:31:492:51:492:51:492:Infinity":56,"b:511:35:511:47:511:47:511:56":57}}}
}
