TN:
SF:src\config.js
FNF:0
FNH:0
DA:7,8
DA:11,8
DA:16,8
LF:3
LH:3
BRDA:7,0,0,8
BRDA:7,0,1,0
BRDA:11,1,0,8
BRDA:11,1,1,0
BRDA:12,2,0,0
BRDA:12,2,1,0
BRF:6
BRH:2
end_of_record
TN:
SF:src\components\CandidateNav.jsx
FN:12,(anonymous_0)
FN:27,(anonymous_1)
FN:66,(anonymous_2)
FN:129,(anonymous_3)
FN:144,(anonymous_4)
FNF:5
FNH:3
FNDA:10,(anonymous_0)
FNDA:1,(anonymous_1)
FNDA:40,(anonymous_2)
FNDA:0,(anonymous_3)
FNDA:0,(anonymous_4)
DA:12,7
DA:18,10
DA:20,10
DA:27,10
DA:28,1
DA:29,1
DA:30,1
DA:33,10
DA:67,40
DA:129,0
DA:145,0
LF:11
LH:9
BRDA:36,0,0,0
BRDA:36,0,1,10
BRDA:47,1,0,0
BRDA:47,1,1,10
BRDA:52,2,0,0
BRDA:52,2,1,10
BRDA:57,3,0,0
BRDA:57,3,1,10
BRDA:71,4,0,9
BRDA:71,4,1,31
BRDA:72,5,0,0
BRDA:72,5,1,9
BRDA:75,6,0,0
BRDA:75,6,1,31
BRDA:92,7,0,0
BRDA:92,7,1,10
BRDA:97,8,0,0
BRDA:97,8,1,10
BRDA:102,9,0,10
BRDA:102,9,1,4
BRDA:105,10,0,0
BRDA:105,10,1,4
BRDA:118,11,0,0
BRDA:118,11,1,10
BRDA:131,12,0,0
BRDA:131,12,1,10
BRDA:136,13,0,0
BRDA:136,13,1,10
BRDA:142,14,0,10
BRDA:142,14,1,0
BRDA:149,15,0,0
BRDA:149,15,1,0
BRDA:150,16,0,0
BRDA:150,16,1,0
BRDA:153,17,0,0
BRDA:153,17,1,0
BRDA:165,18,0,0
BRDA:165,18,1,0
BRF:38
BRH:17
end_of_record
TN:
SF:src\components\Header.jsx
FN:2,(anonymous_0)
FNF:1
FNH:1
FNDA:2,(anonymous_0)
DA:2,2
DA:3,2
LF:2
LH:2
BRF:0
BRH:0
end_of_record
TN:
SF:src\components\JobDetailsModal.jsx
FN:4,(anonymous_0)
FN:212,(anonymous_1)
FN:241,(anonymous_2)
FN:270,(anonymous_3)
FN:326,(anonymous_4)
FNF:5
FNH:5
FNDA:6,(anonymous_0)
FNDA:4,(anonymous_1)
FNDA:2,(anonymous_2)
FNDA:2,(anonymous_3)
FNDA:2,(anonymous_4)
DA:4,3
DA:12,6
DA:14,4
DA:213,4
DA:242,2
DA:271,2
DA:327,2
DA:328,2
LF:8
LH:8
BRDA:12,0,0,2
BRDA:12,0,1,4
BRDA:12,1,0,6
BRDA:12,1,1,4
BRDA:25,2,0,0
BRDA:25,2,1,4
BRDA:33,3,0,0
BRDA:33,3,1,4
BRDA:42,4,0,0
BRDA:42,4,1,4
BRDA:52,5,0,0
BRDA:52,5,1,4
BRDA:59,6,0,0
BRDA:59,6,1,4
BRDA:64,7,0,6
BRDA:64,7,1,2
BRDA:72,8,0,0
BRDA:72,8,1,4
BRDA:85,9,0,0
BRDA:85,9,1,4
BRDA:93,10,0,0
BRDA:93,10,1,4
BRDA:98,11,0,6
BRDA:98,11,1,2
BRDA:106,12,0,0
BRDA:106,12,1,4
BRDA:111,13,0,0
BRDA:111,13,1,4
BRDA:117,14,0,0
BRDA:117,14,1,4
BRDA:120,15,0,6
BRDA:120,15,1,2
BRDA:125,16,0,6
BRDA:125,16,1,4
BRDA:125,16,2,2
BRDA:129,17,0,0
BRDA:129,17,1,2
BRDA:134,18,0,0
BRDA:134,18,1,2
BRDA:140,19,0,2
BRDA:140,19,1,2
BRDA:143,20,0,0
BRDA:143,20,1,2
BRDA:151,21,0,0
BRDA:151,21,1,2
BRDA:158,22,0,0
BRDA:158,22,1,2
BRDA:165,23,0,0
BRDA:165,23,1,2
BRDA:175,24,0,2
BRDA:175,24,1,2
BRDA:178,25,0,0
BRDA:178,25,1,2
BRDA:185,26,0,0
BRDA:185,26,1,2
BRDA:192,27,0,0
BRDA:192,27,1,2
BRDA:200,28,0,2
BRDA:200,28,1,2
BRDA:200,28,2,2
BRDA:205,29,0,0
BRDA:205,29,1,2
BRDA:216,30,0,0
BRDA:216,30,1,4
BRDA:229,31,0,2
BRDA:229,31,1,2
BRDA:229,31,2,2
BRDA:234,32,0,0
BRDA:234,32,1,2
BRDA:245,33,0,0
BRDA:245,33,1,2
BRDA:258,34,0,2
BRDA:258,34,1,2
BRDA:258,34,2,2
BRDA:263,35,0,0
BRDA:263,35,1,2
BRDA:274,36,0,0
BRDA:274,36,1,2
BRDA:293,37,0,0
BRDA:293,37,1,4
BRDA:298,38,0,0
BRDA:298,38,1,4
BRDA:310,39,0,0
BRDA:310,39,1,4
BRDA:318,40,0,0
BRDA:318,40,1,4
BRDA:332,41,0,1
BRDA:332,41,1,3
BRDA:333,42,0,0
BRDA:333,42,1,1
BRDA:336,43,0,0
BRDA:336,43,1,3
BRDA:341,44,0,1
BRDA:341,44,1,3
BRF:94
BRH:62
end_of_record
TN:
SF:src\components\LandingNav.jsx
FN:10,(anonymous_0)
FNF:1
FNH:1
FNDA:12,(anonymous_0)
DA:10,7
DA:11,12
LF:2
LH:2
BRDA:14,0,0,1
BRDA:14,0,1,11
BRDA:23,1,0,1
BRDA:23,1,1,11
BRDA:28,2,0,1
BRDA:28,2,1,11
BRDA:33,3,0,1
BRDA:33,3,1,11
BRDA:44,4,0,1
BRDA:44,4,1,11
BRDA:49,5,0,1
BRDA:49,5,1,11
BRDA:54,6,0,1
BRDA:54,6,1,11
BRDA:65,7,0,1
BRDA:65,7,1,11
BRF:16
BRH:16
end_of_record
TN:
SF:src\components\RecruiterNav.jsx
FN:12,(anonymous_0)
FN:28,(anonymous_1)
FN:67,(anonymous_2)
FN:129,(anonymous_3)
FN:144,(anonymous_4)
FNF:5
FNH:3
FNDA:28,(anonymous_0)
FNDA:2,(anonymous_1)
FNDA:140,(anonymous_2)
FNDA:0,(anonymous_3)
FNDA:0,(anonymous_4)
DA:12,7
DA:18,28
DA:20,28
DA:28,28
DA:29,2
DA:30,2
DA:31,2
DA:34,28
DA:68,140
DA:129,0
DA:145,0
LF:11
LH:9
BRDA:37,0,0,1
BRDA:37,0,1,27
BRDA:48,1,0,1
BRDA:48,1,1,27
BRDA:53,2,0,1
BRDA:53,2,1,27
BRDA:58,3,0,1
BRDA:58,3,1,27
BRDA:72,4,0,28
BRDA:72,4,1,112
BRDA:73,5,0,1
BRDA:73,5,1,27
BRDA:76,6,0,4
BRDA:76,6,1,108
BRDA:93,7,0,1
BRDA:93,7,1,27
BRDA:98,8,0,1
BRDA:98,8,1,27
BRDA:103,9,0,28
BRDA:103,9,1,16
BRDA:106,10,0,1
BRDA:106,10,1,15
BRDA:118,11,0,1
BRDA:118,11,1,27
BRDA:131,12,0,1
BRDA:131,12,1,27
BRDA:136,13,0,0
BRDA:136,13,1,28
BRDA:142,14,0,28
BRDA:142,14,1,0
BRDA:149,15,0,0
BRDA:149,15,1,0
BRDA:150,16,0,0
BRDA:150,16,1,0
BRDA:153,17,0,0
BRDA:153,17,1,0
BRDA:165,18,0,0
BRDA:165,18,1,0
BRF:38
BRH:28
end_of_record
TN:
SF:src\pages\CandidateDashboardPage.jsx
FN:15,(anonymous_0)
FN:30,(anonymous_1)
FN:35,(anonymous_2)
FN:54,(anonymous_3)
FN:56,(anonymous_4)
FN:79,(anonymous_5)
FN:81,(anonymous_6)
FN:102,(anonymous_7)
FN:113,(anonymous_8)
FN:119,(anonymous_9)
FN:142,(anonymous_10)
FN:159,(anonymous_11)
FN:395,(anonymous_12)
FN:473,(anonymous_13)
FNF:14
FNH:7
FNDA:2,(anonymous_0)
FNDA:1,(anonymous_1)
FNDA:1,(anonymous_2)
FNDA:1,(anonymous_3)
FNDA:1,(anonymous_4)
FNDA:1,(anonymous_5)
FNDA:1,(anonymous_6)
FNDA:0,(anonymous_7)
FNDA:0,(anonymous_8)
FNDA:0,(anonymous_9)
FNDA:0,(anonymous_10)
FNDA:0,(anonymous_11)
FNDA:0,(anonymous_12)
FNDA:0,(anonymous_13)
DA:15,1
DA:16,2
DA:17,2
DA:20,2
DA:21,2
DA:22,2
DA:23,2
DA:24,2
DA:25,2
DA:26,2
DA:28,2
DA:30,2
DA:31,1
DA:35,2
DA:36,1
DA:37,1
DA:38,1
DA:39,1
DA:40,1
DA:42,1
DA:43,0
DA:46,0
DA:49,0
DA:54,2
DA:55,1
DA:56,1
DA:57,1
DA:58,1
DA:59,1
DA:60,1
DA:66,0
DA:67,1
DA:69,0
DA:70,0
DA:72,0
DA:75,1
DA:79,2
DA:80,1
DA:81,1
DA:82,1
DA:83,1
DA:84,1
DA:85,1
DA:91,0
DA:93,0
DA:94,0
DA:96,0
DA:99,1
DA:102,2
DA:103,0
DA:104,0
DA:105,0
DA:106,0
DA:107,0
DA:109,0
DA:113,2
DA:114,0
DA:115,0
DA:116,0
DA:119,2
DA:120,0
DA:123,0
DA:125,0
DA:126,0
DA:132,0
DA:134,0
DA:140,0
DA:141,0
DA:142,0
DA:144,0
DA:145,0
DA:149,2
DA:160,0
DA:161,0
DA:396,0
DA:473,0
LF:76
LH:41
BRDA:37,0,0,1
BRDA:37,0,1,0
BRDA:40,1,0,1
BRDA:40,1,1,0
BRDA:42,2,0,0
BRDA:42,2,1,1
BRDA:55,3,0,0
BRDA:55,3,1,1
BRDA:66,4,0,0
BRDA:66,4,1,0
BRDA:67,5,0,1
BRDA:67,5,1,0
BRDA:80,6,0,0
BRDA:80,6,1,1
BRDA:91,7,0,0
BRDA:91,7,1,0
BRDA:105,8,0,0
BRDA:105,8,1,0
BRDA:106,9,0,0
BRDA:106,9,1,0
BRDA:120,10,0,0
BRDA:120,10,1,0
BRDA:140,11,0,0
BRDA:140,11,1,0
BRDA:141,12,0,0
BRDA:141,12,1,0
BRDA:152,13,0,0
BRDA:152,13,1,2
BRDA:173,14,0,0
BRDA:173,14,1,2
BRDA:180,15,0,0
BRDA:180,15,1,2
BRDA:188,16,0,2
BRDA:188,16,1,0
BRDA:191,17,0,0
BRDA:191,17,1,0
BRDA:200,18,0,2
BRDA:200,18,1,0
BRDA:203,19,0,0
BRDA:203,19,1,0
BRDA:218,20,0,0
BRDA:218,20,1,2
BRDA:228,21,0,0
BRDA:228,21,1,2
BRDA:233,22,0,1
BRDA:233,22,1,1
BRDA:236,23,0,0
BRDA:236,23,1,1
BRDA:242,24,0,0
BRDA:242,24,1,1
BRDA:251,25,0,0
BRDA:251,25,1,2
BRDA:265,26,0,0
BRDA:265,26,1,2
BRDA:275,27,0,0
BRDA:275,27,1,2
BRDA:280,28,0,1
BRDA:280,28,1,1
BRDA:283,29,0,0
BRDA:283,29,1,1
BRDA:289,30,0,0
BRDA:289,30,1,1
BRDA:298,31,0,0
BRDA:298,31,1,2
BRDA:313,32,0,0
BRDA:313,32,1,2
BRDA:321,33,0,0
BRDA:321,33,1,2
BRDA:329,34,0,0
BRDA:329,34,1,2
BRDA:339,35,0,0
BRDA:339,35,1,2
BRDA:346,36,0,0
BRDA:346,36,1,2
BRDA:357,37,0,2
BRDA:357,37,1,0
BRDA:361,38,0,0
BRDA:361,38,1,2
BRDA:365,39,0,0
BRDA:365,39,1,0
BRDA:370,40,0,0
BRDA:370,40,1,0
BRDA:377,41,0,0
BRDA:377,41,1,0
BRDA:385,42,0,0
BRDA:385,42,1,0
BRDA:399,43,0,0
BRDA:399,43,1,0
BRDA:415,44,0,0
BRDA:415,44,1,0
BRDA:426,45,0,0
BRDA:426,45,1,0
BRDA:437,46,0,0
BRDA:437,46,1,0
BRDA:438,47,0,0
BRDA:438,47,1,0
BRDA:441,48,0,0
BRDA:441,48,1,0
BRDA:446,49,0,0
BRDA:446,49,1,0
BRDA:453,50,0,0
BRDA:453,50,1,0
BRDA:462,51,0,0
BRDA:462,51,1,0
BRDA:475,52,0,0
BRDA:475,52,1,0
BRDA:496,53,0,0
BRDA:496,53,1,2
BRDA:506,54,0,0
BRDA:506,54,1,2
BRF:110
BRH:34
end_of_record
TN:
SF:src\pages\CandidateDetailsPage.jsx
FN:16,(anonymous_0)
FN:30,(anonymous_1)
FN:34,(anonymous_2)
FN:46,(anonymous_3)
FN:55,(anonymous_4)
FN:73,(anonymous_5)
FN:98,(anonymous_6)
FN:181,(anonymous_7)
FN:361,(anonymous_8)
FN:395,(anonymous_9)
FN:428,(anonymous_10)
FN:482,(anonymous_11)
FN:538,(anonymous_12)
FNF:13
FNH:5
FNDA:2,(anonymous_0)
FNDA:1,(anonymous_1)
FNDA:1,(anonymous_2)
FNDA:1,(anonymous_3)
FNDA:1,(anonymous_4)
FNDA:0,(anonymous_5)
FNDA:0,(anonymous_6)
FNDA:0,(anonymous_7)
FNDA:0,(anonymous_8)
FNDA:0,(anonymous_9)
FNDA:0,(anonymous_10)
FNDA:0,(anonymous_11)
FNDA:0,(anonymous_12)
DA:16,1
DA:17,2
DA:18,2
DA:19,2
DA:20,2
DA:21,2
DA:25,2
DA:27,2
DA:28,2
DA:30,2
DA:31,1
DA:34,2
DA:35,1
DA:36,1
DA:37,0
DA:38,0
DA:39,0
DA:41,0
DA:46,2
DA:47,1
DA:48,0
DA:49,0
DA:50,0
DA:52,1
DA:55,2
DA:56,1
DA:57,1
DA:63,1
DA:64,1
DA:66,0
DA:67,0
DA:69,1
DA:73,2
DA:74,0
DA:75,0
DA:83,0
DA:84,0
DA:87,0
DA:90,0
DA:92,0
DA:93,0
DA:98,2
DA:99,0
DA:100,0
DA:108,0
DA:109,0
DA:112,0
DA:115,0
DA:117,0
DA:118,0
DA:123,2
DA:124,1
DA:141,1
DA:142,0
DA:169,1
DA:171,2
DA:182,0
DA:183,0
DA:362,0
DA:396,0
DA:429,0
DA:483,0
DA:539,0
LF:63
LH:30
BRDA:28,0,0,2
BRDA:28,0,1,0
BRDA:36,1,0,0
BRDA:36,1,1,1
BRDA:39,2,0,0
BRDA:39,2,1,0
BRDA:47,3,0,0
BRDA:47,3,1,1
BRDA:83,4,0,0
BRDA:83,4,1,0
BRDA:92,5,0,0
BRDA:92,5,1,0
BRDA:108,6,0,0
BRDA:108,6,1,0
BRDA:117,7,0,0
BRDA:117,7,1,0
BRDA:123,8,0,1
BRDA:123,8,1,1
BRDA:127,9,0,0
BRDA:127,9,1,1
BRDA:134,10,0,0
BRDA:134,10,1,1
BRDA:141,11,0,0
BRDA:141,11,1,1
BRDA:141,12,0,1
BRDA:141,12,1,1
BRDA:145,13,0,0
BRDA:145,13,1,0
BRDA:152,14,0,0
BRDA:152,14,1,0
BRDA:159,15,0,0
BRDA:159,15,1,0
BRDA:162,16,0,0
BRDA:162,16,1,0
BRDA:169,17,0,1
BRDA:169,17,1,0
BRDA:174,18,0,0
BRDA:174,18,1,1
BRDA:194,19,0,0
BRDA:194,19,1,1
BRDA:201,20,0,0
BRDA:201,20,1,1
BRDA:210,21,0,0
BRDA:210,21,1,1
BRDA:217,22,0,0
BRDA:217,22,1,1
BRDA:223,23,0,2
BRDA:223,23,1,0
BRDA:226,24,0,0
BRDA:226,24,1,0
BRDA:234,25,0,2
BRDA:234,25,1,0
BRDA:239,26,0,0
BRDA:239,26,1,0
BRDA:249,27,0,0
BRDA:249,27,1,0
BRDA:263,28,0,2
BRDA:263,28,1,0
BRDA:263,28,2,0
BRDA:267,29,0,0
BRDA:267,29,1,0
BRDA:270,30,0,0
BRDA:270,30,1,0
BRDA:277,31,0,0
BRDA:277,31,1,0
BRDA:285,32,0,0
BRDA:285,32,1,0
BRDA:293,33,0,0
BRDA:293,33,1,0
BRDA:296,34,0,0
BRDA:296,34,1,0
BRDA:303,35,0,0
BRDA:303,35,1,0
BRDA:311,36,0,0
BRDA:311,36,1,0
BRDA:319,37,0,0
BRDA:319,37,1,0
BRDA:322,38,0,0
BRDA:322,38,1,0
BRDA:329,39,0,0
BRDA:329,39,1,0
BRDA:337,40,0,0
BRDA:337,40,1,0
BRDA:347,41,0,0
BRDA:347,41,1,0
BRDA:347,41,2,0
BRDA:351,42,0,0
BRDA:351,42,1,0
BRDA:356,43,0,0
BRDA:356,43,1,0
BRDA:365,44,0,0
BRDA:365,44,1,0
BRDA:378,45,0,0
BRDA:378,45,1,0
BRDA:378,45,2,0
BRDA:383,46,0,0
BRDA:383,46,1,0
BRDA:389,47,0,0
BRDA:389,47,1,0
BRDA:399,48,0,0
BRDA:399,48,1,0
BRDA:412,49,0,0
BRDA:412,49,1,0
BRDA:412,49,2,0
BRDA:416,50,0,0
BRDA:416,50,1,0
BRDA:422,51,0,0
BRDA:422,51,1,0
BRDA:432,52,0,0
BRDA:432,52,1,0
BRDA:439,53,0,0
BRDA:439,53,1,0
BRDA:446,54,0,0
BRDA:446,54,1,0
BRDA:453,55,0,0
BRDA:453,55,1,0
BRDA:465,56,0,0
BRDA:465,56,1,0
BRDA:465,56,2,0
BRDA:470,57,0,0
BRDA:470,57,1,0
BRDA:476,58,0,0
BRDA:476,58,1,0
BRDA:486,59,0,0
BRDA:486,59,1,0
BRDA:493,60,0,0
BRDA:493,60,1,0
BRDA:500,61,0,0
BRDA:500,61,1,0
BRDA:505,62,0,0
BRDA:505,62,1,0
BRDA:508,63,0,0
BRDA:508,63,1,0
BRDA:521,64,0,0
BRDA:521,64,1,0
BRDA:521,64,2,0
BRDA:526,65,0,0
BRDA:526,65,1,0
BRDA:532,66,0,0
BRDA:532,66,1,0
BRDA:542,67,0,0
BRDA:542,67,1,0
BRDA:549,68,0,0
BRDA:549,68,1,0
BRDA:554,69,0,0
BRDA:554,69,1,0
BRF:146
BRH:19
end_of_record
TN:
SF:src\pages\CandidateInterviewsPage.jsx
FN:15,(anonymous_0)
FN:29,(anonymous_1)
FN:33,(anonymous_2)
FN:46,(anonymous_3)
FN:52,(anonymous_4)
FN:53,(anonymous_5)
FN:56,(anonymous_6)
FN:60,(anonymous_7)
FN:64,(anonymous_8)
FN:101,(anonymous_9)
FN:107,(anonymous_10)
FN:108,(anonymous_11)
FN:127,(anonymous_12)
FN:135,(anonymous_13)
FN:136,(anonymous_14)
FN:147,(anonymous_15)
FN:162,(anonymous_16)
FN:164,(anonymous_17)
FN:180,(anonymous_18)
FN:188,(anonymous_19)
FN:210,(anonymous_20)
FN:247,(anonymous_21)
FN:271,(anonymous_22)
FN:357,(anonymous_23)
FN:425,(anonymous_24)
FN:446,(anonymous_25)
FN:458,(anonymous_26)
FN:475,(anonymous_27)
FN:485,(anonymous_28)
FNF:29
FNH:11
FNDA:1,(anonymous_0)
FNDA:1,(anonymous_1)
FNDA:1,(anonymous_2)
FNDA:1,(anonymous_3)
FNDA:1,(anonymous_4)
FNDA:0,(anonymous_5)
FNDA:1,(anonymous_6)
FNDA:1,(anonymous_7)
FNDA:0,(anonymous_8)
FNDA:0,(anonymous_9)
FNDA:1,(anonymous_10)
FNDA:1,(anonymous_11)
FNDA:0,(anonymous_12)
FNDA:0,(anonymous_13)
FNDA:0,(anonymous_14)
FNDA:0,(anonymous_15)
FNDA:1,(anonymous_16)
FNDA:0,(anonymous_17)
FNDA:0,(anonymous_18)
FNDA:0,(anonymous_19)
FNDA:0,(anonymous_20)
FNDA:0,(anonymous_21)
FNDA:3,(anonymous_22)
FNDA:0,(anonymous_23)
FNDA:0,(anonymous_24)
FNDA:0,(anonymous_25)
FNDA:0,(anonymous_26)
FNDA:0,(anonymous_27)
FNDA:0,(anonymous_28)
DA:15,1
DA:16,1
DA:17,1
DA:18,1
DA:19,1
DA:20,1
DA:23,1
DA:24,1
DA:25,1
DA:26,1
DA:27,1
DA:29,1
DA:30,1
DA:33,1
DA:34,1
DA:35,1
DA:36,0
DA:37,0
DA:38,0
DA:40,0
DA:46,1
DA:47,1
DA:48,0
DA:52,1
DA:53,1
DA:54,0
DA:56,1
DA:60,1
DA:61,1
DA:63,0
DA:64,0
DA:65,0
DA:66,0
DA:67,0
DA:70,0
DA:71,0
DA:77,0
DA:83,0
DA:85,0
DA:89,0
DA:93,0
DA:100,0
DA:101,0
DA:107,1
DA:108,1
DA:109,1
DA:110,1
DA:111,1
DA:117,0
DA:119,0
DA:121,0
DA:124,1
DA:127,1
DA:128,0
DA:129,0
DA:135,0
DA:136,0
DA:139,0
DA:147,1
DA:148,0
DA:149,0
DA:151,0
DA:152,0
DA:153,0
DA:154,0
DA:156,0
DA:157,0
DA:158,0
DA:162,1
DA:163,1
DA:164,1
DA:165,0
DA:166,0
DA:167,0
DA:168,0
DA:171,0
DA:175,1
DA:180,0
DA:188,0
DA:200,1
DA:211,0
DA:212,0
DA:248,0
DA:252,0
DA:272,3
DA:273,3
DA:358,0
DA:426,0
DA:427,0
DA:429,0
DA:431,0
DA:442,0
DA:447,0
DA:448,0
DA:449,0
DA:450,0
DA:451,0
DA:452,0
DA:454,0
DA:455,0
DA:459,0
DA:471,0
DA:472,0
DA:475,0
DA:485,0
DA:497,0
LF:106
LH:38
BRDA:35,0,0,0
BRDA:35,0,1,1
BRDA:38,1,0,0
BRDA:38,1,1,0
BRDA:47,2,0,0
BRDA:47,2,1,1
BRDA:47,3,0,1
BRDA:47,3,1,0
BRDA:61,4,0,1
BRDA:61,4,1,0
BRDA:70,5,0,0
BRDA:70,5,1,0
BRDA:71,6,0,0
BRDA:71,6,1,0
BRDA:71,6,2,0
BRDA:71,6,3,0
BRDA:71,6,4,0
BRDA:71,6,5,0
BRDA:77,7,0,0
BRDA:77,7,1,0
BRDA:78,8,0,0
BRDA:78,8,1,0
BRDA:78,8,2,0
BRDA:85,9,0,0
BRDA:85,9,1,0
BRDA:89,10,0,0
BRDA:89,10,1,0
BRDA:117,11,0,0
BRDA:117,11,1,0
BRDA:119,12,0,0
BRDA:119,12,1,0
BRDA:136,13,0,0
BRDA:136,13,1,0
BRDA:140,14,0,0
BRDA:140,14,1,0
BRDA:140,14,2,0
BRDA:149,15,0,0
BRDA:149,15,1,0
BRDA:156,16,0,0
BRDA:156,16,1,0
BRDA:157,17,0,0
BRDA:157,17,1,0
BRDA:168,18,0,0
BRDA:168,18,1,0
BRDA:169,19,0,0
BRDA:169,19,1,0
BRDA:170,20,0,0
BRDA:170,20,1,0
BRDA:171,21,0,0
BRDA:171,21,1,0
BRDA:171,21,2,0
BRDA:180,22,0,0
BRDA:180,22,1,0
BRDA:188,23,0,0
BRDA:188,23,1,0
BRDA:203,24,0,0
BRDA:203,24,1,1
BRDA:220,25,0,1
BRDA:220,25,1,0
BRDA:223,26,0,0
BRDA:223,26,1,0
BRDA:231,27,0,0
BRDA:231,27,1,0
BRDA:236,28,0,0
BRDA:236,28,1,0
BRDA:242,29,0,0
BRDA:242,29,1,0
BRDA:256,30,0,0
BRDA:256,30,1,0
BRDA:260,31,0,0
BRDA:260,31,1,0
BRDA:277,32,0,0
BRDA:277,32,1,3
BRDA:294,33,0,0
BRDA:294,33,1,3
BRDA:301,34,0,0
BRDA:301,34,1,3
BRDA:312,35,0,1
BRDA:312,35,1,0
BRDA:316,36,0,0
BRDA:316,36,1,1
BRDA:320,37,0,0
BRDA:320,37,1,0
BRDA:323,38,0,0
BRDA:323,38,1,0
BRDA:330,39,0,0
BRDA:330,39,1,0
BRDA:333,40,0,0
BRDA:333,40,1,0
BRDA:341,41,0,0
BRDA:341,41,1,0
BRDA:346,42,0,0
BRDA:346,42,1,0
BRDA:351,43,0,0
BRDA:351,43,1,0
BRDA:361,44,0,0
BRDA:361,44,1,0
BRDA:377,45,0,0
BRDA:377,45,1,0
BRDA:382,46,0,0
BRDA:382,46,1,0
BRDA:391,47,0,0
BRDA:391,47,1,0
BRDA:400,48,0,0
BRDA:400,48,1,0
BRDA:410,49,0,0
BRDA:410,49,1,0
BRDA:417,50,0,0
BRDA:417,50,1,0
BRDA:426,51,0,0
BRDA:426,51,1,0
BRDA:431,52,0,0
BRDA:431,52,1,0
BRDA:431,53,0,0
BRDA:431,53,1,0
BRDA:432,54,0,0
BRDA:432,54,1,0
BRDA:435,55,0,0
BRDA:435,55,1,0
BRDA:436,56,0,0
BRDA:436,56,1,0
BRDA:439,57,0,0
BRDA:439,57,1,0
BRDA:447,58,0,0
BRDA:447,58,1,0
BRDA:452,59,0,0
BRDA:452,59,1,0
BRDA:454,60,0,0
BRDA:454,60,1,0
BRDA:454,61,0,0
BRDA:454,61,1,0
BRDA:454,61,2,0
BRDA:462,62,0,0
BRDA:462,62,1,0
BRDA:471,63,0,0
BRDA:471,63,1,0
BRDA:471,64,0,0
BRDA:471,64,1,0
BRDA:477,65,0,0
BRDA:477,65,1,0
BRDA:487,66,0,0
BRDA:487,66,1,0
BRF:142
BRH:11
end_of_record
TN:
SF:src\pages\DashboardPage.jsx
FN:14,(anonymous_0)
FN:30,(anonymous_1)
FN:34,(anonymous_2)
FN:52,(anonymous_3)
FN:74,(anonymous_4)
FN:81,(anonymous_5)
FN:90,(anonymous_6)
FN:94,(anonymous_7)
FN:97,(anonymous_8)
FN:163,(anonymous_9)
FN:212,(anonymous_10)
FNF:11
FNH:8
FNDA:14,(anonymous_0)
FNDA:5,(anonymous_1)
FNDA:5,(anonymous_2)
FNDA:8,(anonymous_3)
FNDA:3,(anonymous_4)
FNDA:3,(anonymous_5)
FNDA:0,(anonymous_6)
FNDA:3,(anonymous_7)
FNDA:0,(anonymous_8)
FNDA:0,(anonymous_9)
FNDA:10,(anonymous_10)
DA:14,1
DA:15,14
DA:16,14
DA:17,14
DA:24,14
DA:25,14
DA:26,14
DA:30,14
DA:31,5
DA:34,14
DA:35,5
DA:36,5
DA:37,4
DA:38,4
DA:39,4
DA:40,4
DA:41,4
DA:42,1
DA:45,0
DA:48,1
DA:52,14
DA:53,8
DA:54,3
DA:55,3
DA:56,0
DA:63,0
DA:65,3
DA:66,3
DA:67,3
DA:75,3
DA:76,0
DA:77,0
DA:79,3
DA:82,3
DA:91,0
DA:92,0
DA:94,3
DA:97,14
DA:98,0
DA:99,0
DA:100,0
DA:103,14
DA:110,14
DA:153,14
DA:164,0
DA:165,0
DA:213,10
DA:214,10
LF:48
LH:36
BRDA:36,0,0,4
BRDA:36,0,1,1
BRDA:39,1,0,4
BRDA:39,1,1,0
BRDA:40,2,0,4
BRDA:40,2,1,0
BRDA:41,3,0,1
BRDA:41,3,1,3
BRDA:53,4,0,5
BRDA:53,4,1,3
BRDA:55,5,0,0
BRDA:55,5,1,3
BRDA:75,6,0,0
BRDA:75,6,1,3
BRDA:83,7,0,3
BRDA:83,7,1,0
BRDA:84,8,0,3
BRDA:84,8,1,3
BRDA:85,9,0,3
BRDA:85,9,1,0
BRDA:86,10,0,3
BRDA:86,10,1,0
BRDA:87,11,0,3
BRDA:87,11,1,3
BRDA:92,12,0,0
BRDA:92,12,1,0
BRDA:156,13,0,0
BRDA:156,13,1,14
BRDA:177,14,0,0
BRDA:177,14,1,14
BRDA:184,15,0,0
BRDA:184,15,1,14
BRDA:192,16,0,12
BRDA:192,16,1,2
BRDA:196,17,0,0
BRDA:196,17,1,12
BRDA:200,18,0,0
BRDA:200,18,1,2
BRDA:203,19,0,0
BRDA:203,19,1,0
BRDA:218,20,0,0
BRDA:218,20,1,10
BRDA:231,21,0,0
BRDA:231,21,1,10
BRDA:238,22,0,0
BRDA:238,22,1,10
BRDA:253,23,0,0
BRDA:253,23,1,14
BRDA:261,24,0,0
BRDA:261,24,1,14
BRDA:268,25,0,0
BRDA:268,25,1,14
BRDA:281,26,0,0
BRDA:281,26,1,14
BRDA:295,27,0,0
BRDA:295,27,1,14
BRDA:309,28,0,0
BRDA:309,28,1,14
BRDA:323,29,0,0
BRDA:323,29,1,14
BRF:60
BRH:34
end_of_record
TN:
SF:src\pages\FindJobsPage.jsx
FN:7,(anonymous_0)
FN:23,(anonymous_1)
FN:27,(anonymous_2)
FN:42,(anonymous_3)
FN:43,(anonymous_4)
FN:52,(anonymous_5)
FN:63,(anonymous_6)
FN:87,(anonymous_7)
FN:89,(anonymous_8)
FN:94,(anonymous_9)
FN:100,(anonymous_10)
FN:120,(anonymous_11)
FN:136,(anonymous_12)
FN:152,(anonymous_13)
FN:186,(anonymous_14)
FN:263,(anonymous_15)
FN:348,(anonymous_16)
FN:361,(anonymous_17)
FN:389,(anonymous_18)
FNF:19
FNH:6
FNDA:2,(anonymous_0)
FNDA:1,(anonymous_1)
FNDA:1,(anonymous_2)
FNDA:1,(anonymous_3)
FNDA:1,(anonymous_4)
FNDA:0,(anonymous_5)
FNDA:0,(anonymous_6)
FNDA:0,(anonymous_7)
FNDA:0,(anonymous_8)
FNDA:1,(anonymous_9)
FNDA:0,(anonymous_10)
FNDA:0,(anonymous_11)
FNDA:0,(anonymous_12)
FNDA:0,(anonymous_13)
FNDA:0,(anonymous_14)
FNDA:0,(anonymous_15)
FNDA:0,(anonymous_16)
FNDA:0,(anonymous_17)
FNDA:0,(anonymous_18)
DA:7,1
DA:8,2
DA:9,2
DA:10,2
DA:11,2
DA:12,2
DA:13,2
DA:14,2
DA:17,2
DA:18,2
DA:19,2
DA:21,2
DA:23,2
DA:24,1
DA:27,2
DA:28,1
DA:29,1
DA:30,0
DA:31,0
DA:32,0
DA:33,0
DA:34,0
DA:37,0
DA:42,2
DA:43,1
DA:44,1
DA:45,1
DA:46,1
DA:47,1
DA:50,0
DA:51,1
DA:52,0
DA:54,1
DA:56,1
DA:57,0
DA:58,0
DA:62,0
DA:63,0
DA:65,0
DA:67,0
DA:71,0
DA:72,0
DA:73,0
DA:76,0
DA:77,0
DA:79,0
DA:82,0
DA:86,1
DA:87,1
DA:88,1
DA:89,1
DA:90,0
DA:92,1
DA:94,1
DA:95,1
DA:96,1
DA:100,2
DA:101,0
DA:102,0
DA:104,0
DA:105,0
DA:106,0
DA:109,0
DA:110,0
DA:116,0
DA:117,0
DA:118,0
DA:120,0
DA:122,0
DA:123,0
DA:124,0
DA:127,0
DA:128,0
DA:130,0
DA:135,2
DA:137,0
DA:142,2
DA:153,0
DA:154,0
DA:186,0
DA:264,0
DA:349,0
DA:350,0
DA:361,0
DA:389,0
LF:85
LH:37
BRDA:29,0,0,0
BRDA:29,0,1,1
BRDA:32,1,0,0
BRDA:32,1,1,0
BRDA:33,2,0,0
BRDA:33,2,1,0
BRDA:48,3,0,0
BRDA:48,3,1,1
BRDA:50,4,0,0
BRDA:50,4,1,0
BRDA:52,5,0,0
BRDA:52,5,1,0
BRDA:56,6,0,0
BRDA:56,6,1,1
BRDA:63,7,0,0
BRDA:63,7,1,0
BRDA:72,8,0,0
BRDA:72,8,1,0
BRDA:72,9,0,0
BRDA:72,9,1,0
BRDA:76,10,0,0
BRDA:76,10,1,0
BRDA:76,11,0,0
BRDA:76,11,1,0
BRDA:90,12,0,0
BRDA:90,12,1,0
BRDA:104,13,0,0
BRDA:104,13,1,0
BRDA:123,14,0,0
BRDA:123,14,1,0
BRDA:123,15,0,0
BRDA:123,15,1,0
BRDA:127,16,0,0
BRDA:127,16,1,0
BRDA:137,17,0,0
BRDA:137,17,1,0
BRDA:137,17,2,0
BRDA:145,18,0,0
BRDA:145,18,1,2
BRDA:166,19,0,0
BRDA:166,19,1,2
BRDA:170,20,0,0
BRDA:170,20,1,2
BRDA:178,21,0,0
BRDA:178,21,1,2
BRDA:188,22,0,0
BRDA:188,22,1,2
BRDA:198,23,0,2
BRDA:198,23,1,0
BRDA:201,24,0,0
BRDA:201,24,1,0
BRDA:209,25,0,2
BRDA:209,25,1,0
BRDA:212,26,0,0
BRDA:212,26,1,0
BRDA:222,27,0,1
BRDA:222,27,1,1
BRDA:226,28,0,0
BRDA:226,28,1,1
BRDA:233,29,0,0
BRDA:233,29,1,1
BRDA:239,30,0,1
BRDA:239,30,1,0
BRDA:242,31,0,0
BRDA:242,31,1,1
BRDA:250,32,0,0
BRDA:250,32,1,1
BRDA:253,33,0,1
BRDA:253,33,1,0
BRDA:255,34,0,0
BRDA:255,34,1,1
BRDA:256,35,0,1
BRDA:256,35,1,0
BRDA:267,36,0,0
BRDA:267,36,1,0
BRDA:279,37,0,0
BRDA:279,37,1,0
BRDA:292,38,0,0
BRDA:292,38,1,0
BRDA:299,39,0,0
BRDA:299,39,1,0
BRDA:307,40,0,0
BRDA:307,40,1,0
BRDA:316,41,0,0
BRDA:316,41,1,0
BRDA:319,42,0,0
BRDA:319,42,1,0
BRDA:326,43,0,0
BRDA:326,43,1,0
BRDA:335,44,0,0
BRDA:335,44,1,0
BRDA:340,45,0,0
BRDA:340,45,1,0
BRDA:353,46,0,0
BRDA:353,46,1,0
BRDA:364,47,0,0
BRDA:364,47,1,0
BRDA:365,48,0,0
BRDA:365,48,1,0
BRDA:368,49,0,0
BRDA:368,49,1,0
BRDA:373,50,0,0
BRDA:373,50,1,0
BRDA:392,51,0,0
BRDA:392,51,1,2
BRF:105
BRH:21
end_of_record
TN:
SF:src\pages\ForgotPasswordPage.jsx
FN:7,(anonymous_0)
FN:17,(anonymous_1)
FN:58,(anonymous_2)
FN:178,(anonymous_3)
FNF:4
FNH:1
FNDA:1,(anonymous_0)
FNDA:0,(anonymous_1)
FNDA:0,(anonymous_2)
FNDA:0,(anonymous_3)
DA:7,1
DA:8,1
DA:9,1
DA:10,1
DA:11,1
DA:12,1
DA:13,1
DA:17,1
DA:18,0
DA:19,0
DA:20,0
DA:21,0
DA:22,0
DA:24,0
DA:25,0
DA:28,0
DA:33,0
DA:34,0
DA:37,0
DA:39,0
DA:42,0
DA:44,0
DA:48,1
DA:59,0
DA:60,0
DA:178,0
LF:26
LH:9
BRDA:29,0,0,0
BRDA:29,0,1,0
BRDA:33,1,0,0
BRDA:33,1,1,0
BRDA:39,2,0,0
BRDA:39,2,1,0
BRDA:39,2,2,0
BRDA:51,3,0,0
BRDA:51,3,1,1
BRDA:67,4,0,0
BRDA:67,4,1,1
BRDA:72,5,0,0
BRDA:72,5,1,1
BRDA:81,6,0,0
BRDA:81,6,1,1
BRDA:88,7,0,0
BRDA:88,7,1,1
BRDA:95,8,0,0
BRDA:95,8,1,1
BRDA:100,9,0,0
BRDA:100,9,1,1
BRDA:105,10,0,0
BRDA:105,10,1,1
BRDA:112,11,0,0
BRDA:112,11,1,1
BRDA:120,12,0,1
BRDA:120,12,1,0
BRDA:123,13,0,0
BRDA:123,13,1,0
BRDA:132,14,0,1
BRDA:132,14,1,0
BRDA:135,15,0,0
BRDA:135,15,1,0
BRDA:144,16,0,0
BRDA:144,16,1,0
BRDA:150,17,0,0
BRDA:150,17,1,0
BRDA:165,18,0,0
BRDA:165,18,1,1
BRDA:181,19,0,0
BRDA:181,19,1,1
BRDA:192,20,0,0
BRDA:192,20,1,1
BRDA:197,21,0,0
BRDA:197,21,1,1
BRDA:205,22,0,0
BRDA:205,22,1,1
BRF:47
BRH:16
end_of_record
TN:
SF:src\pages\GitHubCallbackPage.jsx
FN:4,(anonymous_0)
FN:8,(anonymous_1)
FN:9,(anonymous_2)
FN:45,(anonymous_3)
FNF:4
FNH:3
FNDA:2,(anonymous_0)
FNDA:1,(anonymous_1)
FNDA:1,(anonymous_2)
FNDA:0,(anonymous_3)
DA:4,1
DA:5,2
DA:6,2
DA:8,2
DA:9,1
DA:10,1
DA:12,1
DA:13,1
DA:15,1
DA:16,0
DA:17,0
DA:18,0
DA:22,1
DA:29,1
DA:31,1
DA:36,1
DA:37,1
DA:40,1
DA:43,0
DA:44,0
DA:45,0
DA:46,0
DA:49,1
DA:53,1
DA:56,2
LF:25
LH:18
BRDA:15,0,0,0
BRDA:15,0,1,1
BRDA:29,1,0,1
BRDA:29,1,1,0
BRDA:59,2,0,1
BRDA:59,2,1,1
BRDA:66,3,0,0
BRDA:66,3,1,1
BRF:8
BRH:5
end_of_record
TN:
SF:src\pages\InterviewRoomPage.jsx
FN:15,(anonymous_0)
FN:17,(anonymous_1)
FN:45,(anonymous_2)
FN:68,(anonymous_3)
FN:78,(anonymous_4)
FN:85,(anonymous_5)
FN:92,(anonymous_6)
FN:107,(anonymous_7)
FN:118,(anonymous_8)
FN:122,(anonymous_9)
FN:133,(anonymous_10)
FN:142,(anonymous_11)
FN:172,(anonymous_12)
FN:262,(anonymous_13)
FN:301,(anonymous_14)
FN:309,(anonymous_15)
FN:333,(anonymous_16)
FN:353,(anonymous_17)
FN:354,(anonymous_18)
FN:367,(anonymous_19)
FN:380,(anonymous_20)
FN:385,(anonymous_21)
FN:389,(anonymous_22)
FN:401,(anonymous_23)
FN:407,(anonymous_24)
FN:423,(anonymous_25)
FN:466,(anonymous_26)
FN:469,(anonymous_27)
FN:470,(anonymous_28)
FN:483,(anonymous_29)
FN:497,(anonymous_30)
FN:511,(anonymous_31)
FN:523,(anonymous_32)
FN:531,(anonymous_33)
FN:541,(anonymous_34)
FN:566,(anonymous_35)
FN:574,(anonymous_36)
FN:576,(anonymous_37)
FN:591,(anonymous_38)
FN:659,(anonymous_39)
FN:781,(anonymous_40)
FN:803,(anonymous_41)
FN:804,(anonymous_42)
FN:847,(anonymous_43)
FNF:44
FNH:9
FNDA:2,(anonymous_0)
FNDA:2,(anonymous_1)
FNDA:2,(anonymous_2)
FNDA:1,(anonymous_3)
FNDA:1,(anonymous_4)
FNDA:1,(anonymous_5)
FNDA:0,(anonymous_6)
FNDA:0,(anonymous_7)
FNDA:0,(anonymous_8)
FNDA:1,(anonymous_9)
FNDA:0,(anonymous_10)
FNDA:1,(anonymous_11)
FNDA:0,(anonymous_12)
FNDA:0,(anonymous_13)
FNDA:0,(anonymous_14)
FNDA:0,(anonymous_15)
FNDA:0,(anonymous_16)
FNDA:0,(anonymous_17)
FNDA:0,(anonymous_18)
FNDA:0,(anonymous_19)
FNDA:0,(anonymous_20)
FNDA:0,(anonymous_21)
FNDA:0,(anonymous_22)
FNDA:0,(anonymous_23)
FNDA:0,(anonymous_24)
FNDA:0,(anonymous_25)
FNDA:0,(anonymous_26)
FNDA:0,(anonymous_27)
FNDA:0,(anonymous_28)
FNDA:0,(anonymous_29)
FNDA:0,(anonymous_30)
FNDA:0,(anonymous_31)
FNDA:0,(anonymous_32)
FNDA:0,(anonymous_33)
FNDA:0,(anonymous_34)
FNDA:0,(anonymous_35)
FNDA:1,(anonymous_36)
FNDA:0,(anonymous_37)
FNDA:0,(anonymous_38)
FNDA:0,(anonymous_39)
FNDA:0,(anonymous_40)
FNDA:0,(anonymous_41)
FNDA:0,(anonymous_42)
FNDA:0,(anonymous_43)
DA:15,1
DA:17,2
DA:18,2
DA:19,2
DA:20,2
DA:23,2
DA:25,2
DA:26,2
DA:27,2
DA:28,2
DA:29,2
DA:30,2
DA:31,2
DA:32,2
DA:33,2
DA:34,2
DA:35,2
DA:36,2
DA:38,2
DA:39,2
DA:40,2
DA:41,2
DA:42,2
DA:45,2
DA:46,2
DA:47,2
DA:48,2
DA:49,0
DA:50,0
DA:53,0
DA:55,2
DA:58,2
DA:61,2
DA:68,2
DA:69,1
DA:70,0
DA:71,0
DA:74,1
DA:75,1
DA:76,1
DA:78,1
DA:79,1
DA:80,1
DA:85,2
DA:86,1
DA:87,0
DA:90,0
DA:91,0
DA:92,0
DA:93,0
DA:98,0
DA:101,0
DA:102,0
DA:103,0
DA:105,0
DA:108,0
DA:109,0
DA:113,0
DA:118,0
DA:122,2
DA:123,1
DA:125,1
DA:129,1
DA:133,0
DA:134,0
DA:135,0
DA:138,0
DA:142,2
DA:144,1
DA:145,0
DA:146,0
DA:149,1
DA:151,1
DA:152,1
DA:157,0
DA:158,0
DA:166,0
DA:172,0
DA:173,0
DA:180,0
DA:183,0
DA:184,0
DA:185,0
DA:187,0
DA:188,0
DA:190,1
DA:191,1
DA:193,1
DA:197,1
DA:198,1
DA:200,1
DA:201,1
DA:203,1
DA:205,1
DA:207,1
DA:209,0
DA:213,0
DA:215,0
DA:219,0
DA:220,0
DA:224,0
DA:228,0
DA:231,0
DA:232,0
DA:233,0
DA:234,0
DA:242,0
DA:243,0
DA:244,0
DA:245,0
DA:246,0
DA:247,0
DA:249,0
DA:253,0
DA:257,1
DA:258,1
DA:262,2
DA:264,0
DA:265,0
DA:266,0
DA:269,0
DA:270,0
DA:272,0
DA:278,0
DA:279,0
DA:280,0
DA:284,0
DA:285,0
DA:288,0
DA:292,0
DA:301,0
DA:302,0
DA:303,0
DA:309,0
DA:310,0
DA:322,0
DA:324,0
DA:325,0
DA:329,0
DA:330,0
DA:333,0
DA:334,0
DA:341,0
DA:344,0
DA:345,0
DA:346,0
DA:347,0
DA:348,0
DA:351,0
DA:353,0
DA:355,0
DA:358,0
DA:360,0
DA:362,0
DA:367,0
DA:368,0
DA:369,0
DA:370,0
DA:375,0
DA:380,0
DA:381,0
DA:382,0
DA:385,0
DA:386,0
DA:389,0
DA:390,0
DA:393,0
DA:396,0
DA:399,0
DA:400,0
DA:401,0
DA:402,0
DA:407,2
DA:408,0
DA:409,0
DA:410,0
DA:411,0
DA:412,0
DA:413,0
DA:418,0
DA:419,0
DA:423,2
DA:424,0
DA:425,0
DA:426,0
DA:427,0
DA:430,0
DA:431,0
DA:435,0
DA:436,0
DA:437,0
DA:438,0
DA:441,0
DA:442,0
DA:443,0
DA:444,0
DA:448,0
DA:449,0
DA:450,0
DA:451,0
DA:454,0
DA:455,0
DA:458,0
DA:459,0
DA:460,0
DA:462,0
DA:466,0
DA:467,0
DA:468,0
DA:469,0
DA:471,0
DA:478,0
DA:479,0
DA:483,2
DA:484,0
DA:485,0
DA:486,0
DA:491,0
DA:493,0
DA:497,2
DA:499,0
DA:500,0
DA:503,0
DA:506,0
DA:511,0
DA:512,0
DA:513,0
DA:518,0
DA:519,0
DA:523,0
DA:526,0
DA:531,2
DA:532,0
DA:533,0
DA:534,0
DA:535,0
DA:536,0
DA:541,2
DA:542,0
DA:543,0
DA:544,0
DA:545,0
DA:546,0
DA:547,0
DA:548,0
DA:549,0
DA:556,0
DA:557,0
DA:562,0
DA:566,2
DA:567,0
DA:568,0
DA:574,2
DA:575,1
DA:576,0
DA:578,1
DA:579,0
DA:580,0
DA:582,1
DA:583,0
DA:584,0
DA:586,1
DA:587,1
DA:588,1
DA:591,2
DA:592,0
DA:593,0
DA:598,0
DA:599,0
DA:603,2
DA:659,0
DA:782,0
DA:803,0
DA:804,0
DA:847,0
LF:275
LH:78
BRDA:20,0,0,2
BRDA:20,0,1,0
BRDA:48,1,0,0
BRDA:48,1,1,2
BRDA:69,2,0,0
BRDA:69,2,1,1
BRDA:86,3,0,0
BRDA:86,3,1,1
BRDA:86,4,0,1
BRDA:86,4,1,0
BRDA:125,5,0,0
BRDA:125,5,1,1
BRDA:134,6,0,0
BRDA:134,6,1,0
BRDA:144,7,0,0
BRDA:144,7,1,1
BRDA:151,8,0,1
BRDA:151,8,1,0
BRDA:151,9,0,1
BRDA:151,9,1,0
BRDA:184,10,0,0
BRDA:184,10,1,0
BRDA:193,11,0,1
BRDA:193,11,1,0
BRDA:194,12,0,1
BRDA:194,12,1,1
BRDA:209,13,0,0
BRDA:209,13,1,0
BRDA:210,14,0,0
BRDA:210,14,1,0
BRDA:215,15,0,0
BRDA:215,15,1,0
BRDA:216,16,0,0
BRDA:216,16,1,0
BRDA:220,17,0,0
BRDA:220,17,1,0
BRDA:221,18,0,0
BRDA:221,18,1,0
BRDA:231,19,0,0
BRDA:231,19,1,0
BRDA:264,20,0,0
BRDA:264,20,1,0
BRDA:284,21,0,0
BRDA:284,21,1,0
BRDA:324,22,0,0
BRDA:324,22,1,0
BRDA:324,23,0,0
BRDA:324,23,1,0
BRDA:344,24,0,0
BRDA:344,24,1,0
BRDA:368,25,0,0
BRDA:368,25,1,0
BRDA:399,26,0,0
BRDA:399,26,1,0
BRDA:425,27,0,0
BRDA:425,27,1,0
BRDA:435,28,0,0
BRDA:435,28,1,0
BRDA:435,29,0,0
BRDA:435,29,1,0
BRDA:448,30,0,0
BRDA:448,30,1,0
BRDA:448,31,0,0
BRDA:448,31,1,0
BRDA:454,32,0,0
BRDA:454,32,1,0
BRDA:458,33,0,0
BRDA:458,33,1,0
BRDA:467,34,0,0
BRDA:467,34,1,0
BRDA:499,35,0,0
BRDA:499,35,1,0
BRDA:518,36,0,0
BRDA:518,36,1,0
BRDA:518,37,0,0
BRDA:518,37,1,0
BRDA:532,38,0,0
BRDA:532,38,1,0
BRDA:534,39,0,0
BRDA:534,39,1,0
BRDA:542,40,0,0
BRDA:542,40,1,0
BRDA:544,41,0,0
BRDA:544,41,1,0
BRDA:548,42,0,0
BRDA:548,42,1,0
BRDA:569,43,0,0
BRDA:569,43,1,0
BRDA:575,44,0,0
BRDA:575,44,1,1
BRDA:578,45,0,0
BRDA:578,45,1,1
BRDA:582,46,0,0
BRDA:582,46,1,1
BRDA:592,47,0,0
BRDA:592,47,1,0
BRDA:606,48,0,0
BRDA:606,48,1,2
BRDA:614,49,0,0
BRDA:614,49,1,2
BRDA:624,50,0,0
BRDA:624,50,1,2
BRDA:631,51,0,0
BRDA:631,51,1,2
BRDA:634,52,0,0
BRDA:634,52,1,2
BRDA:635,53,0,0
BRDA:635,53,1,0
BRDA:643,54,0,0
BRDA:643,54,1,2
BRDA:653,55,0,2
BRDA:653,55,1,1
BRDA:676,56,0,0
BRDA:676,56,1,2
BRDA:685,57,0,2
BRDA:685,57,1,2
BRDA:690,58,0,0
BRDA:690,58,1,2
BRDA:694,59,0,0
BRDA:694,59,1,2
BRDA:702,60,0,2
BRDA:702,60,1,0
BRDA:702,60,2,0
BRDA:702,60,3,0
BRDA:716,61,0,0
BRDA:716,61,1,0
BRDA:717,62,0,0
BRDA:717,62,1,0
BRDA:733,63,0,0
BRDA:733,63,1,2
BRDA:743,64,0,2
BRDA:743,64,1,0
BRDA:750,65,0,2
BRDA:750,65,1,0
BRDA:765,66,0,2
BRDA:765,66,1,0
BRDA:768,67,0,0
BRDA:768,67,1,0
BRDA:775,68,0,0
BRDA:775,68,1,0
BRDA:785,69,0,0
BRDA:785,69,1,0
BRDA:786,70,0,0
BRDA:786,70,1,0
BRDA:789,71,0,0
BRDA:789,71,1,0
BRDA:804,72,0,0
BRDA:804,72,1,0
BRDA:807,73,0,0
BRDA:807,73,1,0
BRDA:829,74,0,2
BRDA:829,74,1,0
BRDA:834,75,0,2
BRDA:834,75,1,0
BRDA:839,76,0,2
BRDA:839,76,1,0
BRDA:844,77,0,2
BRDA:844,77,1,0
BRF:158
BRH:37
end_of_record
TN:
SF:src\pages\JobPostsPage.jsx
FN:18,(anonymous_0)
FN:52,(anonymous_1)
FN:56,(anonymous_2)
FN:60,(anonymous_3)
FN:78,(anonymous_4)
FN:84,(anonymous_5)
FN:91,(anonymous_6)
FN:109,(anonymous_7)
FN:118,(anonymous_8)
FN:125,(anonymous_9)
FN:150,(anonymous_10)
FN:164,(anonymous_11)
FN:175,(anonymous_12)
FN:195,(anonymous_13)
FN:201,(anonymous_14)
FN:207,(anonymous_15)
FN:222,(anonymous_16)
FN:234,(anonymous_17)
FN:285,(anonymous_18)
FN:307,(anonymous_19)
FN:319,(anonymous_20)
FN:380,(anonymous_21)
FN:463,(anonymous_22)
FN:513,(anonymous_23)
FN:542,(anonymous_24)
FN:606,(anonymous_25)
FN:620,(anonymous_26)
FN:663,(anonymous_27)
FN:702,(anonymous_28)
FN:746,(anonymous_29)
FN:769,(anonymous_30)
FN:811,(anonymous_31)
FN:812,(anonymous_32)
FN:839,(anonymous_33)
FN:865,(anonymous_34)
FN:877,(anonymous_35)
FN:884,(anonymous_36)
FN:913,(anonymous_37)
FN:942,(anonymous_38)
FN:978,(anonymous_39)
FN:979,(anonymous_40)
FN:1006,(anonymous_41)
FN:1032,(anonymous_42)
FN:1044,(anonymous_43)
FN:1051,(anonymous_44)
FN:1079,(anonymous_45)
FN:1080,(anonymous_46)
FN:1108,(anonymous_47)
FN:1135,(anonymous_48)
FN:1147,(anonymous_49)
FN:1154,(anonymous_50)
FN:1180,(anonymous_51)
FN:1220,(anonymous_52)
FN:1285,(anonymous_53)
FN:1383,(anonymous_54)
FN:1433,(anonymous_55)
FN:1462,(anonymous_56)
FN:1488,(anonymous_57)
FN:1525,(anonymous_58)
FN:1556,(anonymous_59)
FN:1578,(anonymous_60)
FN:1600,(anonymous_61)
FN:1644,(anonymous_62)
FN:1645,(anonymous_63)
FN:1672,(anonymous_64)
FN:1698,(anonymous_65)
FN:1710,(anonymous_66)
FN:1717,(anonymous_67)
FN:1747,(anonymous_68)
FN:1777,(anonymous_69)
FN:1808,(anonymous_70)
FN:1809,(anonymous_71)
FN:1837,(anonymous_72)
FN:1863,(anonymous_73)
FN:1875,(anonymous_74)
FN:1882,(anonymous_75)
FN:1910,(anonymous_76)
FN:1913,(anonymous_77)
FN:1941,(anonymous_78)
FN:1968,(anonymous_79)
FN:1980,(anonymous_80)
FN:1987,(anonymous_81)
FN:2029,(anonymous_82)
FNF:83
FNH:6
FNDA:2,(anonymous_0)
FNDA:1,(anonymous_1)
FNDA:1,(anonymous_2)
FNDA:1,(anonymous_3)
FNDA:1,(anonymous_4)
FNDA:0,(anonymous_5)
FNDA:0,(anonymous_6)
FNDA:0,(anonymous_7)
FNDA:0,(anonymous_8)
FNDA:0,(anonymous_9)
FNDA:0,(anonymous_10)
FNDA:0,(anonymous_11)
FNDA:0,(anonymous_12)
FNDA:0,(anonymous_13)
FNDA:0,(anonymous_14)
FNDA:0,(anonymous_15)
FNDA:0,(anonymous_16)
FNDA:6,(anonymous_17)
FNDA:0,(anonymous_18)
FNDA:0,(anonymous_19)
FNDA:0,(anonymous_20)
FNDA:0,(anonymous_21)
FNDA:0,(anonymous_22)
FNDA:0,(anonymous_23)
FNDA:0,(anonymous_24)
FNDA:0,(anonymous_25)
FNDA:0,(anonymous_26)
FNDA:0,(anonymous_27)
FNDA:0,(anonymous_28)
FNDA:0,(anonymous_29)
FNDA:0,(anonymous_30)
FNDA:0,(anonymous_31)
FNDA:0,(anonymous_32)
FNDA:0,(anonymous_33)
FNDA:0,(anonymous_34)
FNDA:0,(anonymous_35)
FNDA:0,(anonymous_36)
FNDA:0,(anonymous_37)
FNDA:0,(anonymous_38)
FNDA:0,(anonymous_39)
FNDA:0,(anonymous_40)
FNDA:0,(anonymous_41)
FNDA:0,(anonymous_42)
FNDA:0,(anonymous_43)
FNDA:0,(anonymous_44)
FNDA:0,(anonymous_45)
FNDA:0,(anonymous_46)
FNDA:0,(anonymous_47)
FNDA:0,(anonymous_48)
FNDA:0,(anonymous_49)
FNDA:0,(anonymous_50)
FNDA:0,(anonymous_51)
FNDA:0,(anonymous_52)
FNDA:0,(anonymous_53)
FNDA:0,(anonymous_54)
FNDA:0,(anonymous_55)
FNDA:0,(anonymous_56)
FNDA:0,(anonymous_57)
FNDA:0,(anonymous_58)
FNDA:0,(anonymous_59)
FNDA:0,(anonymous_60)
FNDA:0,(anonymous_61)
FNDA:0,(anonymous_62)
FNDA:0,(anonymous_63)
FNDA:0,(anonymous_64)
FNDA:0,(anonymous_65)
FNDA:0,(anonymous_66)
FNDA:0,(anonymous_67)
FNDA:0,(anonymous_68)
FNDA:0,(anonymous_69)
FNDA:0,(anonymous_70)
FNDA:0,(anonymous_71)
FNDA:0,(anonymous_72)
FNDA:0,(anonymous_73)
FNDA:0,(anonymous_74)
FNDA:0,(anonymous_75)
FNDA:0,(anonymous_76)
FNDA:0,(anonymous_77)
FNDA:0,(anonymous_78)
FNDA:0,(anonymous_79)
FNDA:0,(anonymous_80)
FNDA:0,(anonymous_81)
FNDA:0,(anonymous_82)
DA:18,1
DA:19,2
DA:20,2
DA:21,2
DA:22,2
DA:25,2
DA:26,2
DA:27,2
DA:28,2
DA:29,2
DA:41,2
DA:42,2
DA:43,2
DA:44,2
DA:45,2
DA:46,2
DA:47,2
DA:48,2
DA:50,2
DA:52,2
DA:53,1
DA:56,2
DA:57,1
DA:60,2
DA:61,1
DA:62,1
DA:63,1
DA:69,0
DA:71,0
DA:72,0
DA:74,0
DA:78,2
DA:79,1
DA:81,1
DA:82,0
DA:83,0
DA:85,0
DA:91,1
DA:92,0
DA:94,0
DA:96,0
DA:98,0
DA:100,0
DA:102,0
DA:106,1
DA:109,2
DA:110,0
DA:111,0
DA:112,0
DA:118,0
DA:120,0
DA:125,2
DA:126,0
DA:127,0
DA:128,0
DA:129,0
DA:130,0
DA:137,0
DA:138,0
DA:150,0
DA:151,0
DA:152,0
DA:153,0
DA:156,0
DA:160,0
DA:164,2
DA:165,0
DA:166,0
DA:167,0
DA:168,0
DA:169,0
DA:174,0
DA:175,0
DA:176,0
DA:177,0
DA:178,0
DA:179,0
DA:182,0
DA:187,0
DA:191,2
DA:195,0
DA:201,0
DA:207,0
DA:212,2
DA:223,0
DA:224,0
DA:235,6
DA:236,6
DA:285,0
DA:307,0
DA:319,0
DA:381,0
DA:464,0
DA:514,0
DA:543,0
DA:607,0
DA:608,0
DA:621,0
DA:622,0
DA:629,0
DA:648,0
DA:649,0
DA:650,0
DA:651,0
DA:663,0
DA:703,0
DA:704,0
DA:705,0
DA:717,0
DA:718,0
DA:719,0
DA:747,0
DA:770,0
DA:811,0
DA:813,0
DA:814,0
DA:815,0
DA:816,0
DA:826,0
DA:840,0
DA:841,0
DA:851,0
DA:866,0
DA:878,0
DA:884,0
DA:914,0
DA:943,0
DA:978,0
DA:980,0
DA:981,0
DA:982,0
DA:983,0
DA:993,0
DA:1007,0
DA:1008,0
DA:1018,0
DA:1033,0
DA:1045,0
DA:1051,0
DA:1079,0
DA:1081,0
DA:1082,0
DA:1083,0
DA:1084,0
DA:1095,0
DA:1109,0
DA:1110,0
DA:1121,0
DA:1136,0
DA:1148,0
DA:1154,0
DA:1181,0
DA:1221,0
DA:1222,0
DA:1223,0
DA:1235,0
DA:1236,0
DA:1237,0
DA:1286,0
DA:1287,0
DA:1384,0
DA:1434,0
DA:1463,0
DA:1489,0
DA:1490,0
DA:1526,0
DA:1527,0
DA:1528,0
DA:1557,0
DA:1579,0
DA:1601,0
DA:1644,0
DA:1646,0
DA:1647,0
DA:1648,0
DA:1649,0
DA:1659,0
DA:1673,0
DA:1674,0
DA:1684,0
DA:1699,0
DA:1711,0
DA:1717,0
DA:1748,0
DA:1778,0
DA:1808,0
DA:1810,0
DA:1811,0
DA:1812,0
DA:1813,0
DA:1824,0
DA:1838,0
DA:1839,0
DA:1849,0
DA:1864,0
DA:1876,0
DA:1882,0
DA:1911,0
DA:1914,0
DA:1915,0
DA:1916,0
DA:1917,0
DA:1928,0
DA:1942,0
DA:1943,0
DA:1954,0
DA:1969,0
DA:1981,0
DA:1987,0
DA:2030,0
DA:2031,0
DA:2032,0
LF:212
LH:39
BRDA:81,0,0,0
BRDA:81,0,1,1
BRDA:85,1,0,0
BRDA:85,1,1,0
BRDA:85,1,2,0
BRDA:92,2,0,0
BRDA:92,2,1,0
BRDA:92,2,2,0
BRDA:92,2,3,0
BRDA:92,2,4,0
BRDA:100,3,0,0
BRDA:100,3,1,0
BRDA:100,4,0,0
BRDA:100,4,1,0
BRDA:110,5,0,0
BRDA:110,5,1,0
BRDA:157,6,0,0
BRDA:157,6,1,0
BRDA:183,7,0,0
BRDA:183,7,1,0
BRDA:201,8,0,0
BRDA:201,8,1,0
BRDA:207,9,0,0
BRDA:207,9,1,0
BRDA:215,10,0,0
BRDA:215,10,1,2
BRDA:240,11,0,0
BRDA:240,11,1,6
BRDA:257,12,0,0
BRDA:257,12,1,6
BRDA:264,13,0,0
BRDA:264,13,1,6
BRDA:278,14,0,0
BRDA:278,14,1,2
BRDA:287,15,0,0
BRDA:287,15,1,2
BRDA:300,16,0,0
BRDA:300,16,1,2
BRDA:309,17,0,0
BRDA:309,17,1,2
BRDA:321,18,0,0
BRDA:321,18,1,2
BRDA:336,19,0,2
BRDA:336,19,1,0
BRDA:340,20,0,0
BRDA:340,20,1,2
BRDA:344,21,0,0
BRDA:344,21,1,0
BRDA:347,22,0,0
BRDA:347,22,1,0
BRDA:355,23,0,0
BRDA:355,23,1,0
BRDA:360,24,0,0
BRDA:360,24,1,0
BRDA:363,25,0,0
BRDA:363,25,1,0
BRDA:368,26,0,0
BRDA:368,26,1,0
BRDA:384,27,0,0
BRDA:384,27,1,0
BRDA:399,28,0,0
BRDA:399,28,1,0
BRDA:407,29,0,0
BRDA:407,29,1,0
BRDA:410,30,0,0
BRDA:410,30,1,0
BRDA:417,31,0,0
BRDA:417,31,1,0
BRDA:420,32,0,0
BRDA:420,32,1,0
BRDA:431,33,0,0
BRDA:431,33,1,0
BRDA:438,34,0,0
BRDA:438,34,1,0
BRDA:441,35,0,0
BRDA:441,35,1,0
BRDA:446,36,0,0
BRDA:446,36,1,0
BRDA:452,37,0,0
BRDA:452,37,1,0
BRDA:456,38,0,0
BRDA:456,38,1,0
BRDA:467,39,0,0
BRDA:467,39,1,0
BRDA:480,40,0,0
BRDA:480,40,1,0
BRDA:483,41,0,0
BRDA:483,41,1,0
BRDA:491,42,0,0
BRDA:491,42,1,0
BRDA:494,43,0,0
BRDA:494,43,1,0
BRDA:502,44,0,0
BRDA:502,44,1,0
BRDA:506,45,0,0
BRDA:506,45,1,0
BRDA:517,46,0,0
BRDA:517,46,1,0
BRDA:530,47,0,0
BRDA:530,47,1,0
BRDA:535,48,0,0
BRDA:535,48,1,0
BRDA:546,49,0,0
BRDA:546,49,1,0
BRDA:565,50,0,0
BRDA:565,50,1,0
BRDA:569,51,0,0
BRDA:569,51,1,0
BRDA:576,52,0,0
BRDA:576,52,1,0
BRDA:583,53,0,0
BRDA:583,53,1,0
BRDA:587,54,0,0
BRDA:587,54,1,0
BRDA:594,55,0,0
BRDA:594,55,1,0
BRDA:612,56,0,0
BRDA:612,56,1,0
BRDA:630,57,0,0
BRDA:630,57,1,0
BRDA:631,58,0,0
BRDA:631,58,1,0
BRDA:632,59,0,0
BRDA:632,59,1,0
BRDA:633,60,0,0
BRDA:633,60,1,0
BRDA:638,61,0,0
BRDA:638,61,1,0
BRDA:640,62,0,0
BRDA:640,62,1,0
BRDA:642,63,0,0
BRDA:642,63,1,0
BRDA:655,64,0,0
BRDA:655,64,1,0
BRDA:665,65,0,0
BRDA:665,65,1,0
BRDA:683,66,0,2
BRDA:683,66,1,0
BRDA:687,67,0,0
BRDA:687,67,1,0
BRDA:696,68,0,0
BRDA:696,68,1,0
BRDA:722,69,0,0
BRDA:722,69,1,0
BRDA:737,70,0,0
BRDA:737,70,1,0
BRDA:751,71,0,0
BRDA:751,71,1,0
BRDA:761,72,0,0
BRDA:761,72,1,0
BRDA:775,73,0,0
BRDA:775,73,1,0
BRDA:785,74,0,0
BRDA:785,74,1,0
BRDA:792,75,0,0
BRDA:792,75,1,0
BRDA:802,76,0,0
BRDA:802,76,1,0
BRDA:813,77,0,0
BRDA:813,77,1,0
BRDA:815,78,0,0
BRDA:815,78,1,0
BRDA:832,79,0,0
BRDA:832,79,1,0
BRDA:840,80,0,0
BRDA:840,80,1,0
BRDA:855,81,0,0
BRDA:855,81,1,0
BRDA:869,82,0,0
BRDA:869,82,1,0
BRDA:903,83,0,0
BRDA:903,83,1,0
BRDA:919,84,0,0
BRDA:919,84,1,0
BRDA:924,85,0,0
BRDA:924,85,1,0
BRDA:935,86,0,0
BRDA:935,86,1,0
BRDA:952,87,0,0
BRDA:952,87,1,0
BRDA:969,88,0,0
BRDA:969,88,1,0
BRDA:980,89,0,0
BRDA:980,89,1,0
BRDA:982,90,0,0
BRDA:982,90,1,0
BRDA:999,91,0,0
BRDA:999,91,1,0
BRDA:1007,92,0,0
BRDA:1007,92,1,0
BRDA:1022,93,0,0
BRDA:1022,93,1,0
BRDA:1036,94,0,0
BRDA:1036,94,1,0
BRDA:1070,95,0,0
BRDA:1070,95,1,0
BRDA:1081,96,0,0
BRDA:1081,96,1,0
BRDA:1083,97,0,0
BRDA:1083,97,1,0
BRDA:1101,98,0,0
BRDA:1101,98,1,0
BRDA:1109,99,0,0
BRDA:1109,99,1,0
BRDA:1125,100,0,0
BRDA:1125,100,1,0
BRDA:1139,101,0,0
BRDA:1139,101,1,0
BRDA:1173,102,0,0
BRDA:1173,102,1,0
BRDA:1184,103,0,0
BRDA:1184,103,1,0
BRDA:1194,104,0,0
BRDA:1194,104,1,0
BRDA:1197,105,0,0
BRDA:1197,105,1,0
BRDA:1198,106,0,0
BRDA:1198,106,1,0
BRDA:1201,107,0,0
BRDA:1201,107,1,0
BRDA:1214,108,0,0
BRDA:1214,108,1,0
BRDA:1240,109,0,0
BRDA:1240,109,1,0
BRDA:1251,110,0,0
BRDA:1251,110,1,0
BRDA:1256,111,0,0
BRDA:1256,111,1,0
BRDA:1266,112,0,2
BRDA:1266,112,1,0
BRDA:1266,112,2,0
BRDA:1270,113,0,0
BRDA:1270,113,1,0
BRDA:1279,114,0,0
BRDA:1279,114,1,0
BRDA:1290,115,0,0
BRDA:1290,115,1,0
BRDA:1304,116,0,0
BRDA:1304,116,1,0
BRDA:1311,117,0,0
BRDA:1311,117,1,0
BRDA:1321,118,0,0
BRDA:1321,118,1,0
BRDA:1328,119,0,0
BRDA:1328,119,1,0
BRDA:1338,120,0,0
BRDA:1338,120,1,0
BRDA:1345,121,0,0
BRDA:1345,121,1,0
BRDA:1346,122,0,0
BRDA:1346,122,1,0
BRDA:1349,123,0,0
BRDA:1349,123,1,0
BRDA:1358,124,0,0
BRDA:1358,124,1,0
BRDA:1361,125,0,0
BRDA:1361,125,1,0
BRDA:1366,126,0,0
BRDA:1366,126,1,0
BRDA:1372,127,0,0
BRDA:1372,127,1,0
BRDA:1376,128,0,0
BRDA:1376,128,1,0
BRDA:1387,129,0,0
BRDA:1387,129,1,0
BRDA:1400,130,0,0
BRDA:1400,130,1,0
BRDA:1403,131,0,0
BRDA:1403,131,1,0
BRDA:1411,132,0,0
BRDA:1411,132,1,0
BRDA:1414,133,0,0
BRDA:1414,133,1,0
BRDA:1422,134,0,0
BRDA:1422,134,1,0
BRDA:1426,135,0,0
BRDA:1426,135,1,0
BRDA:1437,136,0,0
BRDA:1437,136,1,0
BRDA:1450,137,0,0
BRDA:1450,137,1,0
BRDA:1455,138,0,0
BRDA:1455,138,1,0
BRDA:1466,139,0,0
BRDA:1466,139,1,0
BRDA:1484,140,0,0
BRDA:1484,140,1,0
BRDA:1493,141,0,0
BRDA:1493,141,1,0
BRDA:1506,142,0,2
BRDA:1506,142,1,0
BRDA:1506,142,2,0
BRDA:1510,143,0,0
BRDA:1510,143,1,0
BRDA:1519,144,0,0
BRDA:1519,144,1,0
BRDA:1531,145,0,0
BRDA:1531,145,1,0
BRDA:1547,146,0,0
BRDA:1547,146,1,0
BRDA:1560,147,0,0
BRDA:1560,147,1,0
BRDA:1570,148,0,0
BRDA:1570,148,1,0
BRDA:1583,149,0,0
BRDA:1583,149,1,0
BRDA:1593,150,0,0
BRDA:1593,150,1,0
BRDA:1604,151,0,0
BRDA:1604,151,1,0
BRDA:1615,152,0,0
BRDA:1615,152,1,0
BRDA:1618,153,0,0
BRDA:1618,153,1,0
BRDA:1625,154,0,0
BRDA:1625,154,1,0
BRDA:1635,155,0,0
BRDA:1635,155,1,0
BRDA:1646,156,0,0
BRDA:1646,156,1,0
BRDA:1648,157,0,0
BRDA:1648,157,1,0
BRDA:1665,158,0,0
BRDA:1665,158,1,0
BRDA:1673,159,0,0
BRDA:1673,159,1,0
BRDA:1688,160,0,0
BRDA:1688,160,1,0
BRDA:1702,161,0,0
BRDA:1702,161,1,0
BRDA:1736,162,0,0
BRDA:1736,162,1,0
BRDA:1745,163,0,0
BRDA:1745,163,1,0
BRDA:1753,164,0,0
BRDA:1753,164,1,0
BRDA:1758,165,0,0
BRDA:1758,165,1,0
BRDA:1769,166,0,0
BRDA:1769,166,1,0
BRDA:1776,167,0,0
BRDA:1776,167,1,0
BRDA:1788,168,0,0
BRDA:1788,168,1,0
BRDA:1799,169,0,0
BRDA:1799,169,1,0
BRDA:1810,170,0,0
BRDA:1810,170,1,0
BRDA:1812,171,0,0
BRDA:1812,171,1,0
BRDA:1830,172,0,0
BRDA:1830,172,1,0
BRDA:1838,173,0,0
BRDA:1838,173,1,0
BRDA:1853,174,0,0
BRDA:1853,174,1,0
BRDA:1867,175,0,0
BRDA:1867,175,1,0
BRDA:1901,176,0,0
BRDA:1901,176,1,0
BRDA:1914,177,0,0
BRDA:1914,177,1,0
BRDA:1916,178,0,0
BRDA:1916,178,1,0
BRDA:1934,179,0,0
BRDA:1934,179,1,0
BRDA:1942,180,0,0
BRDA:1942,180,1,0
BRDA:1958,181,0,0
BRDA:1958,181,1,0
BRDA:1972,182,0,0
BRDA:1972,182,1,0
BRDA:2004,183,0,0
BRDA:2004,183,1,0
BRDA:2007,184,0,0
BRDA:2007,184,1,0
BRDA:2008,185,0,0
BRDA:2008,185,1,0
BRDA:2011,186,0,0
BRDA:2011,186,1,0
BRDA:2023,187,0,0
BRDA:2023,187,1,0
BRDA:2035,188,0,0
BRDA:2035,188,1,0
BRDA:2046,189,0,0
BRDA:2046,189,1,0
BRDA:2051,190,0,0
BRDA:2051,190,1,0
BRDA:2106,191,0,0
BRDA:2106,191,1,2
BRDA:2113,192,0,0
BRDA:2113,192,1,2
BRDA:2120,193,0,0
BRDA:2120,193,1,2
BRF:394
BRH:18
end_of_record
TN:
SF:src\pages\LandingPage.jsx
FN:4,(anonymous_0)
FN:67,(anonymous_1)
FN:147,(anonymous_2)
FN:203,(anonymous_3)
FNF:4
FNH:4
FNDA:4,(anonymous_0)
FNDA:1,(anonymous_1)
FNDA:16,(anonymous_2)
FNDA:12,(anonymous_3)
DA:4,2
DA:5,4
DA:9,4
DA:40,4
DA:68,1
DA:69,1
DA:148,16
DA:149,16
DA:204,12
LF:9
LH:9
BRDA:43,0,0,1
BRDA:43,0,1,3
BRDA:54,1,0,1
BRDA:54,1,1,3
BRDA:59,2,0,1
BRDA:59,2,1,3
BRDA:78,3,0,1
BRDA:78,3,1,3
BRDA:93,4,0,1
BRDA:93,4,1,3
BRDA:99,5,0,1
BRDA:99,5,1,3
BRDA:111,6,0,1
BRDA:111,6,1,3
BRDA:126,7,0,1
BRDA:126,7,1,3
BRDA:136,8,0,1
BRDA:136,8,1,3
BRDA:153,9,0,4
BRDA:153,9,1,12
BRDA:160,10,0,4
BRDA:160,10,1,12
BRDA:172,11,0,4
BRDA:172,11,1,12
BRDA:179,12,0,4
BRDA:179,12,1,12
BRDA:193,13,0,1
BRDA:193,13,1,3
BRDA:208,14,0,3
BRDA:208,14,1,9
BRDA:217,15,0,3
BRDA:217,15,1,9
BRDA:231,16,0,1
BRDA:231,16,1,3
BRDA:239,17,0,1
BRDA:239,17,1,3
BRF:36
BRH:36
end_of_record
TN:
SF:src\pages\LinkedInCallbackPage.jsx
FN:4,(anonymous_0)
FN:8,(anonymous_1)
FN:9,(anonymous_2)
FN:43,(anonymous_3)
FNF:4
FNH:3
FNDA:2,(anonymous_0)
FNDA:1,(anonymous_1)
FNDA:1,(anonymous_2)
FNDA:0,(anonymous_3)
DA:4,1
DA:5,2
DA:6,2
DA:8,2
DA:9,1
DA:10,1
DA:11,1
DA:12,1
DA:14,1
DA:15,0
DA:16,0
DA:17,0
DA:20,1
DA:22,1
DA:30,1
DA:31,1
DA:36,1
DA:37,1
DA:38,1
DA:41,0
DA:42,0
DA:43,0
DA:44,0
DA:47,1
DA:51,1
DA:54,2
LF:26
LH:19
BRDA:14,0,0,0
BRDA:14,0,1,1
BRDA:30,1,0,1
BRDA:30,1,1,0
BRDA:57,2,0,1
BRDA:57,2,1,1
BRDA:64,3,0,0
BRDA:64,3,1,1
BRF:8
BRH:5
end_of_record
TN:
SF:src\pages\ProfilePage.jsx
FN:18,(anonymous_0)
FN:45,(anonymous_1)
FN:57,(anonymous_2)
FN:61,(anonymous_3)
FN:65,(anonymous_4)
FN:84,(anonymous_5)
FN:86,(anonymous_6)
FN:92,(anonymous_7)
FN:96,(anonymous_8)
FN:100,(anonymous_9)
FN:127,(anonymous_10)
FN:154,(anonymous_11)
FN:171,(anonymous_12)
FN:180,(anonymous_13)
FN:203,(anonymous_14)
FN:211,(anonymous_15)
FN:248,(anonymous_16)
FN:329,(anonymous_17)
FN:800,(anonymous_18)
FN:835,(anonymous_19)
FN:870,(anonymous_20)
FN:924,(anonymous_21)
FN:980,(anonymous_22)
FNF:23
FNH:5
FNDA:2,(anonymous_0)
FNDA:1,(anonymous_1)
FNDA:1,(anonymous_2)
FNDA:1,(anonymous_3)
FNDA:1,(anonymous_4)
FNDA:0,(anonymous_5)
FNDA:0,(anonymous_6)
FNDA:0,(anonymous_7)
FNDA:0,(anonymous_8)
FNDA:0,(anonymous_9)
FNDA:0,(anonymous_10)
FNDA:0,(anonymous_11)
FNDA:0,(anonymous_12)
FNDA:0,(anonymous_13)
FNDA:0,(anonymous_14)
FNDA:0,(anonymous_15)
FNDA:0,(anonymous_16)
FNDA:0,(anonymous_17)
FNDA:0,(anonymous_18)
FNDA:0,(anonymous_19)
FNDA:0,(anonymous_20)
FNDA:0,(anonymous_21)
FNDA:0,(anonymous_22)
DA:18,1
DA:19,2
DA:30,2
DA:31,2
DA:32,2
DA:33,2
DA:34,2
DA:35,2
DA:36,2
DA:37,2
DA:38,2
DA:39,2
DA:43,2
DA:45,2
DA:46,1
DA:47,1
DA:48,0
DA:49,0
DA:50,0
DA:52,0
DA:57,2
DA:58,1
DA:61,2
DA:62,1
DA:65,2
DA:66,1
DA:67,1
DA:68,1
DA:74,0
DA:75,0
DA:77,0
DA:78,0
DA:80,0
DA:84,2
DA:85,0
DA:86,0
DA:92,2
DA:93,0
DA:96,2
DA:97,0
DA:100,2
DA:101,0
DA:103,0
DA:104,0
DA:112,0
DA:113,0
DA:116,0
DA:119,0
DA:121,0
DA:122,0
DA:127,2
DA:128,0
DA:130,0
DA:131,0
DA:139,0
DA:140,0
DA:143,0
DA:146,0
DA:148,0
DA:149,0
DA:154,2
DA:155,0
DA:156,0
DA:157,0
DA:158,0
DA:168,0
DA:169,0
DA:170,0
DA:171,0
DA:173,0
DA:174,0
DA:176,0
DA:180,2
DA:181,0
DA:182,0
DA:183,0
DA:184,0
DA:187,0
DA:188,0
DA:189,0
DA:190,0
DA:192,0
DA:203,0
DA:209,0
DA:210,0
DA:211,0
DA:213,0
DA:214,0
DA:216,0
DA:220,2
DA:221,1
DA:238,1
DA:249,0
DA:250,0
DA:329,0
DA:801,0
DA:836,0
DA:871,0
DA:925,0
DA:981,0
LF:100
LH:34
BRDA:47,0,0,0
BRDA:47,0,1,1
BRDA:50,1,0,0
BRDA:50,1,1,0
BRDA:103,2,0,0
BRDA:103,2,1,0
BRDA:112,3,0,0
BRDA:112,3,1,0
BRDA:121,4,0,0
BRDA:121,4,1,0
BRDA:130,5,0,0
BRDA:130,5,1,0
BRDA:139,6,0,0
BRDA:139,6,1,0
BRDA:148,7,0,0
BRDA:148,7,1,0
BRDA:182,8,0,0
BRDA:182,8,1,0
BRDA:214,9,0,0
BRDA:214,9,1,0
BRDA:220,10,0,1
BRDA:220,10,1,1
BRDA:224,11,0,0
BRDA:224,11,1,1
BRDA:231,12,0,0
BRDA:231,12,1,1
BRDA:241,13,0,0
BRDA:241,13,1,1
BRDA:258,14,0,2
BRDA:258,14,1,0
BRDA:261,15,0,0
BRDA:261,15,1,0
BRDA:270,16,0,2
BRDA:270,16,1,0
BRDA:273,17,0,0
BRDA:273,17,1,0
BRDA:286,18,0,0
BRDA:286,18,1,1
BRDA:294,19,0,0
BRDA:294,19,1,1
BRDA:303,20,0,0
BRDA:303,20,1,1
BRDA:308,21,0,0
BRDA:308,21,1,1
BRDA:314,22,0,0
BRDA:314,22,1,1
BRDA:321,23,0,0
BRDA:321,23,1,1
BRDA:331,24,0,0
BRDA:331,24,1,1
BRDA:332,25,0,0
BRDA:332,25,1,0
BRDA:335,26,0,0
BRDA:335,26,1,1
BRDA:340,27,0,0
BRDA:340,27,1,1
BRDA:353,28,0,0
BRDA:353,28,1,1
BRDA:367,29,0,0
BRDA:367,29,1,1
BRDA:369,30,0,0
BRDA:369,30,1,0
BRDA:374,31,0,0
BRDA:374,31,1,1
BRDA:386,32,0,0
BRDA:386,32,1,1
BRDA:400,33,0,0
BRDA:400,33,1,1
BRDA:402,34,0,0
BRDA:402,34,1,0
BRDA:407,35,0,0
BRDA:407,35,1,1
BRDA:419,36,0,0
BRDA:419,36,1,1
BRDA:430,37,0,0
BRDA:430,37,1,1
BRDA:441,38,0,0
BRDA:441,38,1,1
BRDA:452,39,0,0
BRDA:452,39,1,1
BRDA:461,40,0,2
BRDA:461,40,1,0
BRDA:466,41,0,0
BRDA:466,41,1,0
BRDA:471,42,0,0
BRDA:471,42,1,0
BRDA:481,43,0,0
BRDA:481,43,1,1
BRDA:489,44,0,0
BRDA:489,44,1,1
BRDA:497,45,0,0
BRDA:497,45,1,1
BRDA:502,46,0,0
BRDA:502,46,1,1
BRDA:508,47,0,0
BRDA:508,47,1,1
BRDA:515,48,0,0
BRDA:515,48,1,1
BRDA:527,49,0,0
BRDA:527,49,1,1
BRDA:530,50,0,0
BRDA:530,50,1,0
BRDA:538,51,0,0
BRDA:538,51,1,0
BRDA:543,52,0,0
BRDA:543,52,1,0
BRDA:552,53,0,0
BRDA:552,53,1,0
BRDA:562,54,0,0
BRDA:562,54,1,0
BRDA:570,55,0,0
BRDA:570,55,1,0
BRDA:573,56,0,0
BRDA:573,56,1,0
BRDA:590,57,0,0
BRDA:590,57,1,1
BRDA:598,58,0,0
BRDA:598,58,1,1
BRDA:612,59,0,0
BRDA:612,59,1,1
BRDA:619,60,0,0
BRDA:619,60,1,1
BRDA:622,61,0,0
BRDA:622,61,1,1
BRDA:628,62,0,0
BRDA:628,62,1,1
BRDA:639,63,0,2
BRDA:639,63,1,0
BRDA:641,64,0,0
BRDA:641,64,1,1
BRDA:646,65,0,0
BRDA:646,65,1,1
BRDA:653,66,0,2
BRDA:653,66,1,1
BRDA:653,66,2,0
BRDA:656,67,0,0
BRDA:656,67,1,0
BRDA:664,68,0,0
BRDA:664,68,1,0
BRDA:672,69,0,0
BRDA:672,69,1,0
BRDA:677,70,0,0
BRDA:677,70,1,0
BRDA:683,71,0,0
BRDA:683,71,1,0
BRDA:690,72,0,0
BRDA:690,72,1,0
BRDA:704,73,0,0
BRDA:704,73,1,0
BRDA:707,74,0,0
BRDA:707,74,1,0
BRDA:714,75,0,0
BRDA:714,75,1,0
BRDA:722,76,0,0
BRDA:722,76,1,0
BRDA:730,77,0,0
BRDA:730,77,1,0
BRDA:733,78,0,0
BRDA:733,78,1,0
BRDA:740,79,0,0
BRDA:740,79,1,0
BRDA:748,80,0,0
BRDA:748,80,1,0
BRDA:756,81,0,0
BRDA:756,81,1,0
BRDA:759,82,0,0
BRDA:759,82,1,0
BRDA:766,83,0,0
BRDA:766,83,1,0
BRDA:774,84,0,0
BRDA:774,84,1,0
BRDA:785,85,0,0
BRDA:785,85,1,0
BRDA:785,85,2,0
BRDA:790,86,0,0
BRDA:790,86,1,0
BRDA:795,87,0,0
BRDA:795,87,1,0
BRDA:804,88,0,0
BRDA:804,88,1,0
BRDA:817,89,0,0
BRDA:817,89,1,0
BRDA:817,89,2,0
BRDA:822,90,0,0
BRDA:822,90,1,0
BRDA:828,91,0,0
BRDA:828,91,1,0
BRDA:839,92,0,0
BRDA:839,92,1,0
BRDA:853,93,0,0
BRDA:853,93,1,0
BRDA:853,93,2,0
BRDA:858,94,0,0
BRDA:858,94,1,0
BRDA:864,95,0,0
BRDA:864,95,1,0
BRDA:874,96,0,0
BRDA:874,96,1,0
BRDA:881,97,0,0
BRDA:881,97,1,0
BRDA:888,98,0,0
BRDA:888,98,1,0
BRDA:895,99,0,0
BRDA:895,99,1,0
BRDA:907,100,0,0
BRDA:907,100,1,0
BRDA:907,100,2,0
BRDA:912,101,0,0
BRDA:912,101,1,0
BRDA:918,102,0,0
BRDA:918,102,1,0
BRDA:928,103,0,0
BRDA:928,103,1,0
BRDA:935,104,0,0
BRDA:935,104,1,0
BRDA:942,105,0,0
BRDA:942,105,1,0
BRDA:947,106,0,0
BRDA:947,106,1,0
BRDA:950,107,0,0
BRDA:950,107,1,0
BRDA:963,108,0,0
BRDA:963,108,1,0
BRDA:963,108,2,0
BRDA:968,109,0,0
BRDA:968,109,1,0
BRDA:974,110,0,0
BRDA:974,110,1,0
BRDA:984,111,0,0
BRDA:984,111,1,0
BRDA:991,112,0,0
BRDA:991,112,1,0
BRDA:996,113,0,0
BRDA:996,113,1,0
BRF:234
BRH:46
end_of_record
TN:
SF:src\pages\RecruiterAnalyticsPage.jsx
FN:12,(anonymous_0)
FN:21,(anonymous_1)
FN:25,(anonymous_2)
FN:38,(anonymous_3)
FN:39,(anonymous_4)
FN:71,(anonymous_5)
FN:170,(anonymous_6)
FN:241,(anonymous_7)
FN:341,(anonymous_8)
FN:343,(anonymous_9)
FN:419,(anonymous_10)
FNF:11
FNH:8
FNDA:2,(anonymous_0)
FNDA:1,(anonymous_1)
FNDA:1,(anonymous_2)
FNDA:1,(anonymous_3)
FNDA:1,(anonymous_4)
FNDA:0,(anonymous_5)
FNDA:0,(anonymous_6)
FNDA:4,(anonymous_7)
FNDA:4,(anonymous_8)
FNDA:16,(anonymous_9)
FNDA:0,(anonymous_10)
DA:12,1
DA:13,2
DA:16,2
DA:17,2
DA:18,2
DA:19,2
DA:21,2
DA:22,1
DA:25,2
DA:26,1
DA:27,1
DA:28,0
DA:29,0
DA:30,0
DA:32,0
DA:38,2
DA:39,1
DA:40,1
DA:41,1
DA:42,1
DA:44,1
DA:45,1
DA:46,1
DA:47,1
DA:50,0
DA:61,0
DA:62,0
DA:65,0
DA:68,0
DA:72,0
DA:91,0
DA:96,0
DA:104,1
DA:105,1
DA:107,0
DA:108,0
DA:110,1
DA:114,1
DA:118,2
DA:158,2
DA:160,2
DA:171,0
DA:172,0
DA:242,4
DA:243,4
DA:342,4
DA:343,16
DA:346,4
DA:420,0
LF:49
LH:32
BRDA:27,0,0,0
BRDA:27,0,1,1
BRDA:30,1,0,0
BRDA:30,1,1,0
BRDA:44,2,0,1
BRDA:44,2,1,0
BRDA:61,3,0,0
BRDA:61,3,1,0
BRDA:69,4,0,0
BRDA:69,4,1,0
BRDA:70,5,0,1
BRDA:70,5,1,0
BRDA:71,6,0,1
BRDA:71,6,1,0
BRDA:91,7,0,0
BRDA:91,7,1,0
BRDA:158,8,0,2
BRDA:158,8,1,2
BRDA:163,9,0,0
BRDA:163,9,1,2
BRDA:183,10,0,0
BRDA:183,10,1,2
BRDA:190,11,0,0
BRDA:190,11,1,2
BRDA:197,12,0,0
BRDA:197,12,1,2
BRDA:205,13,0,2
BRDA:205,13,1,1
BRDA:209,14,0,0
BRDA:209,14,1,1
BRDA:214,15,0,0
BRDA:214,15,1,1
BRDA:223,16,0,2
BRDA:223,16,1,1
BRDA:223,16,2,1
BRDA:226,17,0,0
BRDA:226,17,1,1
BRDA:237,18,0,2
BRDA:237,18,1,1
BRDA:247,19,0,0
BRDA:247,19,1,4
BRDA:264,20,0,0
BRDA:264,20,1,4
BRDA:272,21,0,0
BRDA:272,21,1,4
BRDA:279,22,0,1
BRDA:279,22,1,3
BRDA:280,23,0,0
BRDA:280,23,1,1
BRDA:283,24,0,0
BRDA:283,24,1,3
BRDA:284,25,0,0
BRDA:284,25,1,0
BRDA:287,26,0,0
BRDA:287,26,1,3
BRDA:306,27,0,0
BRDA:306,27,1,1
BRDA:320,28,0,0
BRDA:320,28,1,1
BRDA:325,29,0,0
BRDA:325,29,1,1
BRDA:333,30,0,0
BRDA:333,30,1,1
BRDA:351,31,0,0
BRDA:351,31,1,4
BRDA:358,32,0,0
BRDA:358,32,1,4
BRDA:366,33,0,0
BRDA:366,33,1,4
BRDA:385,34,0,0
BRDA:385,34,1,1
BRDA:398,35,0,0
BRDA:398,35,1,1
BRDA:402,36,0,0
BRDA:402,36,1,1
BRDA:410,37,0,0
BRDA:410,37,1,1
BRDA:418,38,0,0
BRDA:418,38,1,1
BRDA:423,39,0,0
BRDA:423,39,1,0
BRDA:431,40,0,0
BRDA:431,40,1,0
BRDA:433,41,0,0
BRDA:433,41,1,0
BRDA:435,42,0,0
BRDA:435,42,1,0
BRDA:442,43,0,0
BRDA:442,43,1,0
BRDA:450,44,0,0
BRDA:450,44,1,0
BRDA:463,45,0,0
BRDA:463,45,1,1
BRF:93
BRH:41
end_of_record
TN:
SF:src\pages\RecruiterCandidatesPage.jsx
FN:13,(anonymous_0)
FN:34,(anonymous_1)
FN:38,(anonymous_2)
FN:50,(anonymous_3)
FN:54,(anonymous_4)
FN:58,(anonymous_5)
FN:76,(anonymous_6)
FN:83,(anonymous_7)
FN:94,(anonymous_8)
FN:112,(anonymous_9)
FN:122,(anonymous_10)
FN:157,(anonymous_11)
FN:163,(anonymous_12)
FN:178,(anonymous_13)
FN:190,(anonymous_14)
FN:252,(anonymous_15)
FN:271,(anonymous_16)
FN:321,(anonymous_17)
FN:434,(anonymous_18)
FN:457,(anonymous_19)
FN:485,(anonymous_20)
FN:491,(anonymous_21)
FN:510,(anonymous_22)
FNF:23
FNH:8
FNDA:2,(anonymous_0)
FNDA:1,(anonymous_1)
FNDA:1,(anonymous_2)
FNDA:1,(anonymous_3)
FNDA:1,(anonymous_4)
FNDA:1,(anonymous_5)
FNDA:1,(anonymous_6)
FNDA:0,(anonymous_7)
FNDA:0,(anonymous_8)
FNDA:0,(anonymous_9)
FNDA:0,(anonymous_10)
FNDA:0,(anonymous_11)
FNDA:0,(anonymous_12)
FNDA:0,(anonymous_13)
FNDA:6,(anonymous_14)
FNDA:0,(anonymous_15)
FNDA:0,(anonymous_16)
FNDA:0,(anonymous_17)
FNDA:0,(anonymous_18)
FNDA:0,(anonymous_19)
FNDA:0,(anonymous_20)
FNDA:0,(anonymous_21)
FNDA:0,(anonymous_22)
DA:13,1
DA:14,2
DA:15,2
DA:16,2
DA:17,2
DA:20,2
DA:21,2
DA:22,2
DA:23,2
DA:24,2
DA:29,2
DA:30,2
DA:32,2
DA:34,2
DA:35,1
DA:38,2
DA:39,1
DA:40,1
DA:41,0
DA:42,0
DA:43,0
DA:45,0
DA:50,2
DA:51,1
DA:54,2
DA:55,1
DA:58,2
DA:59,1
DA:60,1
DA:61,1
DA:67,0
DA:69,0
DA:70,0
DA:72,0
DA:76,2
DA:77,1
DA:80,1
DA:81,0
DA:82,0
DA:84,0
DA:94,1
DA:95,0
DA:97,0
DA:99,0
DA:101,0
DA:105,0
DA:109,1
DA:112,2
DA:113,0
DA:114,0
DA:119,0
DA:122,2
DA:123,0
DA:124,0
DA:125,0
DA:127,0
DA:128,0
DA:129,0
DA:130,0
DA:131,0
DA:136,0
DA:137,0
DA:140,0
DA:141,0
DA:143,0
DA:147,2
DA:157,0
DA:163,0
DA:168,2
DA:179,0
DA:180,0
DA:191,6
DA:192,6
DA:252,0
DA:271,0
DA:322,0
DA:434,0
DA:457,0
DA:486,0
DA:491,0
DA:510,0
LF:81
LH:37
BRDA:40,0,0,0
BRDA:40,0,1,1
BRDA:43,1,0,0
BRDA:43,1,1,0
BRDA:80,2,0,0
BRDA:80,2,1,1
BRDA:84,3,0,0
BRDA:84,3,1,0
BRDA:84,3,2,0
BRDA:84,3,3,0
BRDA:84,3,4,0
BRDA:84,3,5,0
BRDA:84,3,6,0
BRDA:84,3,7,0
BRDA:95,4,0,0
BRDA:95,4,1,0
BRDA:95,4,2,0
BRDA:95,4,3,0
BRDA:97,5,0,0
BRDA:97,5,1,0
BRDA:97,6,0,0
BRDA:97,6,1,0
BRDA:101,7,0,0
BRDA:101,7,1,0
BRDA:102,8,0,0
BRDA:102,8,1,0
BRDA:123,9,0,0
BRDA:123,9,1,0
BRDA:140,10,0,0
BRDA:140,10,1,0
BRDA:171,11,0,0
BRDA:171,11,1,2
BRDA:196,12,0,0
BRDA:196,12,1,6
BRDA:213,13,0,0
BRDA:213,13,1,6
BRDA:220,14,0,0
BRDA:220,14,1,6
BRDA:234,15,0,0
BRDA:234,15,1,2
BRDA:245,16,0,0
BRDA:245,16,1,2
BRDA:254,17,0,0
BRDA:254,17,1,2
BRDA:266,18,0,0
BRDA:266,18,1,2
BRDA:273,19,0,0
BRDA:273,19,1,2
BRDA:287,20,0,2
BRDA:287,20,1,0
BRDA:291,21,0,0
BRDA:291,21,1,2
BRDA:295,22,0,0
BRDA:295,22,1,0
BRDA:298,23,0,0
BRDA:298,23,1,0
BRDA:306,24,0,0
BRDA:306,24,1,0
BRDA:311,25,0,0
BRDA:311,25,1,0
BRDA:314,26,0,0
BRDA:314,26,1,0
BRDA:325,27,0,0
BRDA:325,27,1,0
BRDA:340,28,0,0
BRDA:340,28,1,0
BRDA:350,29,0,0
BRDA:350,29,1,0
BRDA:356,30,0,0
BRDA:356,30,1,0
BRDA:359,31,0,0
BRDA:359,31,1,0
BRDA:368,32,0,0
BRDA:368,32,1,0
BRDA:380,33,0,0
BRDA:380,33,1,0
BRDA:387,34,0,0
BRDA:387,34,1,0
BRDA:390,35,0,0
BRDA:390,35,1,0
BRDA:391,36,0,0
BRDA:391,36,1,0
BRDA:394,37,0,0
BRDA:394,37,1,0
BRDA:395,38,0,0
BRDA:395,38,1,0
BRDA:398,39,0,0
BRDA:398,39,1,0
BRDA:406,40,0,0
BRDA:406,40,1,0
BRDA:409,41,0,0
BRDA:409,41,1,0
BRDA:425,42,0,0
BRDA:425,42,1,0
BRDA:436,43,0,0
BRDA:436,43,1,0
BRDA:453,44,0,2
BRDA:453,44,1,0
BRDA:461,45,0,0
BRDA:461,45,1,0
BRDA:468,46,0,0
BRDA:468,46,1,0
BRDA:477,47,0,0
BRDA:477,47,1,0
BRDA:493,48,0,0
BRDA:493,48,1,0
BRDA:499,49,0,0
BRDA:499,49,1,0
BRDA:502,50,0,0
BRDA:502,50,1,0
BRDA:512,51,0,0
BRDA:512,51,1,0
BRDA:523,52,0,0
BRDA:523,52,1,0
BRDA:528,53,0,0
BRDA:528,53,1,0
BRF:116
BRH:14
end_of_record
TN:
SF:src\pages\RecruiterInterviewsPage.jsx
FN:15,(anonymous_0)
FN:29,(anonymous_1)
FN:35,(anonymous_2)
FN:36,(anonymous_3)
FN:39,(anonymous_4)
FN:42,(anonymous_5)
FN:46,(anonymous_6)
FN:59,(anonymous_7)
FN:63,(anonymous_8)
FN:98,(anonymous_9)
FN:104,(anonymous_10)
FN:106,(anonymous_11)
FN:122,(anonymous_12)
FN:137,(anonymous_13)
FN:139,(anonymous_14)
FN:147,(anonymous_15)
FN:164,(anonymous_16)
FN:170,(anonymous_17)
FN:191,(anonymous_18)
FN:229,(anonymous_19)
FN:254,(anonymous_20)
FN:316,(anonymous_21)
FN:335,(anonymous_22)
FN:375,(anonymous_23)
FN:467,(anonymous_24)
FN:479,(anonymous_25)
FNF:26
FNH:11
FNDA:1,(anonymous_0)
FNDA:1,(anonymous_1)
FNDA:1,(anonymous_2)
FNDA:0,(anonymous_3)
FNDA:1,(anonymous_4)
FNDA:1,(anonymous_5)
FNDA:1,(anonymous_6)
FNDA:1,(anonymous_7)
FNDA:0,(anonymous_8)
FNDA:0,(anonymous_9)
FNDA:1,(anonymous_10)
FNDA:1,(anonymous_11)
FNDA:0,(anonymous_12)
FNDA:1,(anonymous_13)
FNDA:0,(anonymous_14)
FNDA:0,(anonymous_15)
FNDA:0,(anonymous_16)
FNDA:0,(anonymous_17)
FNDA:0,(anonymous_18)
FNDA:0,(anonymous_19)
FNDA:3,(anonymous_20)
FNDA:0,(anonymous_21)
FNDA:0,(anonymous_22)
FNDA:0,(anonymous_23)
FNDA:0,(anonymous_24)
FNDA:0,(anonymous_25)
DA:15,1
DA:16,1
DA:17,1
DA:18,1
DA:21,1
DA:22,1
DA:23,1
DA:24,1
DA:25,1
DA:26,1
DA:29,1
DA:30,1
DA:31,0
DA:35,1
DA:36,1
DA:37,0
DA:39,1
DA:42,1
DA:43,1
DA:46,1
DA:47,1
DA:48,1
DA:49,0
DA:50,0
DA:51,0
DA:53,0
DA:59,1
DA:60,1
DA:62,0
DA:63,0
DA:64,0
DA:65,0
DA:66,0
DA:69,0
DA:74,0
DA:80,0
DA:82,0
DA:86,0
DA:90,0
DA:97,0
DA:98,0
DA:104,1
DA:105,1
DA:106,1
DA:107,1
DA:108,1
DA:114,0
DA:116,0
DA:119,1
DA:122,1
DA:123,0
DA:124,0
DA:126,0
DA:127,0
DA:128,0
DA:129,0
DA:131,0
DA:132,0
DA:133,0
DA:137,1
DA:138,1
DA:139,1
DA:140,0
DA:141,0
DA:142,0
DA:143,0
DA:147,1
DA:148,0
DA:156,0
DA:157,0
DA:160,1
DA:164,0
DA:170,0
DA:181,1
DA:192,0
DA:193,0
DA:230,0
DA:234,0
DA:255,3
DA:256,3
DA:316,0
DA:335,0
DA:376,0
DA:468,0
DA:469,0
DA:472,0
DA:473,0
DA:474,0
DA:476,0
DA:477,0
DA:480,0
DA:492,0
LF:92
LH:37
BRDA:30,0,0,0
BRDA:30,0,1,1
BRDA:30,1,0,1
BRDA:30,1,1,0
BRDA:48,2,0,0
BRDA:48,2,1,1
BRDA:51,3,0,0
BRDA:51,3,1,0
BRDA:60,4,0,1
BRDA:60,4,1,0
BRDA:69,5,0,0
BRDA:69,5,1,0
BRDA:69,5,2,0
BRDA:69,5,3,0
BRDA:74,6,0,0
BRDA:74,6,1,0
BRDA:75,7,0,0
BRDA:75,7,1,0
BRDA:75,7,2,0
BRDA:82,8,0,0
BRDA:82,8,1,0
BRDA:86,9,0,0
BRDA:86,9,1,0
BRDA:114,10,0,0
BRDA:114,10,1,0
BRDA:116,11,0,0
BRDA:116,11,1,0
BRDA:124,12,0,0
BRDA:124,12,1,0
BRDA:131,13,0,0
BRDA:131,13,1,0
BRDA:132,14,0,0
BRDA:132,14,1,0
BRDA:143,15,0,0
BRDA:143,15,1,0
BRDA:148,16,0,0
BRDA:148,16,1,0
BRDA:149,17,0,0
BRDA:149,17,1,0
BRDA:152,18,0,0
BRDA:152,18,1,0
BRDA:156,19,0,0
BRDA:156,19,1,0
BRDA:157,20,0,0
BRDA:157,20,1,0
BRDA:184,21,0,0
BRDA:184,21,1,1
BRDA:202,22,0,1
BRDA:202,22,1,0
BRDA:205,23,0,0
BRDA:205,23,1,0
BRDA:213,24,0,0
BRDA:213,24,1,0
BRDA:218,25,0,0
BRDA:218,25,1,0
BRDA:224,26,0,0
BRDA:224,26,1,0
BRDA:238,27,0,0
BRDA:238,27,1,0
BRDA:242,28,0,0
BRDA:242,28,1,0
BRDA:260,29,0,0
BRDA:260,29,1,3
BRDA:277,30,0,0
BRDA:277,30,1,3
BRDA:284,31,0,0
BRDA:284,31,1,3
BRDA:298,32,0,0
BRDA:298,32,1,1
BRDA:309,33,0,0
BRDA:309,33,1,1
BRDA:318,34,0,0
BRDA:318,34,1,1
BRDA:330,35,0,0
BRDA:330,35,1,1
BRDA:337,36,0,0
BRDA:337,36,1,1
BRDA:352,37,0,1
BRDA:352,37,1,0
BRDA:355,38,0,0
BRDA:355,38,1,1
BRDA:363,39,0,0
BRDA:363,39,1,1
BRDA:368,40,0,0
BRDA:368,40,1,1
BRDA:379,41,0,0
BRDA:379,41,1,0
BRDA:396,42,0,0
BRDA:396,42,1,0
BRDA:401,43,0,0
BRDA:401,43,1,0
BRDA:411,44,0,0
BRDA:411,44,1,0
BRDA:419,45,0,0
BRDA:419,45,1,0
BRDA:429,46,0,0
BRDA:429,46,1,0
BRDA:442,47,0,0
BRDA:442,47,1,0
BRDA:443,48,0,0
BRDA:443,48,1,0
BRDA:446,49,0,0
BRDA:446,49,1,0
BRDA:457,50,0,0
BRDA:457,50,1,0
BRDA:474,51,0,0
BRDA:474,51,1,0
BRDA:476,52,0,0
BRDA:476,52,1,0
BRDA:483,53,0,0
BRDA:483,53,1,0
BRDA:496,54,0,0
BRDA:496,54,1,0
BRF:113
BRH:18
end_of_record
TN:
SF:src\pages\ResetPasswordPage.jsx
FN:7,(anonymous_0)
FN:18,(anonymous_1)
FN:32,(anonymous_2)
FN:60,(anonymous_3)
FN:85,(anonymous_4)
FN:190,(anonymous_5)
FN:217,(anonymous_6)
FNF:7
FNH:2
FNDA:1,(anonymous_0)
FNDA:1,(anonymous_1)
FNDA:0,(anonymous_2)
FNDA:0,(anonymous_3)
FNDA:0,(anonymous_4)
FNDA:0,(anonymous_5)
FNDA:0,(anonymous_6)
DA:7,1
DA:8,1
DA:9,1
DA:10,1
DA:11,1
DA:12,1
DA:13,1
DA:14,1
DA:18,1
DA:19,1
DA:20,1
DA:21,1
DA:22,1
DA:23,0
DA:24,0
DA:25,0
DA:28,0
DA:32,1
DA:33,0
DA:34,0
DA:35,0
DA:37,0
DA:38,0
DA:39,0
DA:42,0
DA:43,0
DA:44,0
DA:47,0
DA:48,0
DA:49,0
DA:52,0
DA:54,0
DA:55,0
DA:59,0
DA:60,0
DA:61,0
DA:64,0
DA:66,0
DA:69,0
DA:71,0
DA:75,1
DA:86,0
DA:87,0
DA:190,0
DA:217,0
LF:45
LH:15
BRDA:20,0,0,1
BRDA:20,0,1,1
BRDA:22,1,0,0
BRDA:22,1,1,1
BRDA:24,2,0,0
BRDA:24,2,1,0
BRDA:37,3,0,0
BRDA:37,3,1,0
BRDA:42,4,0,0
BRDA:42,4,1,0
BRDA:47,5,0,0
BRDA:47,5,1,0
BRDA:59,6,0,0
BRDA:59,6,1,0
BRDA:66,7,0,0
BRDA:66,7,1,0
BRDA:66,7,2,0
BRDA:78,8,0,0
BRDA:78,8,1,1
BRDA:94,9,0,0
BRDA:94,9,1,1
BRDA:99,10,0,0
BRDA:99,10,1,1
BRDA:108,11,0,0
BRDA:108,11,1,1
BRDA:115,12,0,0
BRDA:115,12,1,1
BRDA:122,13,0,0
BRDA:122,13,1,1
BRDA:127,14,0,0
BRDA:127,14,1,1
BRDA:132,15,0,0
BRDA:132,15,1,1
BRDA:139,16,0,0
BRDA:139,16,1,1
BRDA:147,17,0,1
BRDA:147,17,1,0
BRDA:150,18,0,0
BRDA:150,18,1,0
BRDA:159,19,0,1
BRDA:159,19,1,0
BRDA:162,20,0,0
BRDA:162,20,1,0
BRDA:177,21,0,0
BRDA:177,21,1,1
BRDA:193,22,0,0
BRDA:193,22,1,1
BRDA:204,23,0,0
BRDA:204,23,1,1
BRDA:220,24,0,0
BRDA:220,24,1,1
BRDA:231,25,0,0
BRDA:231,25,1,1
BRDA:236,26,0,0
BRDA:236,26,1,1
BRDA:244,27,0,0
BRDA:244,27,1,1
BRF:57
BRH:21
end_of_record
TN:
SF:src\pages\SignInPage.jsx
FN:8,(anonymous_0)
FN:20,(anonymous_1)
FN:36,(anonymous_2)
FN:46,(anonymous_3)
FN:50,(anonymous_4)
FN:59,(anonymous_5)
FN:66,(anonymous_6)
FN:76,(anonymous_7)
FN:102,(anonymous_8)
FN:131,(anonymous_9)
FN:166,(anonymous_10)
FN:278,(anonymous_11)
FN:317,(anonymous_12)
FN:327,(anonymous_13)
FNF:14
FNH:2
FNDA:1,(anonymous_0)
FNDA:0,(anonymous_1)
FNDA:0,(anonymous_2)
FNDA:0,(anonymous_3)
FNDA:0,(anonymous_4)
FNDA:0,(anonymous_5)
FNDA:0,(anonymous_6)
FNDA:0,(anonymous_7)
FNDA:0,(anonymous_8)
FNDA:1,(anonymous_9)
FNDA:0,(anonymous_10)
FNDA:0,(anonymous_11)
FNDA:0,(anonymous_12)
FNDA:0,(anonymous_13)
DA:8,1
DA:9,1
DA:10,1
DA:11,1
DA:12,1
DA:13,1
DA:14,1
DA:15,1
DA:18,1
DA:20,1
DA:21,0
DA:22,0
DA:26,0
DA:27,0
DA:32,0
DA:33,0
DA:35,0
DA:36,0
DA:37,0
DA:41,0
DA:42,0
DA:46,1
DA:47,0
DA:50,1
DA:53,0
DA:54,0
DA:55,0
DA:59,1
DA:60,0
DA:61,0
DA:62,0
DA:63,0
DA:66,1
DA:67,0
DA:68,0
DA:69,0
DA:70,0
DA:73,0
DA:76,1
DA:77,0
DA:78,0
DA:79,0
DA:80,0
DA:82,0
DA:83,0
DA:88,0
DA:89,0
DA:90,0
DA:91,0
DA:93,0
DA:97,0
DA:98,0
DA:99,0
DA:102,0
DA:103,0
DA:107,0
DA:109,0
DA:110,0
DA:111,0
DA:112,0
DA:113,0
DA:114,0
DA:115,0
DA:117,0
DA:121,0
DA:122,0
DA:124,0
DA:127,0
DA:131,1
DA:132,1
DA:133,1
DA:134,1
DA:135,1
DA:136,0
DA:137,0
DA:138,0
DA:139,0
DA:140,0
DA:141,0
DA:142,0
DA:146,0
DA:147,0
DA:148,0
DA:156,1
DA:167,0
DA:168,0
DA:278,0
DA:317,0
DA:327,0
LF:89
LH:21
BRDA:26,0,0,0
BRDA:26,0,1,0
BRDA:54,1,0,0
BRDA:54,1,1,0
BRDA:88,2,0,0
BRDA:88,2,1,0
BRDA:89,3,0,0
BRDA:89,3,1,0
BRDA:95,4,0,0
BRDA:95,4,1,0
BRDA:98,5,0,0
BRDA:98,5,1,0
BRDA:109,6,0,0
BRDA:109,6,1,0
BRDA:110,7,0,0
BRDA:110,7,1,0
BRDA:111,8,0,0
BRDA:111,8,1,0
BRDA:112,9,0,0
BRDA:112,9,1,0
BRDA:114,10,0,0
BRDA:114,10,1,0
BRDA:121,11,0,0
BRDA:121,11,1,0
BRDA:124,12,0,0
BRDA:124,12,1,0
BRDA:133,13,0,1
BRDA:133,13,1,1
BRDA:135,14,0,0
BRDA:135,14,1,1
BRDA:140,15,0,0
BRDA:140,15,1,0
BRDA:143,16,0,0
BRDA:143,16,1,0
BRDA:144,17,0,0
BRDA:144,17,1,0
BRDA:159,18,0,0
BRDA:159,18,1,1
BRDA:176,19,0,0
BRDA:176,19,1,1
BRDA:181,20,0,0
BRDA:181,20,1,1
BRDA:191,21,0,0
BRDA:191,21,1,1
BRDA:199,22,0,0
BRDA:199,22,1,1
BRDA:206,23,0,0
BRDA:206,23,1,1
BRDA:211,24,0,0
BRDA:211,24,1,1
BRDA:216,25,0,0
BRDA:216,25,1,1
BRDA:223,26,0,0
BRDA:223,26,1,1
BRDA:233,27,0,1
BRDA:233,27,1,0
BRDA:236,28,0,0
BRDA:236,28,1,0
BRDA:245,29,0,1
BRDA:245,29,1,0
BRDA:248,30,0,0
BRDA:248,30,1,0
BRDA:265,31,0,0
BRDA:265,31,1,1
BRDA:281,32,0,0
BRDA:281,32,1,1
BRDA:294,33,0,0
BRDA:294,33,1,1
BRDA:303,34,0,0
BRDA:303,34,1,1
BRDA:313,35,0,0
BRDA:313,35,1,1
BRDA:320,36,0,0
BRDA:320,36,1,1
BRDA:329,37,0,0
BRDA:329,37,1,1
BRDA:334,38,0,0
BRDA:334,38,1,1
BRDA:344,39,0,0
BRDA:344,39,1,1
BRDA:349,40,0,0
BRDA:349,40,1,1
BRDA:357,41,0,0
BRDA:357,41,1,1
BRDA:362,42,0,0
BRDA:362,42,1,1
BRDA:369,43,0,0
BRDA:369,43,1,1
BRDA:397,44,0,0
BRDA:397,44,1,1
BRDA:427,45,0,0
BRDA:427,45,1,1
BRDA:444,46,0,0
BRDA:444,46,1,1
BRDA:464,47,0,0
BRDA:464,47,1,1
BRDA:471,48,0,0
BRDA:471,48,1,1
BRDA:478,49,0,0
BRDA:478,49,1,1
BRF:100
BRH:33
end_of_record
TN:
SF:src\pages\SignUpPage.jsx
FN:8,(anonymous_0)
FN:25,(anonymous_1)
FN:30,(anonymous_2)
FN:37,(anonymous_3)
FN:72,(anonymous_4)
FN:117,(anonymous_5)
FN:221,(anonymous_6)
FN:239,(anonymous_7)
FN:334,(anonymous_8)
FN:362,(anonymous_9)
FN:391,(anonymous_10)
FN:401,(anonymous_11)
FN:432,(anonymous_12)
FN:442,(anonymous_13)
FNF:14
FNH:2
FNDA:1,(anonymous_0)
FNDA:0,(anonymous_1)
FNDA:0,(anonymous_2)
FNDA:0,(anonymous_3)
FNDA:0,(anonymous_4)
FNDA:0,(anonymous_5)
FNDA:2,(anonymous_6)
FNDA:0,(anonymous_7)
FNDA:0,(anonymous_8)
FNDA:0,(anonymous_9)
FNDA:0,(anonymous_10)
FNDA:0,(anonymous_11)
FNDA:0,(anonymous_12)
FNDA:0,(anonymous_13)
DA:8,1
DA:9,1
DA:10,1
DA:11,1
DA:12,1
DA:13,1
DA:14,1
DA:15,1
DA:16,1
DA:17,1
DA:18,1
DA:19,1
DA:20,1
DA:21,1
DA:25,1
DA:26,0
DA:27,0
DA:28,0
DA:29,0
DA:30,0
DA:31,0
DA:33,0
DA:37,1
DA:38,0
DA:39,0
DA:40,0
DA:42,0
DA:43,0
DA:44,0
DA:47,0
DA:49,0
DA:50,0
DA:51,0
DA:52,0
DA:53,0
DA:54,0
DA:55,0
DA:56,0
DA:59,0
DA:69,0
DA:70,0
DA:72,0
DA:73,0
DA:76,0
DA:79,0
DA:81,0
DA:82,0
DA:83,0
DA:84,0
DA:85,0
DA:88,0
DA:89,0
DA:90,0
DA:91,0
DA:93,0
DA:97,0
DA:98,0
DA:100,0
DA:103,0
DA:107,1
DA:118,0
DA:119,0
DA:222,2
DA:239,0
DA:334,0
DA:362,0
DA:391,0
DA:401,0
DA:432,0
DA:443,0
LF:70
LH:18
BRDA:27,0,0,0
BRDA:27,0,1,0
BRDA:42,1,0,0
BRDA:42,1,1,0
BRDA:55,2,0,0
BRDA:55,2,1,0
BRDA:69,3,0,0
BRDA:69,3,1,0
BRDA:70,4,0,0
BRDA:70,4,1,0
BRDA:81,5,0,0
BRDA:81,5,1,0
BRDA:82,6,0,0
BRDA:82,6,1,0
BRDA:82,7,0,0
BRDA:82,7,1,0
BRDA:86,8,0,0
BRDA:86,8,1,0
BRDA:88,9,0,0
BRDA:88,9,1,0
BRDA:90,10,0,0
BRDA:90,10,1,0
BRDA:97,11,0,0
BRDA:97,11,1,0
BRDA:100,12,0,0
BRDA:100,12,1,0
BRDA:110,13,0,0
BRDA:110,13,1,1
BRDA:127,14,0,0
BRDA:127,14,1,1
BRDA:132,15,0,0
BRDA:132,15,1,1
BRDA:142,16,0,0
BRDA:142,16,1,1
BRDA:150,17,0,0
BRDA:150,17,1,1
BRDA:157,18,0,0
BRDA:157,18,1,1
BRDA:162,19,0,0
BRDA:162,19,1,1
BRDA:167,20,0,0
BRDA:167,20,1,1
BRDA:174,21,0,0
BRDA:174,21,1,1
BRDA:184,22,0,1
BRDA:184,22,1,0
BRDA:187,23,0,0
BRDA:187,23,1,0
BRDA:196,24,0,1
BRDA:196,24,1,0
BRDA:199,25,0,0
BRDA:199,25,1,0
BRDA:215,26,0,0
BRDA:215,26,1,1
BRDA:225,27,0,1
BRDA:225,27,1,1
BRDA:226,28,0,0
BRDA:226,28,1,1
BRDA:229,29,0,0
BRDA:229,29,1,1
BRDA:242,30,0,1
BRDA:242,30,1,1
BRDA:252,31,0,0
BRDA:252,31,1,1
BRDA:267,32,0,0
BRDA:267,32,1,1
BRDA:272,33,0,0
BRDA:272,33,1,1
BRDA:281,34,0,0
BRDA:281,34,1,0
BRDA:291,35,0,0
BRDA:291,35,1,1
BRDA:298,36,0,0
BRDA:298,36,1,1
BRDA:305,37,0,0
BRDA:305,37,1,1
BRDA:321,38,0,0
BRDA:321,38,1,1
BRDA:337,39,0,0
BRDA:337,39,1,1
BRDA:349,40,0,0
BRDA:349,40,1,1
BRDA:365,41,0,0
BRDA:365,41,1,1
BRDA:377,42,0,0
BRDA:377,42,1,1
BRDA:387,43,0,0
BRDA:387,43,1,1
BRDA:394,44,0,0
BRDA:394,44,1,1
BRDA:403,45,0,0
BRDA:403,45,1,1
BRDA:408,46,0,0
BRDA:408,46,1,1
BRDA:418,47,0,0
BRDA:418,47,1,1
BRDA:428,48,0,0
BRDA:428,48,1,1
BRDA:435,49,0,0
BRDA:435,49,1,1
BRDA:446,50,0,0
BRDA:446,50,1,1
BRDA:451,51,0,0
BRDA:451,51,1,1
BRDA:465,52,0,0
BRDA:465,52,1,1
BRDA:470,53,0,0
BRDA:470,53,1,1
BRDA:478,54,0,0
BRDA:478,54,1,1
BRDA:485,55,0,0
BRDA:485,55,1,1
BRDA:492,56,0,0
BRDA:492,56,1,1
BRDA:511,57,0,0
BRDA:511,57,1,1
BRF:116
BRH:44
end_of_record
